#########################
Running start QwenCoderTurbo-MapCoder-APPS-Python3-0.0-1, Time: 2025-11-26 13:22:01.318415
##########################

--- Starting run_single_pass ---
Task ID: 1626
--- Planning Iteration 1 of 4 ---
--- Generating Final Code ---
--- Code Improvement Iteration 1 of 4 ---
--- Code Failed, Improving ---
Feedback: failed in test case: {'input': '1', 'output': [1]}
failed in test case: {'input': '2', 'output': [1]}
failed in test case: {'input': '3', 'output': [2]}

--- Code Improvement Iteration 2 of 4 ---
--- Code Failed, Improving ---
Feedback: failed in test case: {'input': '1', 'output': [1]}
failed in test case: {'input': '2', 'output': [1]}
failed in test case: {'input': '3', 'output': [2]}

--- Code Improvement Iteration 3 of 4 ---
--- Code Failed, Improving ---
Feedback: failed in test case: {'input': '1', 'output': [1]}
failed in test case: {'input': '2', 'output': [1]}
failed in test case: {'input': '3', 'output': [2]}

--- Code Improvement Iteration 4 of 4 ---
--- Code Failed, Improving ---
Feedback: failed in test case: {'input': '1', 'output': [1]}
failed in test case: {'input': '2', 'output': [1]}
failed in test case: {'input': '3', 'output': [2]}

--- Ending run_single_pass ---
Final Code: 
Total Prompt Tokens: 0
Total Completion Tokens: 0
________________________


--- Starting run_single_pass ---
Task ID: 1621
--- Planning Iteration 1 of 4 ---
--- Generating Final Code ---
--- Code Improvement Iteration 1 of 4 ---
--- Code Failed, Improving ---
Feedback: failed in test case: {'input': '4\n[1, 2]', 'output': [3]}
failed in test case: {'input': '10\n[5, 2, 3]', 'output': [4]}
failed in test case: {'input': '11\n[5, 7]', 'output': [0]}

--- Code Improvement Iteration 2 of 4 ---
--- Code Failed, Improving ---
Feedback: failed in test case: {'input': '4\n[1, 2]', 'output': [3]}
failed in test case: {'input': '10\n[5, 2, 3]', 'output': [4]}
failed in test case: {'input': '11\n[5, 7]', 'output': [0]}

--- Code Improvement Iteration 3 of 4 ---
--- Code Failed, Improving ---
Feedback: failed in test case: {'input': '4\n[1, 2]', 'output': [3]}
failed in test case: {'input': '10\n[5, 2, 3]', 'output': [4]}
failed in test case: {'input': '11\n[5, 7]', 'output': [0]}

--- Code Improvement Iteration 4 of 4 ---
--- Code Failed, Improving ---
Feedback: failed in test case: {'input': '4\n[1, 2]', 'output': [3]}
failed in test case: {'input': '10\n[5, 2, 3]', 'output': [4]}
failed in test case: {'input': '11\n[5, 7]', 'output': [0]}

--- Ending run_single_pass ---
Final Code: 
import sys
import ast
import re

def count_change(amount: int, coins):
    """
    Return the number of unordered ways to make `amount` using an unlimited
    supply of the denominations given in `coins`.
    """
    # Ensure denominations are unique and processed in increasing order
    coins = sorted(set(coins))
    # dp[i] = number of ways to make amount i
    dp = [0] * (amount + 1)
    dp[0] = 1
    for c in coins:
        for x in range(c, amount + 1):
            dp[x] += dp[x - c]
    return dp[amount]

def _parse_coins_line(line: str):
    """
    Try to interpret the line as a Python literal (e.g. [1,2]),
    otherwise extract all integers it contains.
    """
    line = line.strip()
    if not line:
        return []
    try:
        return ast.literal_eval(line)
    except Exception:
        # Fallback: extract any integers (including negative) from the line
        return [int(tok) for tok in re.findall(r'-?\d+', line)]

def main():
    # Read the whole input, split into non‑empty lines
    data = sys.stdin.read().splitlines()
    data = [ln for ln in data if ln.strip()]
    if not data:
        return

    # The first non‑empty line must contain the amount
    amount = int(data[0].strip())

    # The remaining lines (if any) contain the coin list.
    # We join them in case the list spans multiple lines.
    if len(data) > 1:
        coin_line = ' '.join(data[1:])
    else:
        # If there is only one line, the coin list may follow the amount on the same line.
        tokens = data[0].split()
        coin_line = ' '.join(tokens[1:]) if len(tokens) > 1 else ''

    coins = _parse_coins_line(coin_line)

    result = count_change(amount, coins)
    print(result)

if __name__ == "__main__":
    main()



Total Prompt Tokens: 0
Total Completion Tokens: 0
________________________


--- Starting run_single_pass ---
Task ID: 1665
--- Planning Iteration 1 of 4 ---
--- Generating Final Code ---
--- Code Improvement Iteration 1 of 4 ---
--- Code Failed, Improving ---
Feedback: failed in test case: {'input': '[1, 1, 1]\n[2, 2, 2]', 'output': [True]}
failed in test case: {'input': '[1, [1, 1]]\n[2, [2, 2]]', 'output': [True]}
failed in test case: {'input': '[1, [1, 1]]\n[[2, 2], 2]', 'output': [False]}
failed in test case: {'input': '[1, [1, 1]]\n[[2], 2]', 'output': [False]}
failed in test case: {'input': '[[[], []]]\n[[[], []]]', 'output': [True]}
failed in test case: {'input': '[[[], []]]\n[[1, 1]]', 'output': [False]}

--- Code Improvement Iteration 2 of 4 ---
--- Code Failed, Improving ---
Feedback: failed in test case: {'input': '[1, 1, 1]\n[2, 2, 2]', 'output': [True]}
failed in test case: {'input': '[1, [1, 1]]\n[2, [2, 2]]', 'output': [True]}
failed in test case: {'input': '[1, [1, 1]]\n[[2, 2], 2]', 'output': [False]}
failed in test case: {'input': '[1, [1, 1]]\n[[2], 2]', 'output': [False]}
failed in test case: {'input': '[[[], []]]\n[[[], []]]', 'output': [True]}
failed in test case: {'input': '[[[], []]]\n[[1, 1]]', 'output': [False]}

--- Code Improvement Iteration 3 of 4 ---
--- Code Failed, Improving ---
Feedback: failed in test case: {'input': '[1, 1, 1]\n[2, 2, 2]', 'output': [True]}
failed in test case: {'input': '[1, [1, 1]]\n[2, [2, 2]]', 'output': [True]}
failed in test case: {'input': '[1, [1, 1]]\n[[2, 2], 2]', 'output': [False]}
failed in test case: {'input': '[1, [1, 1]]\n[[2], 2]', 'output': [False]}
failed in test case: {'input': '[[[], []]]\n[[[], []]]', 'output': [True]}
failed in test case: {'input': '[[[], []]]\n[[1, 1]]', 'output': [False]}

--- Code Improvement Iteration 4 of 4 ---
--- Code Failed, Improving ---
Feedback: failed in test case: {'input': '[1, 1, 1]\n[2, 2, 2]', 'output': [True]}
failed in test case: {'input': '[1, [1, 1]]\n[2, [2, 2]]', 'output': [True]}
failed in test case: {'input': '[1, [1, 1]]\n[[2, 2], 2]', 'output': [False]}
failed in test case: {'input': '[1, [1, 1]]\n[[2], 2]', 'output': [False]}
failed in test case: {'input': '[[[], []]]\n[[[], []]]', 'output': [True]}
failed in test case: {'input': '[[[], []]]\n[[1, 1]]', 'output': [False]}

--- Ending run_single_pass ---
Final Code: 
Total Prompt Tokens: 0
Total Completion Tokens: 0
________________________


--- Starting run_single_pass ---
Task ID: 1629
--- Planning Iteration 1 of 4 ---
--- Generating Final Code ---
--- Code Improvement Iteration 1 of 4 ---
--- Code Failed, Improving ---
Feedback: failed in test case: {'input': '[7, 7, 8, 8, 9, 9]', 'output': [0]}
failed in test case: {'input': '[9, 7, 8, 8, 9, 7]', 'output': [1]}
failed in test case: {'input': '[8, 8, 7, 9, 9, 9, 8, 9, 7]', 'output': [4]}

--- Code Improvement Iteration 2 of 4 ---
--- Code Failed, Improving ---
Feedback: failed in test case: {'input': '[7, 7, 8, 8, 9, 9]', 'output': [0]}
failed in test case: {'input': '[9, 7, 8, 8, 9, 7]', 'output': [1]}
failed in test case: {'input': '[8, 8, 7, 9, 9, 9, 8, 9, 7]', 'output': [4]}

--- Code Improvement Iteration 3 of 4 ---
--- Code Failed, Improving ---
Feedback: failed in test case: {'input': '[7, 7, 8, 8, 9, 9]', 'output': [0]}
failed in test case: {'input': '[9, 7, 8, 8, 9, 7]', 'output': [1]}
failed in test case: {'input': '[8, 8, 7, 9, 9, 9, 8, 9, 7]', 'output': [4]}

--- Code Improvement Iteration 4 of 4 ---
--- Code Failed, Improving ---
Feedback: failed in test case: {'input': '[7, 7, 8, 8, 9, 9]', 'output': [0]}
failed in test case: {'input': '[9, 7, 8, 8, 9, 7]', 'output': [1]}
failed in test case: {'input': '[8, 8, 7, 9, 9, 9, 8, 9, 7]', 'output': [4]}

--- Ending run_single_pass ---
Final Code: 
import sys
import ast
import re
from typing import List

def min_exchange_operations(seq: List[int]) -> int:
    """Return the minimal number of swaps needed to sort a 7/8/9 sequence."""
    # map values to type indices 0,1,2
    value_to_type = {7: 0, 8: 1, 9: 2}

    # total amount of each value
    cnt = [0, 0, 0]
    for v in seq:
        cnt[value_to_type[v]] += 1

    # M[t][z] = how many elements of type t are placed in zone z
    M = [[0, 0, 0] for _ in range(3)]

    for idx, v in enumerate(seq):
        t = value_to_type[v]
        if idx < cnt[0]:
            z = 0                     # zone for 7s
        elif idx < cnt[0] + cnt[1]:
            z = 1                     # zone for 8s
        else:
            z = 2                     # zone for 9s
        M[t][z] += 1

    # ---- direct swaps (2‑cycles) ---------------------------------
    direct = 0
    for i in range(3):
        for j in range(i + 1, 3):
            d = min(M[i][j], M[j][i])
            direct += d
            M[i][j] -= d
            M[j][i] -= d

    # ---- remaining misplacements are 3‑cycles --------------------
    rem = sum(M[i][j] for i in range(3) for j in range(3) if i != j)
    cycles_swaps = 2 * (rem // 3)

    return direct + cycles_swaps


def main():
    # read whole input (may contain line breaks)
    data = sys.stdin.read().strip()
    if not data:
        return

    # try to parse as a Python literal list, otherwise extract integers
    try:
        seq = ast.literal_eval(data)
        if isinstance(seq, tuple):
            seq = list(seq)
    except Exception:
        seq = list(map(int, re.findall(r'-?\d+', data)))

    ans = min_exchange_operations(seq)
    # required output format: a single integer
    print(ans)


if __name__ == "__main__":
    main()



Total Prompt Tokens: 0
Total Completion Tokens: 0
________________________


--- Starting run_single_pass ---
Task ID: 1630
--- Planning Iteration 1 of 4 ---
--- Generating Final Code ---
--- Code Improvement Iteration 1 of 4 ---
--- Code Failed, Improving ---
Feedback: failed in test case: {'input': '[3,4]', 'output': [5]}

--- Code Improvement Iteration 2 of 4 ---
--- Code Failed, Improving ---
Feedback: failed in test case: {'input': '[3,4]', 'output': [5]}

--- Code Improvement Iteration 3 of 4 ---
--- Code Failed, Improving ---
Feedback: failed in test case: {'input': '[3,4]', 'output': [5]}

--- Code Improvement Iteration 4 of 4 ---
--- Code Failed, Improving ---
Feedback: failed in test case: {'input': '[3,4]', 'output': [5]}

--- Ending run_single_pass ---
Final Code: 
import sys
import ast
import re
import math
import heapq
from typing import List


def largest_unrepresentable(A: List[int]) -> int:
    """
    Return the Frobenius number for the coin set A.
    -1  : infinitely many numbers cannot be represented
     0  : every natural number can be represented
    otherwise the largest unrepresentable integer
    """
    if not A:
        return 0

    # gcd of all numbers – if >1 there are infinitely many gaps
    g = A[0]
    for x in A[1:]:
        g = math.gcd(g, x)
    if g != 1:
        return -1

    m = min(A)                     # smallest coin
    if m == 1:                     # then every number is reachable
        return 0

    INF = 10 ** 18
    dist = [INF] * m               # dist[r] – minimal sum that gives remainder r
    dist[0] = 0
    pq = [(0, 0)]                  # (distance, remainder)

    while pq:
        d, r = heapq.heappop(pq)
        if d != dist[r]:
            continue                # stale entry
        for c in A:
            nr = (r + c) % m
            nd = d + c
            if nd < dist[nr]:
                dist[nr] = nd
                heapq.heappush(pq, (nd, nr))

    # the largest minimal sum for any remainder, then subtract the extra m
    return max(dist) - m


def solve() -> None:
    raw = sys.stdin.read().strip()
    if not raw:
        return

    # Try to parse a literal Python list/tuple, otherwise fall back to regex
    try:
        numbers = ast.literal_eval(raw)
        if isinstance(numbers, (list, tuple)):
            A = [int(x) for x in numbers if isinstance(x, int) and x > 0]
        else:
            raise ValueError
    except Exception:
        nums = re.findall(r'\d+', raw)
        A = [int(x) for x in nums if int(x) > 0]

    # Duplicate values are irrelevant
    A = sorted(set(A))

    ans = largest_unrepresentable(A)

    # Output the integer, not a list
    print(ans)


if __name__ == "__main__":
    solve()



Total Prompt Tokens: 0
Total Completion Tokens: 0
________________________


--- Starting run_single_pass ---
Task ID: 1647
--- Planning Iteration 1 of 4 ---
--- Generating Final Code ---
--- Code Improvement Iteration 1 of 4 ---
--- Code Failed, Improving ---
Feedback: failed in test case: {'input': '12', 'output': [21]}
failed in test case: {'input': '513', 'output': [531]}
failed in test case: {'input': '2017', 'output': [2071]}
failed in test case: {'input': '9', 'output': [-1]}
failed in test case: {'input': '111', 'output': [-1]}
failed in test case: {'input': '531', 'output': [-1]}

--- Code Improvement Iteration 2 of 4 ---
--- Code Failed, Improving ---
Feedback: failed in test case: {'input': '12', 'output': [21]}
failed in test case: {'input': '513', 'output': [531]}
failed in test case: {'input': '2017', 'output': [2071]}
failed in test case: {'input': '9', 'output': [-1]}
failed in test case: {'input': '111', 'output': [-1]}
failed in test case: {'input': '531', 'output': [-1]}

--- Code Improvement Iteration 3 of 4 ---
--- Code Failed, Improving ---
Feedback: failed in test case: {'input': '12', 'output': [21]}
failed in test case: {'input': '513', 'output': [531]}
failed in test case: {'input': '2017', 'output': [2071]}
failed in test case: {'input': '9', 'output': [-1]}
failed in test case: {'input': '111', 'output': [-1]}
failed in test case: {'input': '531', 'output': [-1]}

--- Code Improvement Iteration 4 of 4 ---
--- Code Failed, Improving ---
Feedback: failed in test case: {'input': '12', 'output': [21]}
failed in test case: {'input': '513', 'output': [531]}
failed in test case: {'input': '2017', 'output': [2071]}
failed in test case: {'input': '9', 'output': [-1]}
failed in test case: {'input': '111', 'output': [-1]}
failed in test case: {'input': '531', 'output': [-1]}

--- Ending run_single_pass ---
Final Code: 
def next_bigger(num: int) -> int:
    """
    Return the next larger integer that can be formed by rearranging the
    digits of `num`. If such a number does not exist, return -1.
    """
    # Work with the digit characters for easy swapping / reversing.
    digits = list(str(num))
    n = len(digits)

    # 1) Find the rightmost index i with digits[i] < digits[i + 1].
    i = n - 2
    while i >= 0 and digits[i] >= digits[i + 1]:
        i -= 1

    # No such i → digits are in descending order → answer does not exist.
    if i < 0:
        return -1

    # 2) Find the rightmost digit to the right of i that is larger than digits[i].
    j = n - 1
    while digits[j] <= digits[i]:
        j -= 1

    # 3) Swap them.
    digits[i], digits[j] = digits[j], digits[i]

    # 4) Reverse the suffix after position i to obtain the smallest ordering.
    digits[i + 1:] = list(reversed(digits[i + 1:]))

    # 5) Convert back to integer.
    return int(''.join(digits))


if __name__ == "__main__":
    # Read the input, convert to integer, compute the answer and print it.
    num = int(input())
    result = next_bigger(num)
    # The test harness expects the output in list format.
    print([result])



Total Prompt Tokens: 0
Total Completion Tokens: 0
________________________


--- Starting run_single_pass ---
Task ID: 1663
--- Planning Iteration 1 of 4 ---
--- Generating Final Code ---
--- Code Improvement Iteration 1 of 4 ---
--- Code Failed, Improving ---
Feedback: failed in test case: {'input': '1', 'output': [1]}
failed in test case: {'input': '2', 'output': [3]}
failed in test case: {'input': '3', 'output': [5]}
failed in test case: {'input': '4', 'output': [8]}
failed in test case: {'input': '5', 'output': [10]}

--- Code Improvement Iteration 2 of 4 ---
--- Code Failed, Improving ---
Feedback: failed in test case: {'input': '1', 'output': [1]}
failed in test case: {'input': '2', 'output': [3]}
failed in test case: {'input': '3', 'output': [5]}
failed in test case: {'input': '4', 'output': [8]}
failed in test case: {'input': '5', 'output': [10]}

--- Code Improvement Iteration 3 of 4 ---
--- Code Failed, Improving ---
Feedback: failed in test case: {'input': '1', 'output': [1]}
failed in test case: {'input': '2', 'output': [3]}
failed in test case: {'input': '3', 'output': [5]}
failed in test case: {'input': '4', 'output': [8]}
failed in test case: {'input': '5', 'output': [10]}

--- Code Improvement Iteration 4 of 4 ---
--- Code Failed, Improving ---
Feedback: failed in test case: {'input': '1', 'output': [1]}
failed in test case: {'input': '2', 'output': [3]}
failed in test case: {'input': '3', 'output': [5]}
failed in test case: {'input': '4', 'output': [8]}
failed in test case: {'input': '5', 'output': [10]}

--- Ending run_single_pass ---
Final Code: 
import sys

def sum_of_divisors(n: int) -> int:
    """
    Returns S(n) = sum_{i=1}^{n} d(i), where d(i) is the number of
    distinct divisors of i.  Uses the identity
        S(n) = sum_{k=1}^{n} n // k
    and evaluates it in O(sqrt(n)) by grouping equal quotients.
    """
    total = 0
    k = 1
    while k <= n:
        q = n // k                 # current quotient
        nxt = n // q               # last index with this quotient
        total += q * (nxt - k + 1)
        k = nxt + 1
    return total


def solve() -> None:
    data = sys.stdin.read().strip().split()
    if not data:
        return
    n = int(data[0])
    print(sum_of_divisors(n))


if __name__ == "__main__":
    solve()



Total Prompt Tokens: 0
Total Completion Tokens: 0
________________________


--- Starting run_single_pass ---
Task ID: 1659
--- Planning Iteration 1 of 4 ---
--- Generating Final Code ---
--- Code Improvement Iteration 1 of 4 ---
--- Code Failed, Improving ---
Feedback: failed in test case: {'input': '1', 'output': [1]}
failed in test case: {'input': '2', 'output': [2]}
failed in test case: {'input': '3', 'output': [3]}
failed in test case: {'input': '4', 'output': [5]}
failed in test case: {'input': '5', 'output': [7]}
failed in test case: {'input': '10', 'output': [42]}
failed in test case: {'input': '50', 'output': [204226]}
failed in test case: {'input': '80', 'output': [15796476]}
failed in test case: {'input': '100', 'output': [190569292]}

--- Code Improvement Iteration 2 of 4 ---
--- Code Failed, Improving ---
Feedback: failed in test case: {'input': '1', 'output': [1]}
failed in test case: {'input': '2', 'output': [2]}
failed in test case: {'input': '3', 'output': [3]}
failed in test case: {'input': '4', 'output': [5]}
failed in test case: {'input': '5', 'output': [7]}
failed in test case: {'input': '10', 'output': [42]}
failed in test case: {'input': '50', 'output': [204226]}
failed in test case: {'input': '80', 'output': [15796476]}
failed in test case: {'input': '100', 'output': [190569292]}

--- Code Improvement Iteration 3 of 4 ---
--- Code Failed, Improving ---
Feedback: failed in test case: {'input': '1', 'output': [1]}
failed in test case: {'input': '2', 'output': [2]}
failed in test case: {'input': '3', 'output': [3]}
failed in test case: {'input': '4', 'output': [5]}
failed in test case: {'input': '5', 'output': [7]}
failed in test case: {'input': '10', 'output': [42]}
failed in test case: {'input': '50', 'output': [204226]}
failed in test case: {'input': '80', 'output': [15796476]}
failed in test case: {'input': '100', 'output': [190569292]}

--- Code Improvement Iteration 4 of 4 ---
--- Code Failed, Improving ---
Feedback: failed in test case: {'input': '1', 'output': [1]}
failed in test case: {'input': '2', 'output': [2]}
failed in test case: {'input': '3', 'output': [3]}
failed in test case: {'input': '4', 'output': [5]}
failed in test case: {'input': '5', 'output': [7]}
failed in test case: {'input': '10', 'output': [42]}
failed in test case: {'input': '50', 'output': [204226]}
failed in test case: {'input': '80', 'output': [15796476]}
failed in test case: {'input': '100', 'output': [190569292]}

--- Ending run_single_pass ---
Final Code: 
import sys

def partitions_up_to(max_n: int):
    """
    Compute all partition numbers p(0)…p(max_n) using Euler's recurrence.
    Returns a list p where p[i] == p(i).
    """
    # p[i] will hold the partition number of i
    p = [0] * (max_n + 1)
    p[0] = 1  # one partition of 0 (the empty sum)

    for i in range(1, max_n + 1):
        total = 0
        k = 1
        while True:
            pent1 = k * (3 * k - 1) // 2          # g(k)
            if pent1 > i:
                break
            sign = 1 if (k & 1) else -1           # (-1)^{k+1}
            total += sign * p[i - pent1]

            pent2 = k * (3 * k + 1) // 2          # g(-k)
            if pent2 <= i:
                total += sign * p[i - pent2]

            k += 1
        p[i] = total
    return p


def main():
    data = sys.stdin.read().strip().split()
    if not data:
        return

    nums = list(map(int, data))

    # Detect the optional leading test‑case count.
    if len(nums) > 1 and nums[0] == len(nums) - 1:
        queries = nums[1:]
    else:
        queries = nums

    max_n = max(queries) if queries else 0
    part = partitions_up_to(max_n)

    # Output each answer on its own line.
    out_lines = (str(part[x]) for x in queries)
    sys.stdout.write("\n".join(out_lines))


if __name__ == "__main__":
    main()



Total Prompt Tokens: 0
Total Completion Tokens: 0
________________________


--- Starting run_single_pass ---
Task ID: 1618
--- Planning Iteration 1 of 4 ---
--- Generating Final Code ---
--- Code Improvement Iteration 1 of 4 ---
--- Code Failed, Improving ---
Feedback: failed in test case: {'input': '12x+2\n3', 'output': [12]}
failed in test case: {'input': 'x^2+3x+2\n3', 'output': [9]}

--- Code Improvement Iteration 2 of 4 ---
--- Code Failed, Improving ---
Feedback: failed in test case: {'input': '12x+2\n3', 'output': [12]}
failed in test case: {'input': 'x^2+3x+2\n3', 'output': [9]}

--- Code Improvement Iteration 3 of 4 ---
--- Code Failed, Improving ---
Feedback: failed in test case: {'input': '12x+2\n3', 'output': [12]}
failed in test case: {'input': 'x^2+3x+2\n3', 'output': [9]}

--- Code Improvement Iteration 4 of 4 ---
--- Code Failed, Improving ---
Feedback: failed in test case: {'input': '12x+2\n3', 'output': [12]}
failed in test case: {'input': 'x^2+3x+2\n3', 'output': [9]}

--- Ending run_single_pass ---
Final Code: 
import sys

def differentiate(poly_str: str, x: int) -> int:
    """Return the derivative of `poly_str` evaluated at `x`."""
    # remove all spaces
    poly = poly_str.replace(' ', '')
    if not poly:
        return 0

    # ensure a leading sign for uniform parsing
    if poly[0] not in '+-':
        poly = '+' + poly

    result = 0
    i = 0
    n = len(poly)

    while i < n:
        sign_char = poly[i]               # '+' or '-'
        sign = 1 if sign_char == '+' else -1
        i += 1

        # locate the next sign to isolate the current term
        j = i
        while j < n and poly[j] not in '+-':
            j += 1
        term = poly[i:j]
        i = j

        if not term:          # should not happen, but be safe
            continue

        if 'x' in term:
            idx = term.index('x')
            coeff_str = term[:idx]          # characters before 'x'
            coeff_mag = int(coeff_str) if coeff_str else 1
            exp_str = term[idx + 1:]        # characters after 'x'

            if exp_str == '':
                exp = 1
            else:
                # the exponent part must start with '^'
                exp = int(exp_str[1:]) if exp_str[0] == '^' else 1

            coeff = sign * coeff_mag

            if exp == 0:                     # constant term → derivative 0
                continue

            # contribution of this term to the derivative
            result += coeff * exp * (x ** (exp - 1))

        # else: constant term, its derivative is zero → ignore

    return result


def main() -> None:
    poly_line = sys.stdin.readline().strip()
    x_val = int(sys.stdin.readline().strip())
    print(differentiate(poly_line, x_val))


if __name__ == "__main__":
    main()



Total Prompt Tokens: 0
Total Completion Tokens: 0
________________________


--- Starting run_single_pass ---
Task ID: 1638
--- Planning Iteration 1 of 4 ---
--- Generating Final Code ---
--- Code Improvement Iteration 1 of 4 ---
--- Code Failed, Improving ---
Feedback: failed in test case: {'input': 'babad', 'output': ['bab']}
failed in test case: {'input': 'abababa', 'output': ['abababa']}
failed in test case: {'input': 'cbbd', 'output': ['bb']}
failed in test case: {'input': 'ab', 'output': ['a']}
failed in test case: {'input': '', 'output': ['']}

--- Code Improvement Iteration 2 of 4 ---
--- Code Failed, Improving ---
Feedback: failed in test case: {'input': 'babad', 'output': ['bab']}
failed in test case: {'input': 'abababa', 'output': ['abababa']}
failed in test case: {'input': 'cbbd', 'output': ['bb']}
failed in test case: {'input': 'ab', 'output': ['a']}
failed in test case: {'input': '', 'output': ['']}

--- Code Improvement Iteration 3 of 4 ---
--- Code Failed, Improving ---
Feedback: failed in test case: {'input': 'babad', 'output': ['bab']}
failed in test case: {'input': 'abababa', 'output': ['abababa']}
failed in test case: {'input': 'cbbd', 'output': ['bb']}
failed in test case: {'input': 'ab', 'output': ['a']}
failed in test case: {'input': '', 'output': ['']}

--- Code Improvement Iteration 4 of 4 ---
--- Code Failed, Improving ---
Feedback: failed in test case: {'input': 'babad', 'output': ['bab']}
failed in test case: {'input': 'abababa', 'output': ['abababa']}
failed in test case: {'input': 'cbbd', 'output': ['bb']}
failed in test case: {'input': 'ab', 'output': ['a']}
failed in test case: {'input': '', 'output': ['']}

--- Ending run_single_pass ---
Final Code: 
longest_palindrome(s):
    if s is empty: return ""

    # 1. Build transformed string
    #   "^#a#b#c#$"  (^ and $ are sentinels)
    t = "^#" + "#".join(s) + "#$"
    n = len(t)

    # 2. Manacher – compute radii
    p = [0] * n                 # p[i] = palindrome length (original string)
    centre = 0                  # centre of the current rightmost palindrome
    right  = 0                  # right border (exclusive)

    for i = 1 … n-2:
        mir = 2*centre - i       # mirror of i around centre
        if i < right:
            p[i] = min(right - i, p[mir])

        # try to expand palindrome centred at i
        while t[i + p[i] + 1] == t[i - p[i] - 1]:
            p[i] += 1

        # if we expanded past the right border, update centre / right
        if i + p[i] > right:
            centre = i
            right  = i + p[i]

    # 3. Find the longest palindrome, tie‑break by first occurrence
    max_len = 0
    best_center = 0
    for i = 1 … n-2:
        if p[i] > max_len:
            max_len = p[i]
            best_center = i

    # 4. Convert centre / length back to original indices
    start = (best_center - max_len) // 2
    return s[start : start + max_len]



Total Prompt Tokens: 0
Total Completion Tokens: 0
________________________


Exception in thread Thread-136 (_readerthread):
Traceback (most recent call last):
  File "C:\Users\chenzaiyi\AppData\Local\Python\pythoncore-3.14-64\Lib\threading.py", line 1081, in _bootstrap_inner
    self._context.run(self.run)
    ~~~~~~~~~~~~~~~~~^^^^^^^^^^
  File "C:\Users\chenzaiyi\AppData\Local\Python\pythoncore-3.14-64\Lib\threading.py", line 1023, in run
    self._target(*self._args, **self._kwargs)
    ~~~~~~~~~~~~^^^^^^^^^^^^^^^^^^^^^^^^^^^^^
  File "C:\Users\chenzaiyi\AppData\Local\Python\pythoncore-3.14-64\Lib\subprocess.py", line 1613, in _readerthread
    buffer.append(fh.read())
                  ~~~~~~~^^
UnicodeDecodeError: 'gbk' codec can't decode byte 0xa6 in position 87: illegal multibyte sequence
--- Starting run_single_pass ---
Task ID: 2096
--- Planning Iteration 1 of 4 ---
--- Generating Final Code ---
--- Code Improvement Iteration 1 of 4 ---
--- Code Failed, Improving ---
Feedback: failed in test case: {'input': '6\n3 2 1 6 5 4\n', 'output': ['4\n2 1 3\n1 2\n2 4 6\n1 5\n']}
failed in test case: {'input': '6\n83 -75 -49 11 37 62\n', 'output': ['1\n6 1 2 3 4 5 6\n']}

--- Code Improvement Iteration 2 of 4 ---
--- Code Failed, Improving ---
Feedback: failed in test case: {'input': '6\n3 2 1 6 5 4\n', 'output': ['4\n2 1 3\n1 2\n2 4 6\n1 5\n']}
failed in test case: {'input': '6\n83 -75 -49 11 37 62\n', 'output': ['1\n6 1 2 3 4 5 6\n']}

--- Code Improvement Iteration 3 of 4 ---
--- Code Failed, Improving ---
Feedback: failed in test case: {'input': '6\n3 2 1 6 5 4\n', 'output': ['4\n2 1 3\n1 2\n2 4 6\n1 5\n']}
failed in test case: {'input': '6\n83 -75 -49 11 37 62\n', 'output': ['1\n6 1 2 3 4 5 6\n']}

--- Code Improvement Iteration 4 of 4 ---
--- Code Failed, Improving ---
Feedback: failed in test case: {'input': '6\n3 2 1 6 5 4\n', 'output': ['4\n2 1 3\n1 2\n2 4 6\n1 5\n']}
failed in test case: {'input': '6\n83 -75 -49 11 37 62\n', 'output': ['1\n6 1 2 3 4 5 6\n']}

--- Ending run_single_pass ---
Final Code: 
import sys

def solve() -> None:
    data = sys.stdin.read().strip().split()
    if not data:
        return
    it = iter(data)
    n = int(next(it))
    a = [0] * (n + 1)               # 1‑based
    for i in range(1, n + 1):
        a[i] = int(next(it))

    # 1. build permutation: pos[i] = rank of a[i] in the sorted order (1‑based)
    pairs = [(a[i], i) for i in range(1, n + 1)]
    pairs.sort(key=lambda x: x[0])  # sort by value
    pos = [0] * (n + 1)             # pos[i] = destination index
    for rank, (_, idx) in enumerate(pairs, start=1):
        pos[idx] = rank

    # 2. find all cycles
    visited = [False] * (n + 1)
    cycles = []
    for i in range(1, n + 1):
        if not visited[i]:
            cur = i
            cur_cycle = []
            while not visited[cur]:
                visited[cur] = True
                cur_cycle.append(cur)
                cur = pos[cur]
            cycles.append(cur_cycle)

    # 3. output
    out_lines = []
    out_lines.append(str(len(cycles)))
    for cyc in cycles:
        cyc.sort()                     # any order is allowed, sorting improves readability
        out_lines.append(str(len(cyc)) + ' ' + ' '.join(map(str, cyc)))
    sys.stdout.write('\n'.join(out_lines))

if __name__ == "__main__":
    solve()



Total Prompt Tokens: 0
Total Completion Tokens: 0
________________________


--- Starting run_single_pass ---
Task ID: 2098
--- Planning Iteration 1 of 4 ---
--- Generating Final Code ---
--- Code Improvement Iteration 1 of 4 ---
--- Code Failed, Improving ---
Feedback: failed in test case: {'input': '1 2\n1 100\n', 'output': ['0\n']}
failed in test case: {'input': '5 5\n2 100\n3 200\n4 300\n5 400\n5 900\n', 'output': ['500\n']}
failed in test case: {'input': '5 5\n2 100\n3 200\n4 300\n5 800\n5 900\n', 'output': ['600\n']}

--- Code Improvement Iteration 2 of 4 ---
--- Code Failed, Improving ---
Feedback: failed in test case: {'input': '1 2\n1 100\n', 'output': ['0\n']}
failed in test case: {'input': '5 5\n2 100\n3 200\n4 300\n5 400\n5 900\n', 'output': ['500\n']}
failed in test case: {'input': '5 5\n2 100\n3 200\n4 300\n5 800\n5 900\n', 'output': ['600\n']}

--- Code Improvement Iteration 3 of 4 ---
--- Code Failed, Improving ---
Feedback: failed in test case: {'input': '1 2\n1 100\n', 'output': ['0\n']}
failed in test case: {'input': '5 5\n2 100\n3 200\n4 300\n5 400\n5 900\n', 'output': ['500\n']}
failed in test case: {'input': '5 5\n2 100\n3 200\n4 300\n5 800\n5 900\n', 'output': ['600\n']}

--- Code Improvement Iteration 4 of 4 ---
--- Code Failed, Improving ---
Feedback: failed in test case: {'input': '1 2\n1 100\n', 'output': ['0\n']}
failed in test case: {'input': '5 5\n2 100\n3 200\n4 300\n5 400\n5 900\n', 'output': ['500\n']}
failed in test case: {'input': '5 5\n2 100\n3 200\n4 300\n5 800\n5 900\n', 'output': ['600\n']}

--- Ending run_single_pass ---
Final Code: 
Total Prompt Tokens: 0
Total Completion Tokens: 0
________________________


--- Starting run_single_pass ---
Task ID: 2189
--- Planning Iteration 1 of 4 ---
--- Generating Final Code ---
--- Code Improvement Iteration 1 of 4 ---
--- Code Failed, Improving ---
Feedback: failed in test case: {'input': '2\n1\n2\n2\n1 1\n', 'output': ['T\nHL\n']}

--- Code Improvement Iteration 2 of 4 ---
--- Code Failed, Improving ---
Feedback: failed in test case: {'input': '2\n1\n2\n2\n1 1\n', 'output': ['T\nHL\n']}

--- Code Improvement Iteration 3 of 4 ---
--- Code Failed, Improving ---
Feedback: failed in test case: {'input': '2\n1\n2\n2\n1 1\n', 'output': ['T\nHL\n']}

--- Code Improvement Iteration 4 of 4 ---
--- Code Failed, Improving ---
Feedback: failed in test case: {'input': '2\n1\n2\n2\n1 1\n', 'output': ['T\nHL\n']}

--- Ending run_single_pass ---
Final Code: 
Total Prompt Tokens: 0
Total Completion Tokens: 0
________________________


--- Starting run_single_pass ---
Task ID: 2063
--- Planning Iteration 1 of 4 ---
--- Generating Final Code ---
--- Code Improvement Iteration 1 of 4 ---
--- Code Failed, Improving ---
Feedback: failed in test case: {'input': '5 5\n1 2\n2 2 3\n2 3 4\n2 4 5\n1 5\n', 'output': ['0\n']}
failed in test case: {'input': '8 7\n0\n3 1 2 3\n1 1\n2 5 4\n2 6 7\n1 3\n2 7 4\n1 1\n', 'output': ['2\n']}
failed in test case: {'input': '2 2\n1 2\n0\n', 'output': ['1\n']}

--- Code Improvement Iteration 2 of 4 ---
--- Code Failed, Improving ---
Feedback: failed in test case: {'input': '5 5\n1 2\n2 2 3\n2 3 4\n2 4 5\n1 5\n', 'output': ['0\n']}
failed in test case: {'input': '8 7\n0\n3 1 2 3\n1 1\n2 5 4\n2 6 7\n1 3\n2 7 4\n1 1\n', 'output': ['2\n']}
failed in test case: {'input': '2 2\n1 2\n0\n', 'output': ['1\n']}

--- Code Improvement Iteration 3 of 4 ---
--- Code Failed, Improving ---
Feedback: failed in test case: {'input': '5 5\n1 2\n2 2 3\n2 3 4\n2 4 5\n1 5\n', 'output': ['0\n']}
failed in test case: {'input': '8 7\n0\n3 1 2 3\n1 1\n2 5 4\n2 6 7\n1 3\n2 7 4\n1 1\n', 'output': ['2\n']}
failed in test case: {'input': '2 2\n1 2\n0\n', 'output': ['1\n']}

--- Code Improvement Iteration 4 of 4 ---
--- Code Failed, Improving ---
Feedback: failed in test case: {'input': '5 5\n1 2\n2 2 3\n2 3 4\n2 4 5\n1 5\n', 'output': ['0\n']}
failed in test case: {'input': '8 7\n0\n3 1 2 3\n1 1\n2 5 4\n2 6 7\n1 3\n2 7 4\n1 1\n', 'output': ['2\n']}
failed in test case: {'input': '2 2\n1 2\n0\n', 'output': ['1\n']}

--- Ending run_single_pass ---
Final Code: 
read n, m
lang_of[language] = list of employees that know it
any_known = False

for each employee i:
        read k and the k languages
        if k > 0: any_known = True
        store i in the list of each read language

make a Disjoint Set Union (Union‑Find) over the n employees
for every language:
        union all employees stored in its list   (pairwise with the first)

components = number of different DSU roots
if any_known:
        answer = components - 1
else:
        answer = n

output answer



Total Prompt Tokens: 0
Total Completion Tokens: 0
________________________


Exception in thread Thread-160 (_readerthread):
Traceback (most recent call last):
  File "C:\Users\chenzaiyi\AppData\Local\Python\pythoncore-3.14-64\Lib\threading.py", line 1081, in _bootstrap_inner
    self._context.run(self.run)
    ~~~~~~~~~~~~~~~~~^^^^^^^^^^
  File "C:\Users\chenzaiyi\AppData\Local\Python\pythoncore-3.14-64\Lib\threading.py", line 1023, in run
    self._target(*self._args, **self._kwargs)
    ~~~~~~~~~~~~^^^^^^^^^^^^^^^^^^^^^^^^^^^^^
  File "C:\Users\chenzaiyi\AppData\Local\Python\pythoncore-3.14-64\Lib\subprocess.py", line 1613, in _readerthread
    buffer.append(fh.read())
                  ~~~~~~~^^
UnicodeDecodeError: 'gbk' codec can't decode byte 0x91 in position 211: illegal multibyte sequence
--- Starting run_single_pass ---
Task ID: 2092
--- Planning Iteration 1 of 4 ---
--- Generating Final Code ---
--- Code Improvement Iteration 1 of 4 ---
--- Code Failed, Improving ---
Feedback: failed in test case: {'input': '4\nSVO\nSVO->CDG\nLHR->SVO\nSVO->LHR\nCDG->SVO\n', 'output': ['home\n']}
failed in test case: {'input': '3\nSVO\nSVO->HKT\nHKT->SVO\nSVO->RAP\n', 'output': ['contest\n']}

--- Code Improvement Iteration 2 of 4 ---
--- Code Failed, Improving ---
Feedback: failed in test case: {'input': '4\nSVO\nSVO->CDG\nLHR->SVO\nSVO->LHR\nCDG->SVO\n', 'output': ['home\n']}
failed in test case: {'input': '3\nSVO\nSVO->HKT\nHKT->SVO\nSVO->RAP\n', 'output': ['contest\n']}

--- Code Improvement Iteration 3 of 4 ---
--- Code Failed, Improving ---
Feedback: failed in test case: {'input': '4\nSVO\nSVO->CDG\nLHR->SVO\nSVO->LHR\nCDG->SVO\n', 'output': ['home\n']}
failed in test case: {'input': '3\nSVO\nSVO->HKT\nHKT->SVO\nSVO->RAP\n', 'output': ['contest\n']}

--- Code Improvement Iteration 4 of 4 ---
--- Code Failed, Improving ---
Feedback: failed in test case: {'input': '4\nSVO\nSVO->CDG\nLHR->SVO\nSVO->LHR\nCDG->SVO\n', 'output': ['home\n']}
failed in test case: {'input': '3\nSVO\nSVO->HKT\nHKT->SVO\nSVO->RAP\n', 'output': ['contest\n']}

--- Ending run_single_pass ---
Final Code: 
def solve() -> None:
    """
    Reads the flight list, computes the balance of departures from home
    versus arrivals to home, and prints where Jinotega is now.
    """
    # read number of flights
    n = int(input().strip())
    # read home airport code
    home = input().strip()

    balance = 0  # +1 for a departure from home, -1 for an arrival to home

    for _ in range(n):
        flight = input().strip()
        dep, arr = flight.split('->')
        dep = dep.strip()
        arr = arr.strip()

        if dep == home:
            balance += 1
        else:               # by the statement arr == home
            balance -= 1

    print("home" if balance == 0 else "contest")


if __name__ == "__main__":
    solve()



Total Prompt Tokens: 0
Total Completion Tokens: 0
________________________


#########################
Running end QwenCoderTurbo-MapCoder-APPS-Python3-0.0-1, Time: 2025-11-27 00:35:59.790471
##########################

