#########################
Running start QwenCoderTurbo-MapCoder-APPS-Python3-0.0-1, Time: 2025-11-26 13:22:01.330968
##########################

--- Starting run_single_pass ---
Task ID: 2218
--- Planning Iteration 1 of 4 ---
--- Generating Final Code ---
--- Code Improvement Iteration 1 of 4 ---
--- Code Failed, Improving ---
Feedback: failed in test case: {'input': '4\n1 2 3 4\n3\n2 3\n1 2 2\n2 1\n', 'output': ['3 2 3 4 \n']}
failed in test case: {'input': '5\n3 50 2 1 10\n3\n1 2 0\n2 8\n1 3 20\n', 'output': ['8 8 20 8 10 \n']}

--- Code Improvement Iteration 2 of 4 ---
--- Code Failed, Improving ---
Feedback: failed in test case: {'input': '4\n1 2 3 4\n3\n2 3\n1 2 2\n2 1\n', 'output': ['3 2 3 4 \n']}
failed in test case: {'input': '5\n3 50 2 1 10\n3\n1 2 0\n2 8\n1 3 20\n', 'output': ['8 8 20 8 10 \n']}

--- Code Improvement Iteration 3 of 4 ---
--- Code Failed, Improving ---
Feedback: failed in test case: {'input': '4\n1 2 3 4\n3\n2 3\n1 2 2\n2 1\n', 'output': ['3 2 3 4 \n']}
failed in test case: {'input': '5\n3 50 2 1 10\n3\n1 2 0\n2 8\n1 3 20\n', 'output': ['8 8 20 8 10 \n']}

--- Code Improvement Iteration 4 of 4 ---
--- Code Failed, Improving ---
Feedback: failed in test case: {'input': '4\n1 2 3 4\n3\n2 3\n1 2 2\n2 1\n', 'output': ['3 2 3 4 \n']}
failed in test case: {'input': '5\n3 50 2 1 10\n3\n1 2 0\n2 8\n1 3 20\n', 'output': ['8 8 20 8 10 \n']}

--- Ending run_single_pass ---
Final Code: 
Total Prompt Tokens: 0
Total Completion Tokens: 0
________________________


--- Starting run_single_pass ---
Task ID: 2224
--- Planning Iteration 1 of 4 ---
--- Generating Final Code ---
--- Code Improvement Iteration 1 of 4 ---
--- Code Failed, Improving ---
Feedback: failed in test case: {'input': '5\n01011\n11001\n', 'output': ['4\n']}
failed in test case: {'input': '6\n011000\n010011\n', 'output': ['6\n']}

--- Code Improvement Iteration 2 of 4 ---
--- Code Failed, Improving ---
Feedback: failed in test case: {'input': '5\n01011\n11001\n', 'output': ['4\n']}
failed in test case: {'input': '6\n011000\n010011\n', 'output': ['6\n']}

--- Code Improvement Iteration 3 of 4 ---
--- Code Failed, Improving ---
Feedback: failed in test case: {'input': '5\n01011\n11001\n', 'output': ['4\n']}
failed in test case: {'input': '6\n011000\n010011\n', 'output': ['6\n']}

--- Code Improvement Iteration 4 of 4 ---
--- Code Failed, Improving ---
Feedback: failed in test case: {'input': '5\n01011\n11001\n', 'output': ['4\n']}
failed in test case: {'input': '6\n011000\n010011\n', 'output': ['6\n']}

--- Ending run_single_pass ---
Final Code: 
import sys

def solve() -> None:
    data = sys.stdin.read().split()
    if not data:
        return
    n = int(data[0])
    a = data[1].strip()
    b = data[2].strip()

    # counts of a = 0 / a = 1
    cnt0 = a.count('0')
    cnt1 = n - cnt0

    # counts of (a = 0, b = 1) and (a = 1, b = 1)
    cnt01 = 0  # a==0 and b==1
    cnt11 = 0  # a==1 and b==1
    for ai, bi in zip(a, b):
        if ai == '0':
            if bi == '1':
                cnt01 += 1
        else:  # ai == '1'
            if bi == '1':
                cnt11 += 1

    total_diff = cnt0 * cnt1          # all pairs with different a
    bad = cnt01 * cnt11                # pairs with different a but both b = 1
    answer = total_diff - bad

    sys.stdout.write(str(answer))

if __name__ == "__main__":
    solve()



Total Prompt Tokens: 0
Total Completion Tokens: 0
________________________


--- Starting run_single_pass ---
Task ID: 2010
--- Planning Iteration 1 of 4 ---
--- Generating Final Code ---
--- Code Improvement Iteration 1 of 4 ---
--- Code Failed, Improving ---
Feedback: failed in test case: {'input': '6\n2 1 4 6 2 2\n', 'output': ['3\n']}
failed in test case: {'input': '7\n3 3 3 1 3 3 3\n', 'output': ['2\n']}

--- Code Improvement Iteration 2 of 4 ---
--- Code Failed, Improving ---
Feedback: failed in test case: {'input': '6\n2 1 4 6 2 2\n', 'output': ['3\n']}
failed in test case: {'input': '7\n3 3 3 1 3 3 3\n', 'output': ['2\n']}

--- Code Improvement Iteration 3 of 4 ---
--- Code Failed, Improving ---
Feedback: failed in test case: {'input': '6\n2 1 4 6 2 2\n', 'output': ['3\n']}
failed in test case: {'input': '7\n3 3 3 1 3 3 3\n', 'output': ['2\n']}

--- Code Improvement Iteration 4 of 4 ---
--- Code Failed, Improving ---
Feedback: failed in test case: {'input': '6\n2 1 4 6 2 2\n', 'output': ['3\n']}
failed in test case: {'input': '7\n3 3 3 1 3 3 3\n', 'output': ['2\n']}

--- Ending run_single_pass ---
Final Code: 
Total Prompt Tokens: 0
Total Completion Tokens: 0
________________________


--- Starting run_single_pass ---
Task ID: 2064
--- Planning Iteration 1 of 4 ---
--- Generating Final Code ---
--- Code Improvement Iteration 1 of 4 ---
--- Code Failed, Improving ---
Feedback: failed in test case: {'input': '5 5\n2 3\n1 4\n2 4\n2 3\n1 4\n', 'output': ['Yes\nNo\nNo\nNo\nYes\n']}

--- Code Improvement Iteration 2 of 4 ---
--- Code Failed, Improving ---
Feedback: failed in test case: {'input': '5 5\n2 3\n1 4\n2 4\n2 3\n1 4\n', 'output': ['Yes\nNo\nNo\nNo\nYes\n']}

--- Code Improvement Iteration 3 of 4 ---
--- Code Failed, Improving ---
Feedback: failed in test case: {'input': '5 5\n2 3\n1 4\n2 4\n2 3\n1 4\n', 'output': ['Yes\nNo\nNo\nNo\nYes\n']}

--- Code Improvement Iteration 4 of 4 ---
--- Code Failed, Improving ---
Feedback: failed in test case: {'input': '5 5\n2 3\n1 4\n2 4\n2 3\n1 4\n', 'output': ['Yes\nNo\nNo\nNo\nYes\n']}

--- Ending run_single_pass ---
Final Code: 
Total Prompt Tokens: 0
Total Completion Tokens: 0
________________________


--- Starting run_single_pass ---
Task ID: 2174
--- Planning Iteration 1 of 4 ---
--- Generating Final Code ---
--- Code Improvement Iteration 1 of 4 ---
--- Code Failed, Improving ---
Feedback: failed in test case: {'input': '3\n1 2 0\n', 'output': ['4']}
failed in test case: {'input': '10\n1 2 3 4 5 6 1 2 9 10\n', 'output': ['11']}

--- Code Improvement Iteration 2 of 4 ---
--- Code Failed, Improving ---
Feedback: failed in test case: {'input': '3\n1 2 0\n', 'output': ['4']}
failed in test case: {'input': '10\n1 2 3 4 5 6 1 2 9 10\n', 'output': ['11']}

--- Code Improvement Iteration 3 of 4 ---
--- Code Failed, Improving ---
Feedback: failed in test case: {'input': '3\n1 2 0\n', 'output': ['4']}
failed in test case: {'input': '10\n1 2 3 4 5 6 1 2 9 10\n', 'output': ['11']}

--- Code Improvement Iteration 4 of 4 ---
--- Code Failed, Improving ---
Feedback: failed in test case: {'input': '3\n1 2 0\n', 'output': ['4']}
failed in test case: {'input': '10\n1 2 3 4 5 6 1 2 9 10\n', 'output': ['11']}

--- Ending run_single_pass ---
Final Code: 
import sys

def solve() -> None:
    data = sys.stdin.buffer.read().split()
    if not data:
        return
    n = int(data[0])
    a = list(map(int, data[1:1 + n]))

    # maximal possible OR value is smaller than 2^20
    max_bit = max(a).bit_length()          # 0 for the array of only zeros
    size = 1 << max_bit                     # 2^max_bit
    seen = bytearray(size)                  # seen[v] == 1  <=>  value v appeared
    distinct = 0

    prev = set()                            # Pi‑1

    for x in a:
        cur = {x}
        for v in prev:
            cur.add(v | x)

        for val in cur:
            if seen[val] == 0:
                seen[val] = 1
                distinct += 1

        prev = cur

    print(distinct)


if __name__ == "__main__":
    solve()



Total Prompt Tokens: 0
Total Completion Tokens: 0
________________________


--- Starting run_single_pass ---
Task ID: 2233
--- Planning Iteration 1 of 4 ---
--- Generating Final Code ---
--- Code Improvement Iteration 1 of 4 ---
--- Code Failed, Improving ---
Feedback: failed in test case: {'input': '2\n2 4\n', 'output': ['2\n4\n']}

--- Code Improvement Iteration 2 of 4 ---
--- Code Failed, Improving ---
Feedback: failed in test case: {'input': '2\n2 4\n', 'output': ['2\n4\n']}

--- Code Improvement Iteration 3 of 4 ---
--- Code Failed, Improving ---
Feedback: failed in test case: {'input': '2\n2 4\n', 'output': ['2\n4\n']}

--- Code Improvement Iteration 4 of 4 ---
--- Code Failed, Improving ---
Feedback: failed in test case: {'input': '2\n2 4\n', 'output': ['2\n4\n']}

--- Ending run_single_pass ---
Final Code: 
Total Prompt Tokens: 0
Total Completion Tokens: 0
________________________


--- Starting run_single_pass ---
Task ID: 2166
--- Planning Iteration 1 of 4 ---
--- Generating Final Code ---
--- Code Improvement Iteration 1 of 4 ---
--- Code Failed, Improving ---
Feedback: failed in test case: {'input': '5\n2 3 2\n3 1 2 3\n', 'output': ['Lose Win Win Loop\nLoop Win Win Win\n']}
failed in test case: {'input': '8\n4 6 2 3 4\n2 3 6\n', 'output': ['Win Win Win Win Win Win Win\nLose Win Lose Lose Win Lose Lose\n']}

--- Code Improvement Iteration 2 of 4 ---
--- Code Failed, Improving ---
Feedback: failed in test case: {'input': '5\n2 3 2\n3 1 2 3\n', 'output': ['Lose Win Win Loop\nLoop Win Win Win\n']}
failed in test case: {'input': '8\n4 6 2 3 4\n2 3 6\n', 'output': ['Win Win Win Win Win Win Win\nLose Win Lose Lose Win Lose Lose\n']}

--- Code Improvement Iteration 3 of 4 ---
--- Code Failed, Improving ---
Feedback: failed in test case: {'input': '5\n2 3 2\n3 1 2 3\n', 'output': ['Lose Win Win Loop\nLoop Win Win Win\n']}
failed in test case: {'input': '8\n4 6 2 3 4\n2 3 6\n', 'output': ['Win Win Win Win Win Win Win\nLose Win Lose Lose Win Lose Lose\n']}

--- Code Improvement Iteration 4 of 4 ---
--- Code Failed, Improving ---
Feedback: failed in test case: {'input': '5\n2 3 2\n3 1 2 3\n', 'output': ['Lose Win Win Loop\nLoop Win Win Win\n']}
failed in test case: {'input': '8\n4 6 2 3 4\n2 3 6\n', 'output': ['Win Win Win Win Win Win Win\nLose Win Lose Lose Win Lose Lose\n']}

--- Ending run_single_pass ---
Final Code: 
Total Prompt Tokens: 0
Total Completion Tokens: 0
________________________


--- Starting run_single_pass ---
Task ID: 2133
--- Planning Iteration 1 of 4 ---
--- Generating Final Code ---
--- Code Improvement Iteration 1 of 4 ---
--- Code Failed, Improving ---
Feedback: failed in test case: {'input': '2\n0101010\n1010101\n', 'output': ['1\n']}
failed in test case: {'input': '3\n0101011\n0011001\n0110111\n', 'output': ['3\n']}

--- Code Improvement Iteration 2 of 4 ---
--- Code Failed, Improving ---
Feedback: failed in test case: {'input': '2\n0101010\n1010101\n', 'output': ['1\n']}
failed in test case: {'input': '3\n0101011\n0011001\n0110111\n', 'output': ['3\n']}

--- Code Improvement Iteration 3 of 4 ---
--- Code Failed, Improving ---
Feedback: failed in test case: {'input': '2\n0101010\n1010101\n', 'output': ['1\n']}
failed in test case: {'input': '3\n0101011\n0011001\n0110111\n', 'output': ['3\n']}

--- Code Improvement Iteration 4 of 4 ---
--- Code Failed, Improving ---
Feedback: failed in test case: {'input': '2\n0101010\n1010101\n', 'output': ['1\n']}
failed in test case: {'input': '3\n0101011\n0011001\n0110111\n', 'output': ['3\n']}

--- Ending run_single_pass ---
Final Code: **Solution Explanation**

For each of the 7 time slots we count how many groups have a class in that
slot.  
If in some slot `k` groups are present, at least `k` rooms are necessary for
that
Total Prompt Tokens: 0
Total Completion Tokens: 0
________________________


--- Starting run_single_pass ---
Task ID: 2184
--- Planning Iteration 1 of 4 ---
--- Generating Final Code ---
--- Code Improvement Iteration 1 of 4 ---
--- Code Failed, Improving ---
Feedback: failed in test case: {'input': '5 0\n3 7 3 7 3\n', 'output': ['2\n']}
failed in test case: {'input': '10 0\n1 2 1 2 3 1 1 1 50 1\n', 'output': ['4\n']}
failed in test case: {'input': '6 0\n6 6 3 3 4 4\n', 'output': ['0\n']}
failed in test case: {'input': '7 0\n3 3 1 3 2 1 2\n', 'output': ['4\n']}

--- Code Improvement Iteration 2 of 4 ---
--- Code Failed, Improving ---
Feedback: failed in test case: {'input': '5 0\n3 7 3 7 3\n', 'output': ['2\n']}
failed in test case: {'input': '10 0\n1 2 1 2 3 1 1 1 50 1\n', 'output': ['4\n']}
failed in test case: {'input': '6 0\n6 6 3 3 4 4\n', 'output': ['0\n']}
failed in test case: {'input': '7 0\n3 3 1 3 2 1 2\n', 'output': ['4\n']}

--- Code Improvement Iteration 3 of 4 ---
--- Code Failed, Improving ---
Feedback: failed in test case: {'input': '5 0\n3 7 3 7 3\n', 'output': ['2\n']}
failed in test case: {'input': '10 0\n1 2 1 2 3 1 1 1 50 1\n', 'output': ['4\n']}
failed in test case: {'input': '6 0\n6 6 3 3 4 4\n', 'output': ['0\n']}
failed in test case: {'input': '7 0\n3 3 1 3 2 1 2\n', 'output': ['4\n']}

--- Code Improvement Iteration 4 of 4 ---
--- Code Failed, Improving ---
Feedback: failed in test case: {'input': '5 0\n3 7 3 7 3\n', 'output': ['2\n']}
failed in test case: {'input': '10 0\n1 2 1 2 3 1 1 1 50 1\n', 'output': ['4\n']}
failed in test case: {'input': '6 0\n6 6 3 3 4 4\n', 'output': ['0\n']}
failed in test case: {'input': '7 0\n3 3 1 3 2 1 2\n', 'output': ['4\n']}

--- Ending run_single_pass ---
Final Code: 
Total Prompt Tokens: 0
Total Completion Tokens: 0
________________________


--- Starting run_single_pass ---
Task ID: 2183
--- Planning Iteration 1 of 4 ---
--- Generating Final Code ---
--- Code Improvement Iteration 1 of 4 ---
--- Code Failed, Improving ---
Feedback: failed in test case: {'input': '4\n5\n231\n7\n2323\n6\n333\n24\n133321333\n', 'output': ['25\n1438\n1101\n686531475\n']}

--- Code Improvement Iteration 2 of 4 ---
--- Code Failed, Improving ---
Feedback: failed in test case: {'input': '4\n5\n231\n7\n2323\n6\n333\n24\n133321333\n', 'output': ['25\n1438\n1101\n686531475\n']}

--- Code Improvement Iteration 3 of 4 ---
--- Code Failed, Improving ---
Feedback: failed in test case: {'input': '4\n5\n231\n7\n2323\n6\n333\n24\n133321333\n', 'output': ['25\n1438\n1101\n686531475\n']}

--- Code Improvement Iteration 4 of 4 ---
--- Code Failed, Improving ---
Feedback: failed in test case: {'input': '4\n5\n231\n7\n2323\n6\n333\n24\n133321333\n', 'output': ['25\n1438\n1101\n686531475\n']}

--- Ending run_single_pass ---
Final Code: 
Total Prompt Tokens: 0
Total Completion Tokens: 0
________________________


--- Starting run_single_pass ---
Task ID: 1607
--- Planning Iteration 1 of 4 ---
--- Generating Final Code ---
--- Code Improvement Iteration 1 of 4 ---
--- Code Failed, Improving ---
Feedback: failed in test case: {'input': 'QAQAQYSYIOIWIN\n', 'output': ['4\n']}
failed in test case: {'input': 'QAQQQZZYNOIWIN\n', 'output': ['3\n']}

--- Code Improvement Iteration 2 of 4 ---
--- Code Failed, Improving ---
Feedback: failed in test case: {'input': 'QAQAQYSYIOIWIN\n', 'output': ['4\n']}
failed in test case: {'input': 'QAQQQZZYNOIWIN\n', 'output': ['3\n']}

--- Code Improvement Iteration 3 of 4 ---
--- Code Failed, Improving ---
Feedback: failed in test case: {'input': 'QAQAQYSYIOIWIN\n', 'output': ['4\n']}
failed in test case: {'input': 'QAQQQZZYNOIWIN\n', 'output': ['3\n']}

--- Code Improvement Iteration 4 of 4 ---
--- Code Failed, Improving ---
Feedback: failed in test case: {'input': 'QAQAQYSYIOIWIN\n', 'output': ['4\n']}
failed in test case: {'input': 'QAQQQZZYNOIWIN\n', 'output': ['3\n']}

--- Ending run_single_pass ---
Final Code: 
import sys

def solve() -> None:
    """
    Reads a single line consisting of uppercase letters and prints the number of
    subsequences "QAQ".
    """
    # read the whole line and strip the trailing newline
    s = sys.stdin.readline().strip()

    total_q = s.count('Q')   # total number of 'Q' in the whole string
    left_q = 0                # number of 'Q' seen so far while scanning
    ans = 0                   # accumulator for the result

    for ch in s:
        if ch == 'A':
            # left_q * (total_q - left_q) counts all choices of a 'Q' before
            # this 'A' and a 'Q' after it.
            ans += left_q * (total_q - left_q)
        elif ch == 'Q':
            left_q += 1

    print(ans)


if __name__ == "__main__":
    solve()



Total Prompt Tokens: 0
Total Completion Tokens: 0
________________________


--- Starting run_single_pass ---
Task ID: 2190
--- Planning Iteration 1 of 4 ---
--- Generating Final Code ---
--- Code Improvement Iteration 1 of 4 ---
--- Code Failed, Improving ---
Feedback: failed in test case: {'input': '10\n10 9 7 8 6 5 3 4 2 1\n', 'output': ['2\n']}
failed in test case: {'input': '6\n1 2 3 4 5 6\n', 'output': ['0\n']}

--- Code Improvement Iteration 2 of 4 ---
--- Code Failed, Improving ---
Feedback: failed in test case: {'input': '10\n10 9 7 8 6 5 3 4 2 1\n', 'output': ['2\n']}
failed in test case: {'input': '6\n1 2 3 4 5 6\n', 'output': ['0\n']}

--- Code Improvement Iteration 3 of 4 ---
--- Code Failed, Improving ---
Feedback: failed in test case: {'input': '10\n10 9 7 8 6 5 3 4 2 1\n', 'output': ['2\n']}
failed in test case: {'input': '6\n1 2 3 4 5 6\n', 'output': ['0\n']}

--- Code Improvement Iteration 4 of 4 ---
--- Code Failed, Improving ---
Feedback: failed in test case: {'input': '10\n10 9 7 8 6 5 3 4 2 1\n', 'output': ['2\n']}
failed in test case: {'input': '6\n1 2 3 4 5 6\n', 'output': ['0\n']}

--- Ending run_single_pass ---
Final Code: 
Total Prompt Tokens: 0
Total Completion Tokens: 0
________________________


--- Starting run_single_pass ---
Task ID: 2095
--- Planning Iteration 1 of 4 ---
--- Generating Final Code ---
--- Code Improvement Iteration 1 of 4 ---
--- Code Failed, Improving ---
Feedback: failed in test case: {'input': '4\n2 3 3 4\n', 'output': ['1\n2 3 4 4 \n']}
failed in test case: {'input': '5\n3 2 2 5 3\n', 'output': ['0\n3 2 2 5 3 \n']}
failed in test case: {'input': '8\n2 3 5 4 1 6 6 7\n', 'output': ['2\n2 3 7 8 1 6 6 7\n']}

--- Code Improvement Iteration 2 of 4 ---
--- Code Failed, Improving ---
Feedback: failed in test case: {'input': '4\n2 3 3 4\n', 'output': ['1\n2 3 4 4 \n']}
failed in test case: {'input': '5\n3 2 2 5 3\n', 'output': ['0\n3 2 2 5 3 \n']}
failed in test case: {'input': '8\n2 3 5 4 1 6 6 7\n', 'output': ['2\n2 3 7 8 1 6 6 7\n']}

--- Code Improvement Iteration 3 of 4 ---
--- Code Failed, Improving ---
Feedback: failed in test case: {'input': '4\n2 3 3 4\n', 'output': ['1\n2 3 4 4 \n']}
failed in test case: {'input': '5\n3 2 2 5 3\n', 'output': ['0\n3 2 2 5 3 \n']}
failed in test case: {'input': '8\n2 3 5 4 1 6 6 7\n', 'output': ['2\n2 3 7 8 1 6 6 7\n']}

--- Code Improvement Iteration 4 of 4 ---
--- Code Failed, Improving ---
Feedback: failed in test case: {'input': '4\n2 3 3 4\n', 'output': ['1\n2 3 4 4 \n']}
failed in test case: {'input': '5\n3 2 2 5 3\n', 'output': ['0\n3 2 2 5 3 \n']}
failed in test case: {'input': '8\n2 3 5 4 1 6 6 7\n', 'output': ['2\n2 3 7 8 1 6 6 7\n']}

--- Ending run_single_pass ---
Final Code: 
Total Prompt Tokens: 0
Total Completion Tokens: 0
________________________


--- Starting run_single_pass ---
Task ID: 2042
--- Planning Iteration 1 of 4 ---
--- Generating Final Code ---
--- Code Improvement Iteration 1 of 4 ---
--- Code Failed, Improving ---
Feedback: failed in test case: {'input': '4 2 3 10\nwwhw\n', 'output': ['2\n']}
failed in test case: {'input': '5 2 4 13\nhhwhh\n', 'output': ['4\n']}
failed in test case: {'input': '5 2 4 1000\nhhwhh\n', 'output': ['5\n']}
failed in test case: {'input': '3 1 100 10\nwhw\n', 'output': ['0\n']}

--- Code Improvement Iteration 2 of 4 ---
--- Code Failed, Improving ---
Feedback: failed in test case: {'input': '4 2 3 10\nwwhw\n', 'output': ['2\n']}
failed in test case: {'input': '5 2 4 13\nhhwhh\n', 'output': ['4\n']}
failed in test case: {'input': '5 2 4 1000\nhhwhh\n', 'output': ['5\n']}
failed in test case: {'input': '3 1 100 10\nwhw\n', 'output': ['0\n']}

--- Code Improvement Iteration 3 of 4 ---
--- Code Failed, Improving ---
Feedback: failed in test case: {'input': '4 2 3 10\nwwhw\n', 'output': ['2\n']}
failed in test case: {'input': '5 2 4 13\nhhwhh\n', 'output': ['4\n']}
failed in test case: {'input': '5 2 4 1000\nhhwhh\n', 'output': ['5\n']}
failed in test case: {'input': '3 1 100 10\nwhw\n', 'output': ['0\n']}

--- Code Improvement Iteration 4 of 4 ---
--- Code Failed, Improving ---
Feedback: failed in test case: {'input': '4 2 3 10\nwwhw\n', 'output': ['2\n']}
failed in test case: {'input': '5 2 4 13\nhhwhh\n', 'output': ['4\n']}
failed in test case: {'input': '5 2 4 1000\nhhwhh\n', 'output': ['5\n']}
failed in test case: {'input': '3 1 100 10\nwhw\n', 'output': ['0\n']}

--- Ending run_single_pass ---
Final Code: 
Total Prompt Tokens: 0
Total Completion Tokens: 0
________________________


--- Starting run_single_pass ---
Task ID: 2037
--- Planning Iteration 1 of 4 ---
--- Generating Final Code ---
--- Code Improvement Iteration 1 of 4 ---
--- Code Failed, Improving ---
Feedback: failed in test case: {'input': '2\n3 5\n5 3\n', 'output': ['10']}
failed in test case: {'input': '2\n5 3\n3 5\n', 'output': ['12']}

--- Code Improvement Iteration 2 of 4 ---
--- Code Failed, Improving ---
Feedback: failed in test case: {'input': '2\n3 5\n5 3\n', 'output': ['10']}
failed in test case: {'input': '2\n5 3\n3 5\n', 'output': ['12']}

--- Code Improvement Iteration 3 of 4 ---
--- Code Failed, Improving ---
Feedback: failed in test case: {'input': '2\n3 5\n5 3\n', 'output': ['10']}
failed in test case: {'input': '2\n5 3\n3 5\n', 'output': ['12']}

--- Code Improvement Iteration 4 of 4 ---
--- Code Failed, Improving ---
Feedback: failed in test case: {'input': '2\n3 5\n5 3\n', 'output': ['10']}
failed in test case: {'input': '2\n5 3\n3 5\n', 'output': ['12']}

--- Ending run_single_pass ---
Final Code: 
Total Prompt Tokens: 0
Total Completion Tokens: 0
________________________


#########################
Running end QwenCoderTurbo-MapCoder-APPS-Python3-0.0-1, Time: 2025-11-26 20:43:15.177548
##########################

