#########################
Running start QwenCoderTurbo-MapCoder-APPS-Python3-0.0-1, Time: 2025-11-26 13:22:01.312112
##########################

--- Starting run_single_pass ---
Task ID: 2199
--- Planning Iteration 1 of 4 ---
--- Generating Final Code ---
--- Code Improvement Iteration 1 of 4 ---
--- Code Failed, Improving ---
Feedback: failed in test case: {'input': '7 4\n1 2\n1 3\n1 4\n3 5\n3 6\n4 7\n', 'output': ['7']}
failed in test case: {'input': '4 1\n1 2\n1 3\n2 4\n', 'output': ['2']}
failed in test case: {'input': '8 5\n7 5\n1 7\n6 1\n3 7\n8 3\n2 1\n4 5\n', 'output': ['9']}

--- Code Improvement Iteration 2 of 4 ---
--- Code Failed, Improving ---
Feedback: failed in test case: {'input': '7 4\n1 2\n1 3\n1 4\n3 5\n3 6\n4 7\n', 'output': ['7']}
failed in test case: {'input': '4 1\n1 2\n1 3\n2 4\n', 'output': ['2']}
failed in test case: {'input': '8 5\n7 5\n1 7\n6 1\n3 7\n8 3\n2 1\n4 5\n', 'output': ['9']}

--- Code Improvement Iteration 3 of 4 ---
--- Code Failed, Improving ---
Feedback: failed in test case: {'input': '7 4\n1 2\n1 3\n1 4\n3 5\n3 6\n4 7\n', 'output': ['7']}
failed in test case: {'input': '4 1\n1 2\n1 3\n2 4\n', 'output': ['2']}
failed in test case: {'input': '8 5\n7 5\n1 7\n6 1\n3 7\n8 3\n2 1\n4 5\n', 'output': ['9']}

--- Code Improvement Iteration 4 of 4 ---
--- Code Failed, Improving ---
Feedback: failed in test case: {'input': '7 4\n1 2\n1 3\n1 4\n3 5\n3 6\n4 7\n', 'output': ['7']}
failed in test case: {'input': '4 1\n1 2\n1 3\n2 4\n', 'output': ['2']}
failed in test case: {'input': '8 5\n7 5\n1 7\n6 1\n3 7\n8 3\n2 1\n4 5\n', 'output': ['9']}

--- Ending run_single_pass ---
Final Code: 
import sys

def solve() -> None:
    data = sys.stdin.buffer.read().split()
    it = iter(data)
    n = int(next(it))
    k = int(next(it))

    # adjacency list
    g = [[] for _ in range(n + 1)]
    for _ in range(n - 1):
        u = int(next(it))
        v = int(next(it))
        g[u].append(v)
        g[v].append(u)

    parent = [0] * (n + 1)
    depth = [0] * (n + 1)
    order = []                     # DFS preorder
    stack = [1]
    parent[1] = -1                  # mark root's parent

    while stack:
        v = stack.pop()
        order.append(v)
        for nb in g[v]:
            if nb == parent[v]:
                continue
            parent[nb] = v
            depth[nb] = depth[v] + 1
            stack.append(nb)

    # subtree sizes (postorder)
    sub = [1] * (n + 1)
    for v in reversed(order):
        for nb in g[v]:
            if nb == parent[v]:
                continue
            sub[v] += sub[nb]

    # gain of each vertex
    gains = [depth[i] - (sub[i] - 1) for i in range(1, n + 1)]
    gains.sort(reverse=True)

    ans = sum(gains[:k])
    sys.stdout.write(str(ans))

if __name__ == "__main__":
    solve()



Total Prompt Tokens: 0
Total Completion Tokens: 0
________________________


--- Starting run_single_pass ---
Task ID: 2144
--- Planning Iteration 1 of 4 ---
--- Generating Final Code ---
--- Code Improvement Iteration 1 of 4 ---
--- Code Failed, Improving ---
Feedback: failed in test case: {'input': '4\n3 1 7 4\n2 3 2\n2 8 5\n1 10\n', 'output': ['Yes\n7 2\n2 3\n5 1\n10 4\n']}
failed in test case: {'input': '2\n2 3 -2\n2 -1 5\n', 'output': ['No\n']}
failed in test case: {'input': '2\n2 -10 10\n2 0 -20\n', 'output': ['Yes\n-10 2\n-20 1\n']}

--- Code Improvement Iteration 2 of 4 ---
--- Code Failed, Improving ---
Feedback: failed in test case: {'input': '4\n3 1 7 4\n2 3 2\n2 8 5\n1 10\n', 'output': ['Yes\n7 2\n2 3\n5 1\n10 4\n']}
failed in test case: {'input': '2\n2 3 -2\n2 -1 5\n', 'output': ['No\n']}
failed in test case: {'input': '2\n2 -10 10\n2 0 -20\n', 'output': ['Yes\n-10 2\n-20 1\n']}

--- Code Improvement Iteration 3 of 4 ---
--- Code Failed, Improving ---
Feedback: failed in test case: {'input': '4\n3 1 7 4\n2 3 2\n2 8 5\n1 10\n', 'output': ['Yes\n7 2\n2 3\n5 1\n10 4\n']}
failed in test case: {'input': '2\n2 3 -2\n2 -1 5\n', 'output': ['No\n']}
failed in test case: {'input': '2\n2 -10 10\n2 0 -20\n', 'output': ['Yes\n-10 2\n-20 1\n']}

--- Code Improvement Iteration 4 of 4 ---
--- Code Failed, Improving ---
Feedback: failed in test case: {'input': '4\n3 1 7 4\n2 3 2\n2 8 5\n1 10\n', 'output': ['Yes\n7 2\n2 3\n5 1\n10 4\n']}
failed in test case: {'input': '2\n2 3 -2\n2 -1 5\n', 'output': ['No\n']}
failed in test case: {'input': '2\n2 -10 10\n2 0 -20\n', 'output': ['Yes\n-10 2\n-20 1\n']}

--- Ending run_single_pass ---
Final Code: 
Total Prompt Tokens: 0
Total Completion Tokens: 0
________________________


--- Starting run_single_pass ---
Task ID: 2170
--- Planning Iteration 1 of 4 ---
--- Generating Final Code ---
--- Code Improvement Iteration 1 of 4 ---
--- Code Failed, Improving ---
Feedback: failed in test case: {'input': '3 6\n5 3 1\n', 'output': ['15\n']}
failed in test case: {'input': '1 4\n19\n', 'output': ['91\n']}

--- Code Improvement Iteration 2 of 4 ---
--- Code Failed, Improving ---
Feedback: failed in test case: {'input': '3 6\n5 3 1\n', 'output': ['15\n']}
failed in test case: {'input': '1 4\n19\n', 'output': ['91\n']}

--- Code Improvement Iteration 3 of 4 ---
--- Code Failed, Improving ---
Feedback: failed in test case: {'input': '3 6\n5 3 1\n', 'output': ['15\n']}
failed in test case: {'input': '1 4\n19\n', 'output': ['91\n']}

--- Code Improvement Iteration 4 of 4 ---
--- Code Failed, Improving ---
Feedback: failed in test case: {'input': '3 6\n5 3 1\n', 'output': ['15\n']}
failed in test case: {'input': '1 4\n19\n', 'output': ['91\n']}

--- Ending run_single_pass ---
Final Code: 
Total Prompt Tokens: 0
Total Completion Tokens: 0
________________________


--- Starting run_single_pass ---
Task ID: 2070
--- Planning Iteration 1 of 4 ---
--- Generating Final Code ---
--- Code Improvement Iteration 1 of 4 ---
--- Code Failed, Improving ---
Feedback: failed in test case: {'input': '5\n3 6 9 12 15\n', 'output': ['36\n']}
failed in test case: {'input': '4\n3 7 5 2\n', 'output': ['1000000006\n']}

--- Code Improvement Iteration 2 of 4 ---
--- Code Failed, Improving ---
Feedback: failed in test case: {'input': '5\n3 6 9 12 15\n', 'output': ['36\n']}
failed in test case: {'input': '4\n3 7 5 2\n', 'output': ['1000000006\n']}

--- Code Improvement Iteration 3 of 4 ---
--- Code Failed, Improving ---
Feedback: failed in test case: {'input': '5\n3 6 9 12 15\n', 'output': ['36\n']}
failed in test case: {'input': '4\n3 7 5 2\n', 'output': ['1000000006\n']}

--- Code Improvement Iteration 4 of 4 ---
--- Code Failed, Improving ---
Feedback: failed in test case: {'input': '5\n3 6 9 12 15\n', 'output': ['36\n']}
failed in test case: {'input': '4\n3 7 5 2\n', 'output': ['1000000006\n']}

--- Ending run_single_pass ---
Final Code: 
Total Prompt Tokens: 0
Total Completion Tokens: 0
________________________


--- Starting run_single_pass ---
Task ID: 2215
--- Planning Iteration 1 of 4 ---
--- Generating Final Code ---
--- Code Improvement Iteration 1 of 4 ---
--- Code Failed, Improving ---
Feedback: failed in test case: {'input': '5 5 3\n1 2 1\n2 3 2\n1 3 3\n3 4 4\n1 5 5\n3 5\n4 5\n5 5\n', 'output': ['2\n']}
failed in test case: {'input': '2 2 3\n1 2 2\n2 1 3\n2 1\n2 2\n2 3\n', 'output': ['2\n']}

--- Code Improvement Iteration 2 of 4 ---
--- Code Failed, Improving ---
Feedback: failed in test case: {'input': '5 5 3\n1 2 1\n2 3 2\n1 3 3\n3 4 4\n1 5 5\n3 5\n4 5\n5 5\n', 'output': ['2\n']}
failed in test case: {'input': '2 2 3\n1 2 2\n2 1 3\n2 1\n2 2\n2 3\n', 'output': ['2\n']}

--- Code Improvement Iteration 3 of 4 ---
--- Code Failed, Improving ---
Feedback: failed in test case: {'input': '5 5 3\n1 2 1\n2 3 2\n1 3 3\n3 4 4\n1 5 5\n3 5\n4 5\n5 5\n', 'output': ['2\n']}
failed in test case: {'input': '2 2 3\n1 2 2\n2 1 3\n2 1\n2 2\n2 3\n', 'output': ['2\n']}

--- Code Improvement Iteration 4 of 4 ---
--- Code Failed, Improving ---
Feedback: failed in test case: {'input': '5 5 3\n1 2 1\n2 3 2\n1 3 3\n3 4 4\n1 5 5\n3 5\n4 5\n5 5\n', 'output': ['2\n']}
failed in test case: {'input': '2 2 3\n1 2 2\n2 1 3\n2 1\n2 2\n2 3\n', 'output': ['2\n']}

--- Ending run_single_pass ---
Final Code: 
Total Prompt Tokens: 0
Total Completion Tokens: 0
________________________


--- Starting run_single_pass ---
Task ID: 2187
--- Planning Iteration 1 of 4 ---
--- Generating Final Code ---
--- Code Improvement Iteration 1 of 4 ---
--- Code Failed, Improving ---
Feedback: failed in test case: {'input': '6\n', 'output': ['2\n6 3\n2 4\n']}
failed in test case: {'input': '9\n', 'output': ['3\n9 3\n2 4\n6 8\n']}
failed in test case: {'input': '2\n', 'output': ['0\n']}

--- Code Improvement Iteration 2 of 4 ---
--- Code Failed, Improving ---
Feedback: failed in test case: {'input': '6\n', 'output': ['2\n6 3\n2 4\n']}
failed in test case: {'input': '9\n', 'output': ['3\n9 3\n2 4\n6 8\n']}
failed in test case: {'input': '2\n', 'output': ['0\n']}

--- Code Improvement Iteration 3 of 4 ---
--- Code Failed, Improving ---
Feedback: failed in test case: {'input': '6\n', 'output': ['2\n6 3\n2 4\n']}
failed in test case: {'input': '9\n', 'output': ['3\n9 3\n2 4\n6 8\n']}
failed in test case: {'input': '2\n', 'output': ['0\n']}

--- Code Improvement Iteration 4 of 4 ---
--- Code Failed, Improving ---
Feedback: failed in test case: {'input': '6\n', 'output': ['2\n6 3\n2 4\n']}
failed in test case: {'input': '9\n', 'output': ['3\n9 3\n2 4\n6 8\n']}
failed in test case: {'input': '2\n', 'output': ['0\n']}

--- Ending run_single_pass ---
Final Code: 
Total Prompt Tokens: 0
Total Completion Tokens: 0
________________________


--- Starting run_single_pass ---
Task ID: 2047
--- Planning Iteration 1 of 4 ---
--- Generating Final Code ---
--- Code Improvement Iteration 1 of 4 ---
--- Code Failed, Improving ---
Feedback: failed in test case: {'input': '4 5\n1 2 0 4\n1 2 0 4\n5 0 0 3\n0 5 0 3\n', 'output': ['6\n1 1 1\n2 1 2\n4 1 4\n3 4 4\n5 3 2\n5 4 2\n']}
failed in test case: {'input': '1 2\n1\n2\n1\n2\n', 'output': ['-1\n']}
failed in test case: {'input': '1 2\n1\n1\n2\n2\n', 'output': ['2\n1 1 1\n2 4 1\n']}

--- Code Improvement Iteration 2 of 4 ---
--- Code Failed, Improving ---
Feedback: failed in test case: {'input': '4 5\n1 2 0 4\n1 2 0 4\n5 0 0 3\n0 5 0 3\n', 'output': ['6\n1 1 1\n2 1 2\n4 1 4\n3 4 4\n5 3 2\n5 4 2\n']}
failed in test case: {'input': '1 2\n1\n2\n1\n2\n', 'output': ['-1\n']}
failed in test case: {'input': '1 2\n1\n1\n2\n2\n', 'output': ['2\n1 1 1\n2 4 1\n']}

--- Code Improvement Iteration 3 of 4 ---
--- Code Failed, Improving ---
Feedback: failed in test case: {'input': '4 5\n1 2 0 4\n1 2 0 4\n5 0 0 3\n0 5 0 3\n', 'output': ['6\n1 1 1\n2 1 2\n4 1 4\n3 4 4\n5 3 2\n5 4 2\n']}
failed in test case: {'input': '1 2\n1\n2\n1\n2\n', 'output': ['-1\n']}
failed in test case: {'input': '1 2\n1\n1\n2\n2\n', 'output': ['2\n1 1 1\n2 4 1\n']}

--- Code Improvement Iteration 4 of 4 ---
--- Code Failed, Improving ---
Feedback: failed in test case: {'input': '4 5\n1 2 0 4\n1 2 0 4\n5 0 0 3\n0 5 0 3\n', 'output': ['6\n1 1 1\n2 1 2\n4 1 4\n3 4 4\n5 3 2\n5 4 2\n']}
failed in test case: {'input': '1 2\n1\n2\n1\n2\n', 'output': ['-1\n']}
failed in test case: {'input': '1 2\n1\n1\n2\n2\n', 'output': ['2\n1 1 1\n2 4 1\n']}

--- Ending run_single_pass ---
Final Code: 
Total Prompt Tokens: 0
Total Completion Tokens: 0
________________________


--- Starting run_single_pass ---
Task ID: 2026
--- Planning Iteration 1 of 4 ---
--- Generating Final Code ---
--- Code Improvement Iteration 1 of 4 ---
--- Code Failed, Improving ---
Feedback: failed in test case: {'input': '3 1000\n1000\n0 0\n0 1\n0 3\n', 'output': ['2000\n']}
failed in test case: {'input': '3 1000\n1000\n1 0\n1 1\n1 2\n', 'output': ['1000\n']}

--- Code Improvement Iteration 2 of 4 ---
--- Code Failed, Improving ---
Feedback: failed in test case: {'input': '3 1000\n1000\n0 0\n0 1\n0 3\n', 'output': ['2000\n']}
failed in test case: {'input': '3 1000\n1000\n1 0\n1 1\n1 2\n', 'output': ['1000\n']}

--- Code Improvement Iteration 3 of 4 ---
--- Code Failed, Improving ---
Feedback: failed in test case: {'input': '3 1000\n1000\n0 0\n0 1\n0 3\n', 'output': ['2000\n']}
failed in test case: {'input': '3 1000\n1000\n1 0\n1 1\n1 2\n', 'output': ['1000\n']}

--- Code Improvement Iteration 4 of 4 ---
--- Code Failed, Improving ---
Feedback: failed in test case: {'input': '3 1000\n1000\n0 0\n0 1\n0 3\n', 'output': ['2000\n']}
failed in test case: {'input': '3 1000\n1000\n1 0\n1 1\n1 2\n', 'output': ['1000\n']}

--- Ending run_single_pass ---
Final Code: 
Total Prompt Tokens: 0
Total Completion Tokens: 0
________________________


--- Starting run_single_pass ---
Task ID: 2146
--- Planning Iteration 1 of 4 ---
--- Generating Final Code ---
--- Code Improvement Iteration 1 of 4 ---
--- Code Failed, Improving ---
Feedback: failed in test case: {'input': '5 2 11\n8 10 15 23 5\n', 'output': ['48\n']}
failed in test case: {'input': '20 2 16\n20 5 8 2 18 16 2 16 16 1 5 16 2 13 6 16 4 17 21 7\n', 'output': ['195\n']}

--- Code Improvement Iteration 2 of 4 ---
--- Code Failed, Improving ---
Feedback: failed in test case: {'input': '5 2 11\n8 10 15 23 5\n', 'output': ['48\n']}
failed in test case: {'input': '20 2 16\n20 5 8 2 18 16 2 16 16 1 5 16 2 13 6 16 4 17 21 7\n', 'output': ['195\n']}

--- Code Improvement Iteration 3 of 4 ---
--- Code Failed, Improving ---
Feedback: failed in test case: {'input': '5 2 11\n8 10 15 23 5\n', 'output': ['48\n']}
failed in test case: {'input': '20 2 16\n20 5 8 2 18 16 2 16 16 1 5 16 2 13 6 16 4 17 21 7\n', 'output': ['195\n']}

--- Code Improvement Iteration 4 of 4 ---
--- Code Failed, Improving ---
Feedback: failed in test case: {'input': '5 2 11\n8 10 15 23 5\n', 'output': ['48\n']}
failed in test case: {'input': '20 2 16\n20 5 8 2 18 16 2 16 16 1 5 16 2 13 6 16 4 17 21 7\n', 'output': ['195\n']}

--- Ending run_single_pass ---
Final Code: 
Total Prompt Tokens: 0
Total Completion Tokens: 0
________________________


--- Starting run_single_pass ---
Task ID: 2159
--- Planning Iteration 1 of 4 ---
--- Generating Final Code ---
--- Code Improvement Iteration 1 of 4 ---
--- Code Failed, Improving ---
Feedback: failed in test case: {'input': '5 5\n1 1\n1 1\n2 2\n3 3\n4 4\n', 'output': ['11\n']}
failed in test case: {'input': '5 5\n4 1\n4 2\n4 3\n4 4\n4 5\n', 'output': ['9\n']}
failed in test case: {'input': '2 2\n1 1\n2 10\n', 'output': ['10\n']}

--- Code Improvement Iteration 2 of 4 ---
--- Code Failed, Improving ---
Feedback: failed in test case: {'input': '5 5\n1 1\n1 1\n2 2\n3 3\n4 4\n', 'output': ['11\n']}
failed in test case: {'input': '5 5\n4 1\n4 2\n4 3\n4 4\n4 5\n', 'output': ['9\n']}
failed in test case: {'input': '2 2\n1 1\n2 10\n', 'output': ['10\n']}

--- Code Improvement Iteration 3 of 4 ---
--- Code Failed, Improving ---
Feedback: failed in test case: {'input': '5 5\n1 1\n1 1\n2 2\n3 3\n4 4\n', 'output': ['11\n']}
failed in test case: {'input': '5 5\n4 1\n4 2\n4 3\n4 4\n4 5\n', 'output': ['9\n']}
failed in test case: {'input': '2 2\n1 1\n2 10\n', 'output': ['10\n']}

--- Code Improvement Iteration 4 of 4 ---
--- Code Failed, Improving ---
Feedback: failed in test case: {'input': '5 5\n1 1\n1 1\n2 2\n3 3\n4 4\n', 'output': ['11\n']}
failed in test case: {'input': '5 5\n4 1\n4 2\n4 3\n4 4\n4 5\n', 'output': ['9\n']}
failed in test case: {'input': '2 2\n1 1\n2 10\n', 'output': ['10\n']}

--- Ending run_single_pass ---
Final Code: 
Total Prompt Tokens: 0
Total Completion Tokens: 0
________________________


--- Starting run_single_pass ---
Task ID: 2009
--- Planning Iteration 1 of 4 ---
--- Generating Final Code ---
--- Code Improvement Iteration 1 of 4 ---
--- Code Failed, Improving ---
Feedback: failed in test case: {'input': '3\n999999 0\n0 999999\n999999 0\n', 'output': ['1 1 -1 \n']}
failed in test case: {'input': '1\n-824590 246031\n', 'output': ['1 \n']}
failed in test case: {'input': '8\n-67761 603277\n640586 -396671\n46147 -122580\n569609 -2112\n400 914208\n131792 309779\n-850150 -486293\n5272 721899\n', 'output': ['1 1 1 1 1 1 1 -1 \n']}

--- Code Improvement Iteration 2 of 4 ---
--- Code Failed, Improving ---
Feedback: failed in test case: {'input': '3\n999999 0\n0 999999\n999999 0\n', 'output': ['1 1 -1 \n']}
failed in test case: {'input': '1\n-824590 246031\n', 'output': ['1 \n']}
failed in test case: {'input': '8\n-67761 603277\n640586 -396671\n46147 -122580\n569609 -2112\n400 914208\n131792 309779\n-850150 -486293\n5272 721899\n', 'output': ['1 1 1 1 1 1 1 -1 \n']}

--- Code Improvement Iteration 3 of 4 ---
--- Code Failed, Improving ---
Feedback: failed in test case: {'input': '3\n999999 0\n0 999999\n999999 0\n', 'output': ['1 1 -1 \n']}
failed in test case: {'input': '1\n-824590 246031\n', 'output': ['1 \n']}
failed in test case: {'input': '8\n-67761 603277\n640586 -396671\n46147 -122580\n569609 -2112\n400 914208\n131792 309779\n-850150 -486293\n5272 721899\n', 'output': ['1 1 1 1 1 1 1 -1 \n']}

--- Code Improvement Iteration 4 of 4 ---
--- Code Failed, Improving ---
Feedback: failed in test case: {'input': '3\n999999 0\n0 999999\n999999 0\n', 'output': ['1 1 -1 \n']}
failed in test case: {'input': '1\n-824590 246031\n', 'output': ['1 \n']}
failed in test case: {'input': '8\n-67761 603277\n640586 -396671\n46147 -122580\n569609 -2112\n400 914208\n131792 309779\n-850150 -486293\n5272 721899\n', 'output': ['1 1 1 1 1 1 1 -1 \n']}

--- Ending run_single_pass ---
Final Code: 
Total Prompt Tokens: 0
Total Completion Tokens: 0
________________________


--- Starting run_single_pass ---
Task ID: 2066
--- Planning Iteration 1 of 4 ---
--- Generating Final Code ---
--- Code Improvement Iteration 1 of 4 ---
--- Code Failed, Improving ---
Feedback: failed in test case: {'input': '6\n0 1 3 7 15 31\n', 'output': ['7\n']}
failed in test case: {'input': '2\n73 37\n', 'output': ['36\n']}

--- Code Improvement Iteration 2 of 4 ---
--- Code Failed, Improving ---
Feedback: failed in test case: {'input': '6\n0 1 3 7 15 31\n', 'output': ['7\n']}
failed in test case: {'input': '2\n73 37\n', 'output': ['36\n']}

--- Code Improvement Iteration 3 of 4 ---
--- Code Failed, Improving ---
Feedback: failed in test case: {'input': '6\n0 1 3 7 15 31\n', 'output': ['7\n']}
failed in test case: {'input': '2\n73 37\n', 'output': ['36\n']}

--- Code Improvement Iteration 4 of 4 ---
--- Code Failed, Improving ---
Feedback: failed in test case: {'input': '6\n0 1 3 7 15 31\n', 'output': ['7\n']}
failed in test case: {'input': '2\n73 37\n', 'output': ['36\n']}

--- Ending run_single_pass ---
Final Code: 
Total Prompt Tokens: 0
Total Completion Tokens: 0
________________________


--- Starting run_single_pass ---
Task ID: 2104
--- Planning Iteration 1 of 4 ---
--- Generating Final Code ---
--- Code Improvement Iteration 1 of 4 ---
--- Code Failed, Improving ---
Feedback: failed in test case: {'input': '4\n4 1 3 2 3 2 1 3\n', 'output': ['1']}
failed in test case: {'input': '3\n5 8 5 5 7 5\n', 'output': ['0']}

--- Code Improvement Iteration 2 of 4 ---
--- Code Failed, Improving ---
Feedback: failed in test case: {'input': '4\n4 1 3 2 3 2 1 3\n', 'output': ['1']}
failed in test case: {'input': '3\n5 8 5 5 7 5\n', 'output': ['0']}

--- Code Improvement Iteration 3 of 4 ---
--- Code Failed, Improving ---
Feedback: failed in test case: {'input': '4\n4 1 3 2 3 2 1 3\n', 'output': ['1']}
failed in test case: {'input': '3\n5 8 5 5 7 5\n', 'output': ['0']}

--- Code Improvement Iteration 4 of 4 ---
--- Code Failed, Improving ---
Feedback: failed in test case: {'input': '4\n4 1 3 2 3 2 1 3\n', 'output': ['1']}
failed in test case: {'input': '3\n5 8 5 5 7 5\n', 'output': ['0']}

--- Ending run_single_pass ---
Final Code: 
Total Prompt Tokens: 0
Total Completion Tokens: 0
________________________


--- Starting run_single_pass ---
Task ID: 2075
--- Planning Iteration 1 of 4 ---
--- Generating Final Code ---
--- Code Improvement Iteration 1 of 4 ---
--- Code Failed, Improving ---
Feedback: failed in test case: {'input': '3 3 3\n2 2 2\n1 1 3\n', 'output': ['YES\n']}
failed in test case: {'input': '4 7 9\n5 2 7 3\n3 5 2 7 3 8 7\n', 'output': ['NO\n']}

--- Code Improvement Iteration 2 of 4 ---
--- Code Failed, Improving ---
Feedback: failed in test case: {'input': '3 3 3\n2 2 2\n1 1 3\n', 'output': ['YES\n']}
failed in test case: {'input': '4 7 9\n5 2 7 3\n3 5 2 7 3 8 7\n', 'output': ['NO\n']}

--- Code Improvement Iteration 3 of 4 ---
--- Code Failed, Improving ---
Feedback: failed in test case: {'input': '3 3 3\n2 2 2\n1 1 3\n', 'output': ['YES\n']}
failed in test case: {'input': '4 7 9\n5 2 7 3\n3 5 2 7 3 8 7\n', 'output': ['NO\n']}

--- Code Improvement Iteration 4 of 4 ---
--- Code Failed, Improving ---
Feedback: failed in test case: {'input': '3 3 3\n2 2 2\n1 1 3\n', 'output': ['YES\n']}
failed in test case: {'input': '4 7 9\n5 2 7 3\n3 5 2 7 3 8 7\n', 'output': ['NO\n']}

--- Ending run_single_pass ---
Final Code: 
Total Prompt Tokens: 0
Total Completion Tokens: 0
________________________


--- Starting run_single_pass ---
Task ID: 2000
--- Planning Iteration 1 of 4 ---
--- Generating Final Code ---
--- Code Improvement Iteration 1 of 4 ---
--- Code Failed, Improving ---
Feedback: failed in test case: {'input': '5 5 20 25\n1 2 25\n2 3 25\n3 4 20\n4 5 20\n5 1 20\n', 'output': ['0 25 60 40 20\n']}
failed in test case: {'input': '6 7 13 22\n1 2 13\n2 3 13\n1 4 22\n3 4 13\n4 5 13\n5 6 13\n6 1 13\n', 'output': ['0 13 26 39 26 13\n']}

--- Code Improvement Iteration 2 of 4 ---
--- Code Failed, Improving ---
Feedback: failed in test case: {'input': '5 5 20 25\n1 2 25\n2 3 25\n3 4 20\n4 5 20\n5 1 20\n', 'output': ['0 25 60 40 20\n']}
failed in test case: {'input': '6 7 13 22\n1 2 13\n2 3 13\n1 4 22\n3 4 13\n4 5 13\n5 6 13\n6 1 13\n', 'output': ['0 13 26 39 26 13\n']}

--- Code Improvement Iteration 3 of 4 ---
--- Code Failed, Improving ---
Feedback: failed in test case: {'input': '5 5 20 25\n1 2 25\n2 3 25\n3 4 20\n4 5 20\n5 1 20\n', 'output': ['0 25 60 40 20\n']}
failed in test case: {'input': '6 7 13 22\n1 2 13\n2 3 13\n1 4 22\n3 4 13\n4 5 13\n5 6 13\n6 1 13\n', 'output': ['0 13 26 39 26 13\n']}

--- Code Improvement Iteration 4 of 4 ---
--- Code Failed, Improving ---
Feedback: failed in test case: {'input': '5 5 20 25\n1 2 25\n2 3 25\n3 4 20\n4 5 20\n5 1 20\n', 'output': ['0 25 60 40 20\n']}
failed in test case: {'input': '6 7 13 22\n1 2 13\n2 3 13\n1 4 22\n3 4 13\n4 5 13\n5 6 13\n6 1 13\n', 'output': ['0 13 26 39 26 13\n']}

--- Ending run_single_pass ---
Final Code: 
Total Prompt Tokens: 0
Total Completion Tokens: 0
________________________


#########################
Running end QwenCoderTurbo-MapCoder-APPS-Python3-0.0-1, Time: 2025-11-26 20:31:04.170310
##########################

