Traceback (most recent call last):
  File "C:\Users\chenzaiyi\MapCoder\MapCoder\src\main.py", line 10, in <module>
    from promptings.PromptingFactory import PromptingFactory
  File "C:\Users\chenzaiyi\MapCoder\MapCoder\src\promptings\PromptingFactory.py", line 1, in <module>
    from promptings.CoT import CoTStrategy
  File "C:\Users\chenzaiyi\MapCoder\MapCoder\src\promptings\CoT.py", line 12, in <module>
    from datasets.APPSDataset import APPSDataset
  File "C:\Users\chenzaiyi\MapCoder\MapCoder\src\datasets\APPSDataset.py", line 2, in <module>
    from evaluations.evalute import contest_evaluate, contest_evaluate_public_tests
  File "C:\Users\chenzaiyi\MapCoder\MapCoder\src\evaluations\evalute.py", line 3, in <module>
    import numpy as np
  File "C:\Users\chenzaiyi\miniconda3\Lib\site-packages\numpy\__init__.py", line 467, in <module>
    from . import lib
  File "C:\Users\chenzaiyi\miniconda3\Lib\site-packages\numpy\lib\__init__.py", line 18, in <module>
    from . import (
    ...<23 lines>...
    )
  File "C:\Users\chenzaiyi\miniconda3\Lib\site-packages\numpy\lib\_arraypad_impl.py", line 8, in <module>
    from numpy.lib._index_tricks_impl import ndindex
  File "C:\Users\chenzaiyi\miniconda3\Lib\site-packages\numpy\lib\_index_tricks_impl.py", line 8, in <module>
    import numpy.matrixlib as matrixlib
  File "C:\Users\chenzaiyi\miniconda3\Lib\site-packages\numpy\matrixlib\__init__.py", line 4, in <module>
    from . import defmatrix
  File "C:\Users\chenzaiyi\miniconda3\Lib\site-packages\numpy\matrixlib\defmatrix.py", line 13, in <module>
    from numpy.linalg import matrix_power
  File "C:\Users\chenzaiyi\miniconda3\Lib\site-packages\numpy\linalg\__init__.py", line 87, in <module>
    from . import (
    ...<2 lines>...
    )
  File "C:\Users\chenzaiyi\miniconda3\Lib\site-packages\numpy\linalg\_linalg.py", line 99, in <module>
    from numpy.linalg import _umath_linalg
ImportError: DLL load failed while importing _umath_linalg: 页面文件太小，无法完成操作。
