#########################
Running start QwenCoderTurbo-CoT-APPS-Python3-0.0-1, Time: 2025-11-11 19:40:49.192043
##########################

completed 1/19, Solved: False, number of success = 0/1, acc = 0.0
completed 2/19, Solved: False, number of success = 0/2, acc = 0.0
completed 3/19, Solved: False, number of success = 0/3, acc = 0.0
completed 4/19, Solved: False, number of success = 0/4, acc = 0.0
completed 5/19, Solved: False, number of success = 0/5, acc = 0.0
completed 6/19, Solved: False, number of success = 0/6, acc = 0.0
completed 7/19, Solved: False, number of success = 0/7, acc = 0.0
completed 8/19, Solved: False, number of success = 0/8, acc = 0.0
completed 9/19, Solved: False, number of success = 0/9, acc = 0.0
completed 10/19, Solved: False, number of success = 0/10, acc = 0.0
completed 11/19, Solved: False, number of success = 0/11, acc = 0.0
completed 12/19, Solved: False, number of success = 0/12, acc = 0.0
completed 13/19, Solved: False, number of success = 0/13, acc = 0.0
completed 14/19, Solved: False, number of success = 0/14, acc = 0.0
completed 15/19, Solved: False, number of success = 0/15, acc = 0.0
completed 16/19, Solved: False, number of success = 0/16, acc = 0.0
completed 17/19, Solved: False, number of success = 0/17, acc = 0.0
completed 18/19, Solved: False, number of success = 0/18, acc = 0.0
completed 19/19, Solved: False, number of success = 0/19, acc = 0.0
#########################
Running end QwenCoderTurbo-CoT-APPS-Python3-0.0-1, Time: 2025-11-11 19:44:23.909809
##########################

