#########################
Running start QwenCoder480b-MapCoder-APPS-Python3-0.0-1, Time: 2025-11-17 20:58:32.247974
##########################

--- Starting run_single_pass ---
Task ID: 2162
--- Generating Knowledge Base and Exemplars ---
--- Parsing Knowledge Base and Exemplars ---
--- Planning Iteration 1 of 4 ---
--- Generating Problem Planning ---
--- Parsing Problem Planning ---
--- Generating Planning Verification ---
--- Plan Verification Correct ---
--- Generating Final Code ---
--- Code Improvement Iteration 1 of 4 ---
--- Code Failed, Improving ---
Feedback: failed in test case: {'input': '4\n1 2\n1 3\n1 4\n', 'output': ['0.1250000000\n0.2916666667\n0.2916666667\n0.2916666667\n']}
failed in test case: {'input': '7\n1 2\n1 3\n2 4\n2 5\n3 6\n3 7\n', 'output': ['0.0850694444\n0.0664062500\n0.0664062500\n0.1955295139\n0.1955295139\n0.1955295139\n0.1955295139\n']}

--- Code Improvement Iteration 2 of 4 ---
--- Code Failed, Improving ---
Feedback: failed in test case: {'input': '4\n1 2\n1 3\n1 4\n', 'output': ['0.1250000000\n0.2916666667\n0.2916666667\n0.2916666667\n']}
failed in test case: {'input': '7\n1 2\n1 3\n2 4\n2 5\n3 6\n3 7\n', 'output': ['0.0850694444\n0.0664062500\n0.0664062500\n0.1955295139\n0.1955295139\n0.1955295139\n0.1955295139\n']}

--- Code Improvement Iteration 3 of 4 ---
--- Code Failed, Improving ---
Feedback: failed in test case: {'input': '4\n1 2\n1 3\n1 4\n', 'output': ['0.1250000000\n0.2916666667\n0.2916666667\n0.2916666667\n']}
failed in test case: {'input': '7\n1 2\n1 3\n2 4\n2 5\n3 6\n3 7\n', 'output': ['0.0850694444\n0.0664062500\n0.0664062500\n0.1955295139\n0.1955295139\n0.1955295139\n0.1955295139\n']}

--- Code Improvement Iteration 4 of 4 ---
--- Code Failed, Improving ---
Feedback: failed in test case: {'input': '4\n1 2\n1 3\n1 4\n', 'output': ['0.1250000000\n0.2916666667\n0.2916666667\n0.2916666667\n']}
failed in test case: {'input': '7\n1 2\n1 3\n2 4\n2 5\n3 6\n3 7\n', 'output': ['0.0850694444\n0.0664062500\n0.0664062500\n0.1955295139\n0.1955295139\n0.1955295139\n0.1955295139\n']}

--- Ending run_single_pass ---
Final Code: 
import sys
from collections import defaultdict

def main():
    n = int(sys.stdin.readline())
    
    if n == 1:
        print("1.0000000000")
        return
    
    adj = defaultdict(list)
    
    for _ in range(n - 1):
        u, v = map(int, sys.stdin.readline().split())
        adj[u].append(v)
        adj[v].append(u)
    
    # For each vertex, compute probability that its label becomes final
    def dfs(node, parent):
        # Returns probability array where prob[i] = probability that label i becomes final
        # when we only consider the subtree rooted at node
        
        # Start with node's own probability = 1, others = 0
        prob = [0.0] * (n + 1)
        prob[node] = 1.0
        
        # Count children
        children = [child for child in adj[node] if child != parent]
        
        # For each child, we need to merge its subtree into current node
        for child in children:
            child_prob = dfs(child, node)
            
            # When we contract the edge (node, child), the resulting vertex
            # gets label node with prob 0.5 or label child with prob 0.5
            # So the probability distribution becomes the average of the two
            new_prob = [0.0] * (n + 1)
            for i in range(1, n + 1):
                new_prob[i] = 0.5 * prob[i] + 0.5 * child_prob[i]
            prob = new_prob
        
        return prob
    
    # Run DFS from node 1
    result = dfs(1, -1)
    
    # Output probabilities for labels 1 through n
    for i in range(1, n + 1):
        print(f"{result[i]:.10f}")

if __name__ == "__main__":
    main()



Total Prompt Tokens: 16731
Total Completion Tokens: 6698
________________________


--- Starting run_single_pass ---
Task ID: 2192
--- Generating Knowledge Base and Exemplars ---
--- Parsing Knowledge Base and Exemplars ---
XML ParseError: not well-formed (invalid token): line 3, column 143
Response:
<response>
  <knowledge_base>
- **Beacon Destruction Rule**: When a beacon at position `a_i` with power `b_i` is activated, it destroys all beacons to its left (positions `< a_i`) within distance `b_i` (i.e., positions `>= a_i - b_i`).
- **Activation Order**: Beacons are activated from right to left (in order of decreasing positions). A destroyed beacon cannot be activated.
- **Objective**: Add exactly one new beacon to the right of all existing ones (i.e., at a position greater than max(a_i)) to minimize the total number of beacons destroyed during the activation process.
- **Greedy Strategy**: Process beacons from right to left. For each beacon, determine if it gets destroyed by previously activated beacons. Track the rightmost active beacon that can destroy others.
- **Data Structures**:
  - Store beacons as pairs `(position, power)` and sort by position.
  - Use a stack or pointer-based approach to efficiently track destruction ranges.
- **Edge Cases**:
  - A beacon's power is large enough to destroy all remaining beacons to its left.
  - A beacon's power is zero or too small to destroy any beacon.
  - All beacons are positioned consecutively with unit power.
- **Algorithm Steps**:
  1. Sort beacons by position in increasing order.
  2. Add a dummy beacon (newly placed) at the end with variable position and power.
  3. Traverse from right to left, maintaining the rightmost active beacon that can destroy subsequent ones.
  4. Count how many beacons are destroyed during the process.
  5. Optimize over possible choices for the new beacon¡¯s power to minimize destruction count.
- **Optimization Insight**: The optimal new beacon only needs sufficient power to destroy a prefix of the existing beacons when processed left-to-right; simulate to find minimal destruction.
</knowledge_base>
  <exemplars><![CDATA[
Exemplar 1:
Input:
4
1 9
3 1
6 1
7 4
Output: 1
Explanation:
Beacons sorted by position: [(1,9), (3,1), (6,1), (7,4)]
Add new beacon at position >7, say (8,P).
Activate order (right to left): (8,P) -> (7,4) -> (6,1) -> (3,1) -> (1,9)
If P >= 1, (8,P) destroys (7,4). Then (7,4) is skipped. Next activate (6,1), which does not reach (3,1) or (1,9). Then (3,1) destroys (1,9). Total destroyed = 1 (beacon at pos 1).

Exemplar 2:
Input:
7
1 1
2 1
3 1
4 1
5 1
6 1
7 1
Output: 3
Explanation:
All beacons have unit power and consecutive positions.
New beacon added far right, e.g., (100, P).
To minimize destruction, choose P optimally.
Best choice destroys a prefix such that remaining activations destroy fewest.
One solution: Let new beacon destroy first 4 beacons => P=99 suffices.
Remaining beacons: [5,1],[6,1],[7,1]. Activating from right:
(7,1) destroys nothing.
(6,1) destroys (5,1).
(5,1) destroys nothing.
Total destroyed = 1 (from original set). But we already lost 4 due to new beacon's action.
Actually simulate correctly: New beacon destroys [1,1] to [4,1] if P>=96.
Then remaining are [5,1],[6,1],[7,1]. Activating right to left:
(7,1) -> no effect.
(6,1) -> destroys (5,1).
(5,1) -> no effect.
Destroyed count among original = 1. But new beacon destroyed 4.
Wait, goal is to minimize *total* destroyed including by new beacon?
No ¨C problem says "least possible number of beacons are destroyed". From example note output is 1 and 3 respectively.
Re-read: Add beacon so that during entire activation process (right to left), the number of beacons destroyed is minimized. The newly added beacon is activated first.
So for second example, best strategy is let new beacon destroy some prefix, then rest proceed with minimal destruction.
Try P=4: new beacon at (8,4) destroys [5,1], [6,1], [7,1].
Remaining: [1,1], [2,1], [3,1], [4,1].
Activate [4,1]: destroys [3,1].
Activate [3,1]: destroys [2,1].
Activate [2,1]: destroys [1,1].
Activate [1,1]: none.
Total destroyed = 3 ([5,1],[3,1],[2,1] or similar combinations depending on actual simulation).
This matches output.

Exemplar 3:
Input:
3
0 1
2 1
5 2
Output: ?
Explanation:
Sorted: (0,1),(2,1),(5,2).
Place new beacon at position >5, say (6,P).
Simulate right-to-left activation with varying P to minimize destruction count.
]]></exemplars>
</response>
--- Planning Iteration 1 of 4 ---
--- Generating Problem Planning ---
--- Parsing Problem Planning ---
--- Generating Planning Verification ---
--- Plan Verification Correct ---
--- Generating Final Code ---
--- Code Improvement Iteration 1 of 4 ---
--- Code Failed, Improving ---
Feedback: failed in test case: {'input': '4\n1 9\n3 1\n6 1\n7 4\n', 'output': ['1\n']}
failed in test case: {'input': '7\n1 1\n2 1\n3 1\n4 1\n5 1\n6 1\n7 1\n', 'output': ['3\n']}

--- Code Improvement Iteration 2 of 4 ---
--- Code Failed, Improving ---
Feedback: failed in test case: {'input': '4\n1 9\n3 1\n6 1\n7 4\n', 'output': ['1\n']}
failed in test case: {'input': '7\n1 1\n2 1\n3 1\n4 1\n5 1\n6 1\n7 1\n', 'output': ['3\n']}

--- Code Improvement Iteration 3 of 4 ---
--- Code Failed, Improving ---
Feedback: failed in test case: {'input': '4\n1 9\n3 1\n6 1\n7 4\n', 'output': ['1\n']}
failed in test case: {'input': '7\n1 1\n2 1\n3 1\n4 1\n5 1\n6 1\n7 1\n', 'output': ['3\n']}

--- Code Improvement Iteration 4 of 4 ---
--- Code Failed, Improving ---
Feedback: failed in test case: {'input': '4\n1 9\n3 1\n6 1\n7 4\n', 'output': ['1\n']}
failed in test case: {'input': '7\n1 1\n2 1\n3 1\n4 1\n5 1\n6 1\n7 1\n', 'output': ['3\n']}

--- Ending run_single_pass ---
Final Code: 
import sys

def count_destruction(beacons):
    """Count how many beacons are destroyed when processing beacons from right to left"""
    n = len(beacons)
    if n == 0:
        return 0
    
    alive = [True] * n
    destroyed = 0
    
    # Process from right to left
    for i in range(n - 1, -1, -1):
        if not alive[i]:
            continue
            
        pos, power = beacons[i]
        left_boundary = pos - power
        
        # Destroy beacons to the left within range
        for j in range(i):
            if alive[j] and beacons[j][0] >= left_boundary:
                alive[j] = False
                destroyed += 1
    
    return destroyed

def main():
    input = sys.stdin.read
    data = input().split()
    
    n = int(data[0])
    beacons = []
    index = 1
    for i in range(n):
        a = int(data[index])
        b = int(data[index+1])
        beacons.append((a, b))
        index += 2
    
    # Sort beacons by position
    beacons.sort()
    
    min_destroyed = n  # worst case
    
    # Try having our added beacon destroy k beacons (k from 0 to n)
    for k in range(n + 1):
        # Our added beacon destroys k rightmost beacons
        # So we're left with beacons[0:n-k]
        remaining = beacons[:n-k] if k < n else []
        destroyed_by_added = k
        destroyed_by_remaining = count_destruction(remaining)
        total = destroyed_by_added + destroyed_by_remaining
        min_destroyed = min(min_destroyed, total)
    
    print(min_destroyed)

if __name__ == "__main__":
    main()



Total Prompt Tokens: 12594
Total Completion Tokens: 10570
________________________


--- Starting run_single_pass ---
Task ID: 2056
--- Generating Knowledge Base and Exemplars ---
--- Parsing Knowledge Base and Exemplars ---
--- Planning Iteration 1 of 4 ---
--- Generating Problem Planning ---
--- Parsing Problem Planning ---
--- Generating Planning Verification ---
--- Plan Verification Correct ---
--- Generating Final Code ---
--- Code Improvement Iteration 1 of 4 ---
--- Code Failed, Improving ---
Feedback: failed in test case: {'input': '3\n100\n001\n', 'output': ['2\n']}
failed in test case: {'input': '4\n0101\n0011\n', 'output': ['1\n']}

--- Code Improvement Iteration 2 of 4 ---
--- Code Failed, Improving ---
Feedback: failed in test case: {'input': '3\n100\n001\n', 'output': ['2\n']}
failed in test case: {'input': '4\n0101\n0011\n', 'output': ['1\n']}

--- Code Improvement Iteration 3 of 4 ---
--- Code Failed, Improving ---
Feedback: failed in test case: {'input': '3\n100\n001\n', 'output': ['2\n']}
failed in test case: {'input': '4\n0101\n0011\n', 'output': ['1\n']}

--- Code Improvement Iteration 4 of 4 ---
--- Code Failed, Improving ---
Feedback: failed in test case: {'input': '3\n100\n001\n', 'output': ['2\n']}
failed in test case: {'input': '4\n0101\n0011\n', 'output': ['1\n']}

--- Ending run_single_pass ---
Final Code: 
def min_cost_to_equal(a, b):
    n = len(a)
    mismatches = []
    
    # Find all positions where a[i] != b[i]
    for i in range(n):
        if a[i] != b[i]:
            mismatches.append(i)
    
    # If no mismatches, cost is 0
    if not mismatches:
        return 0
    
    # Number of mismatches
    count = len(mismatches)
    
    # If odd number of mismatches, we must flip one bit (cost 1)
    # and optimally pair the rest
    if count % 2 == 1:
        # We need to flip one position individually
        # The best strategy is to find which position to flip to minimize total cost
        min_cost = float('inf')
        
        # Try flipping each mismatch position and solve for remaining optimally
        for i in range(count):
            # Remove the i-th mismatch (this one we'll flip individually, cost = 1)
            remaining = mismatches[:i] + mismatches[i+1:]
            
            # Pair up remaining positions optimally
            pairing_cost = 0
            for j in range(0, len(remaining), 2):
                pos1 = remaining[j]
                pos2 = remaining[j + 1]
                swap_cost = abs(pos2 - pos1)
                # Choose minimum between swapping and flipping both individually
                pairing_cost += min(swap_cost, 2)
            
            total_cost = 1 + pairing_cost  # 1 for the individual flip
            min_cost = min(min_cost, total_cost)
        
        return min_cost
    else:
        # Even number of mismatches - pair them optimally using dynamic programming
        # Sort positions for better pairing
        mismatches.sort()
        
        # DP approach: dp[i] = minimum cost to fix first i mismatches
        dp = [float('inf')] * (count + 1)
        dp[0] = 0
        
        for i in range(2, count + 1):
            # Option 1: pair (i-2)th and (i-1)th mismatch
            swap_cost = mismatches[i-1] - mismatches[i-2]  # since sorted
            dp[i] = min(dp[i], dp[i-2] + min(swap_cost, 2))
            
            # Option 2: don't pair them but pair with previous ones if possible
            if i >= 4:
                # Try different pairings
                pass
        
        # Simpler greedy approach for even case:
        # Pair consecutive elements optimally
        total_cost = 0
        for i in range(0, count, 2):
            pos1 = mismatches[i]
            pos2 = mismatches[i + 1]
            swap_cost = abs(pos2 - pos1)
            total_cost += min(swap_cost, 2)
        
        return total_cost

# Read input
n = int(input())
a = input().strip()
b = input().strip()

# Calculate and print result
result = min_cost_to_equal(a, b)
print(result)



Total Prompt Tokens: 11717
Total Completion Tokens: 5989
________________________


--- Starting run_single_pass ---
Task ID: 2060
--- Generating Knowledge Base and Exemplars ---
--- Parsing Knowledge Base and Exemplars ---
--- Planning Iteration 1 of 4 ---
--- Generating Problem Planning ---
--- Parsing Problem Planning ---
--- Generating Planning Verification ---
--- Plan Verification Correct ---
--- Generating Final Code ---
--- Code Improvement Iteration 1 of 4 ---
--- Code Failed, Improving ---
Feedback: failed in test case: {'input': '5 2\n50 110 130 40 120\n', 'output': ['20\n']}
failed in test case: {'input': '4 1\n2 3 4 1\n', 'output': ['0\n']}

--- Code Improvement Iteration 2 of 4 ---
--- Code Failed, Improving ---
Feedback: failed in test case: {'input': '5 2\n50 110 130 40 120\n', 'output': ['20\n']}
failed in test case: {'input': '4 1\n2 3 4 1\n', 'output': ['0\n']}

--- Code Improvement Iteration 3 of 4 ---
--- Code Failed, Improving ---
Feedback: failed in test case: {'input': '5 2\n50 110 130 40 120\n', 'output': ['20\n']}
failed in test case: {'input': '4 1\n2 3 4 1\n', 'output': ['0\n']}

--- Code Improvement Iteration 4 of 4 ---
--- Code Failed, Improving ---
Feedback: failed in test case: {'input': '5 2\n50 110 130 40 120\n', 'output': ['20\n']}
failed in test case: {'input': '4 1\n2 3 4 1\n', 'output': ['0\n']}

--- Ending run_single_pass ---
Final Code: 
import sys

def can_partition(arr, n, k, max_diff):
    groups = 0
    i = 0
    while i < n:
        # Start a new group
        groups += 1
        start = i
        # Include as many elements as possible in this group
        # But we need to make sure we don't take too many and leave insufficient for remaining groups
        while i < n and arr[i] - arr[start] <= max_diff:
            # Check if taking elements from start to i leaves enough for remaining groups
            # This is a simpler check - just be greedy but ensure current group has at least k
            i += 1
        
        # Check if this group has enough elements
        if i - start < k:
            return False
            
        # Check if we have enough elements left for remaining groups
        # This check is not needed as we're being greedy forward
        
    return True

def solve():
    n, k = map(int, sys.stdin.readline().split())
    v = list(map(int, sys.stdin.readline().split()))
    
    v.sort()
    
    left, right = 0, v[-1] - v[0]
    result = right
    
    while left <= right:
        mid = (left + right) // 2
        if can_partition(v, n, k, mid):
            result = mid
            right = mid - 1
        else:
            left = mid + 1
    
    print(result)

solve()



Total Prompt Tokens: 12140
Total Completion Tokens: 3877
________________________


--- Starting run_single_pass ---
Task ID: 2087
--- Generating Knowledge Base and Exemplars ---
--- Parsing Knowledge Base and Exemplars ---
--- Planning Iteration 1 of 4 ---
--- Generating Problem Planning ---
--- Parsing Problem Planning ---
--- Generating Planning Verification ---
--- Plan Verification Correct ---
--- Generating Final Code ---
--- Code Improvement Iteration 1 of 4 ---
--- Code Failed, Improving ---
Feedback: failed in test case: {'input': '3 4 4 19 1\n42 3 99\n', 'output': ['576\n']}
failed in test case: {'input': '4 7 2 3 9\n1 2 3 4\n', 'output': ['34\n']}

--- Code Improvement Iteration 2 of 4 ---
--- Code Failed, Improving ---
Feedback: failed in test case: {'input': '3 4 4 19 1\n42 3 99\n', 'output': ['576\n']}
failed in test case: {'input': '4 7 2 3 9\n1 2 3 4\n', 'output': ['34\n']}

--- Code Improvement Iteration 3 of 4 ---
--- Code Failed, Improving ---
Feedback: failed in test case: {'input': '3 4 4 19 1\n42 3 99\n', 'output': ['576\n']}
failed in test case: {'input': '4 7 2 3 9\n1 2 3 4\n', 'output': ['34\n']}

--- Code Improvement Iteration 4 of 4 ---
--- Code Failed, Improving ---
Feedback: failed in test case: {'input': '3 4 4 19 1\n42 3 99\n', 'output': ['576\n']}
failed in test case: {'input': '4 7 2 3 9\n1 2 3 4\n', 'output': ['34\n']}

--- Ending run_single_pass ---
Final Code: 
import sys

def main():
    n, l, r, Ql, Qr = map(int, sys.stdin.readline().split())
    w = list(map(int, sys.stdin.readline().split()))
    
    # Memoization dictionary
    memo = {}
    
    def dp(i, j, last):
        """
        Returns minimum energy to collect items from index i to j inclusive.
        last: 0 if last move was left, 1 if right, -1 if none (initial state)
        """
        if i > j:
            return 0
            
        if (i, j, last) in memo:
            return memo[(i, j, last)]
        
        # Option 1: Take from left (index i)
        cost_left = w[i] * l
        if last == 0:  # previous was also left
            cost_left += Ql
        cost_left += dp(i + 1, j, 0)
        
        # Option 2: Take from right (index j)
        cost_right = w[j] * r
        if last == 1:  # previous was also right
            cost_right += Qr
        cost_right += dp(i, j - 1, 1)
        
        res = min(cost_left, cost_right)
        memo[(i, j, last)] = res
        return res
    
    result = dp(0, n - 1, -1)
    print(result)

if __name__ == "__main__":
    main()



Total Prompt Tokens: 13726
Total Completion Tokens: 5145
________________________


#########################
Running end QwenCoder480b-MapCoder-APPS-Python3-0.0-1, Time: 2025-11-17 21:15:11.544599
##########################

