#########################
Running start QwenCoder480b-MapCoder-CC-Python3-0.0-10, Time: 2025-11-17 23:13:51.150213
##########################

--- Starting run_single_pass ---
Task ID: 1603
--- Generating Knowledge Base and Exemplars ---
--- Parsing Knowledge Base and Exemplars ---
--- Planning Iteration 1 of 4 ---
--- Generating Problem Planning ---
--- Parsing Problem Planning ---
--- Generating Planning Verification ---
--- Plan Verification Correct ---
--- Generating Final Code ---
--- Code Improvement Iteration 1 of 4 ---
--- Code Failed, Improving ---
Feedback: failed in test case: {'input': '4\n6 2\n4 4\n3 1\n10 3\n', 'output': ['8\n4\n6\n11\n']}

--- Code Improvement Iteration 2 of 4 ---
--- Code Failed, Improving ---
Feedback: failed in test case: {'input': '4\n6 2\n4 4\n3 1\n10 3\n', 'output': ['8\n4\n6\n11\n']}

--- Code Improvement Iteration 3 of 4 ---
--- Code Failed, Improving ---
Feedback: failed in test case: {'input': '4\n6 2\n4 4\n3 1\n10 3\n', 'output': ['8\n4\n6\n11\n']}

--- Code Improvement Iteration 4 of 4 ---
--- Code Failed, Improving ---
Feedback: failed in test case: {'input': '4\n6 2\n4 4\n3 1\n10 3\n', 'output': ['8\n4\n6\n11\n']}

--- Ending run_single_pass ---
Final Code: 
import sys

def gcd(a, b):
    while b:
        a, b = b, a % b
    return a

def compute_c(l, r):
    count = 0
    for i in range(l, r + 1):
        for j in range(i, r + 1):
            if gcd(i, j) >= l:
                count += 1
    return count

def main():
    import sys
    input = sys.stdin.read
    data = input().split()
    
    idx = 0
    t = int(data[idx])
    idx += 1
    
    # Read all test cases
    cases = []
    for _ in range(t):
        n = int(data[idx])
        k = int(data[idx+1])
        cases.append((n, k))
        idx += 2
    
    max_n = max(case[0] for case in cases) if cases else 0
    if max_n == 0:
        sys.stdout.write('\n' * t)
        return
    
    # Precompute c(l, r) more efficiently
    c = [[0]*(max_n+2) for _ in range(max_n+2)]
    
    # For each possible l, r pair
    for l in range(1, max_n+1):
        for r in range(l, max_n+1):
            count = 0
            # Count pairs (i,j) with l <= i <= j <= r and gcd(i,j) >= l
            for i in range(l, r+1):
                for j in range(i, r+1):
                    if gcd(i, j) >= l:
                        count += 1
            c[l][r] = count
    
    results = []
    for n, k in cases:
        # dp[i][j] = min sum of j segments for sequence [0..i]
        dp = [[float('inf')] * (k+2) for _ in range(n+2)]
        dp[0][0] = 0
        
        for i in range(1, n+1):
            for j in range(1, min(i, k)+1):
                for prev in range(j-1, i):
                    if dp[prev][j-1] != float('inf'):
                        cost = c[prev+1][i]
                        if dp[prev][j-1] + cost < dp[i][j]:
                            dp[i][j] = dp[prev][j-1] + cost
        
        results.append(dp[n][k])
    
    sys.stdout.write('\n'.join(map(str, results)) + '\n')

if __name__ == "__main__":
    main()



Total Prompt Tokens: 10945
Total Completion Tokens: 9124
________________________


--- Starting run_single_pass ---
Task ID: 1604
--- Generating Knowledge Base and Exemplars ---
--- Parsing Knowledge Base and Exemplars ---
--- Planning Iteration 1 of 4 ---
--- Generating Problem Planning ---
--- Parsing Problem Planning ---
--- Generating Planning Verification ---
--- Plan Verification Correct ---
--- Generating Final Code ---
--- Code Improvement Iteration 1 of 4 ---
--- Code Failed, Improving ---
Feedback: failed in test case: {'input': '4\n3\n1 3 4\n5\n1 2 5 7 4\n1\n1\n3\n69 6969 696969\n', 'output': ['1\n3\n0\n696966\n']}

--- Code Improvement Iteration 2 of 4 ---
--- Code Failed, Improving ---
Feedback: failed in test case: {'input': '4\n3\n1 3 4\n5\n1 2 5 7 4\n1\n1\n3\n69 6969 696969\n', 'output': ['1\n3\n0\n696966\n']}

--- Code Improvement Iteration 3 of 4 ---
--- Code Failed, Improving ---
Feedback: failed in test case: {'input': '4\n3\n1 3 4\n5\n1 2 5 7 4\n1\n1\n3\n69 6969 696969\n', 'output': ['1\n3\n0\n696966\n']}

--- Code Improvement Iteration 4 of 4 ---
--- Code Failed, Improving ---
Feedback: failed in test case: {'input': '4\n3\n1 3 4\n5\n1 2 5 7 4\n1\n1\n3\n69 6969 696969\n', 'output': ['1\n3\n0\n696966\n']}

--- Ending run_single_pass ---
Final Code: 
t = int(input())
for _ in range(t):
    n = int(input())
    a = list(map(int, input().split()))
    
    operations = 0
    current_length = 0
    
    for i in range(n):
        # When we process element a[i], it will be at position (current_length + 1)
        current_position = current_length + 1
        
        if a[i] > current_position:
            # Need to insert (a[i] - current_position) elements before this element
            insertions_needed = a[i] - current_position
            operations += insertions_needed
            # After insertions, the length increases by the number of insertions plus 1 for the current element
            current_length += insertions_needed + 1
        else:
            # No insertions needed, just add the current element
            current_length += 1
    
    print(operations)



Total Prompt Tokens: 15497
Total Completion Tokens: 4512
________________________


--- Starting run_single_pass ---
Task ID: 1606
--- Generating Knowledge Base and Exemplars ---
--- Parsing Knowledge Base and Exemplars ---
--- Planning Iteration 1 of 4 ---
--- Generating Problem Planning ---
--- Parsing Problem Planning ---
--- Generating Planning Verification ---
--- Plan Verification Correct ---
--- Generating Final Code ---
--- Code Improvement Iteration 1 of 4 ---
--- Code Failed, Improving ---
Feedback: failed in test case: {'input': '4\nb\naabbbabaa\nabbb\nabbaab\n', 'output': ['b\naabbbabaa\nbbbb\nbbbaab\n']}

--- Code Improvement Iteration 2 of 4 ---
--- Code Failed, Improving ---
Feedback: failed in test case: {'input': '4\nb\naabbbabaa\nabbb\nabbaab\n', 'output': ['b\naabbbabaa\nbbbb\nbbbaab\n']}

--- Code Improvement Iteration 3 of 4 ---
--- Code Failed, Improving ---
Feedback: failed in test case: {'input': '4\nb\naabbbabaa\nabbb\nabbaab\n', 'output': ['b\naabbbabaa\nbbbb\nbbbaab\n']}

--- Code Improvement Iteration 4 of 4 ---
--- Code Failed, Improving ---
Feedback: failed in test case: {'input': '4\nb\naabbbabaa\nabbb\nabbaab\n', 'output': ['b\naabbbabaa\nbbbb\nbbbaab\n']}

--- Ending run_single_pass ---
Final Code: 
t = int(input())
for _ in range(t):
    s = list(input().strip())
    n = len(s)
    
    # Count initial AB and BA
    ab_count = 0
    ba_count = 0
    for i in range(n - 1):
        if s[i] == 'a' and s[i + 1] == 'b':
            ab_count += 1
        elif s[i] == 'b' and s[i + 1] == 'a':
            ba_count += 1
    
    # If already equal, no changes needed
    if ab_count == ba_count:
        print(''.join(s))
        continue
    
    # Simple strategy: modify first or last character to balance counts
    if ab_count > ba_count:
        # More AB than BA
        # If string ends with 'b', changing it to 'a' reduces AB by 1
        if s[-1] == 'b':
            s[-1] = 'a'
        # Else if string starts with 'a', changing it to 'b' reduces AB by 1  
        elif s[0] == 'a':
            s[0] = 'b'
    else:
        # More BA than AB
        # If string starts with 'a', changing it to 'b' reduces BA by 1
        if s[0] == 'a':
            s[0] = 'b'
        # Else if string ends with 'b', changing it to 'a' reduces BA by 1
        elif s[-1] == 'b':
            s[-1] = 'a'
    
    print(''.join(s))



Total Prompt Tokens: 12401
Total Completion Tokens: 5430
________________________


--- Starting run_single_pass ---
Task ID: 1606
--- Generating Knowledge Base and Exemplars ---
--- Parsing Knowledge Base and Exemplars ---
--- Planning Iteration 1 of 4 ---
--- Generating Problem Planning ---
--- Parsing Problem Planning ---
--- Generating Planning Verification ---
--- Plan Verification Correct ---
--- Generating Final Code ---
--- Code Improvement Iteration 1 of 4 ---
--- Code Failed, Improving ---
Feedback: failed in test case: {'input': '4\nb\naabbbabaa\nabbb\nabbaab\n', 'output': ['b\naabbbabaa\nbbbb\nbbbaab\n']}

--- Code Improvement Iteration 2 of 4 ---
--- Code Failed, Improving ---
Feedback: failed in test case: {'input': '4\nb\naabbbabaa\nabbb\nabbaab\n', 'output': ['b\naabbbabaa\nbbbb\nbbbaab\n']}

--- Code Improvement Iteration 3 of 4 ---
--- Code Failed, Improving ---
Feedback: failed in test case: {'input': '4\nb\naabbbabaa\nabbb\nabbaab\n', 'output': ['b\naabbbabaa\nbbbb\nbbbaab\n']}

--- Code Improvement Iteration 4 of 4 ---
--- Code Failed, Improving ---
Feedback: failed in test case: {'input': '4\nb\naabbbabaa\nabbb\nabbaab\n', 'output': ['b\naabbbabaa\nbbbb\nbbbaab\n']}

--- Ending run_single_pass ---
Final Code: 
import sys

def count_ab_ba(s):
    ab_count = 0
    ba_count = 0
    for i in range(len(s) - 1):
        if s[i] == 'a' and s[i + 1] == 'b':
            ab_count += 1
        elif s[i] == 'b' and s[i + 1] == 'a':
            ba_count += 1
    return ab_count, ba_count

def solve(s):
    ab_count, ba_count = count_ab_ba(s)
    
    if ab_count == ba_count:
        return s
    
    # Convert string to list for mutability
    s_list = list(s)
    
    if ab_count > ba_count:
        # Need to reduce ab count or increase ba count
        # Look for an 'ab' pattern and change 'b' to 'a'
        for i in range(len(s_list) - 1):
            if s_list[i] == 'a' and s_list[i + 1] == 'b':
                s_list[i + 1] = 'a'
                break
    else:
        # ba_count > ab_count
        # Need to reduce ba count or increase ab count
        # Look for a 'ba' pattern and change 'a' to 'b'
        for i in range(len(s_list) - 1):
            if s_list[i] == 'b' and s_list[i + 1] == 'a':
                s_list[i + 1] = 'b'
                break
                
    return ''.join(s_list)

def main():
    input = sys.stdin.read
    data = input().split()
    
    t = int(data[0])
    results = []
    
    index = 1
    for _ in range(t):
        s = data[index]
        index += 1
        result = solve(s)
        results.append(result)
        
    for res in results:
        print(res)

if __name__ == "__main__":
    main()



Total Prompt Tokens: 11085
Total Completion Tokens: 5788
________________________


--- Starting run_single_pass ---
Task ID: 1606
--- Generating Knowledge Base and Exemplars ---
--- Parsing Knowledge Base and Exemplars ---
--- Planning Iteration 1 of 4 ---
--- Generating Problem Planning ---
--- Parsing Problem Planning ---
--- Generating Planning Verification ---
--- Plan Verification Correct ---
--- Generating Final Code ---
--- Code Improvement Iteration 1 of 4 ---
--- Code Failed, Improving ---
Feedback: failed in test case: {'input': '4\nb\naabbbabaa\nabbb\nabbaab\n', 'output': ['b\naabbbabaa\nbbbb\nbbbaab\n']}

--- Code Improvement Iteration 2 of 4 ---
--- Code Failed, Improving ---
Feedback: failed in test case: {'input': '4\nb\naabbbabaa\nabbb\nabbaab\n', 'output': ['b\naabbbabaa\nbbbb\nbbbaab\n']}

--- Code Improvement Iteration 3 of 4 ---
--- Code Failed, Improving ---
Feedback: failed in test case: {'input': '4\nb\naabbbabaa\nabbb\nabbaab\n', 'output': ['b\naabbbabaa\nbbbb\nbbbaab\n']}

--- Code Improvement Iteration 4 of 4 ---
--- Code Failed, Improving ---
Feedback: failed in test case: {'input': '4\nb\naabbbabaa\nabbb\nabbaab\n', 'output': ['b\naabbbabaa\nbbbb\nbbbaab\n']}

--- Ending run_single_pass ---
Final Code: 
def count_ab_ba(s):
    ab_count = 0
    ba_count = 0
    for i in range(len(s) - 1):
        if s[i:i+2] == 'ab':
            ab_count += 1
        elif s[i:i+2] == 'ba':
            ba_count += 1
    return ab_count, ba_count

def balance_string(s):
    ab_count, ba_count = count_ab_ba(s)
    
    if ab_count == ba_count:
        return s
    
    # Convert string to list for mutability
    s_list = list(s)
    
    if ab_count > ba_count:
        # Need to reduce AB count
        # Find first occurrence of "ab" and change 'b' to 'a' 
        for i in range(len(s) - 1):
            if s[i] == 'a' and s[i+1] == 'b':
                s_list[i+1] = 'a'  # Change 'b' to 'a'
                break
    else:  # ba_count > ab_count
        # Need to reduce BA count
        # Find first occurrence of "ba" and change 'a' to 'b'
        for i in range(len(s) - 1):
            if s[i] == 'b' and s[i+1] == 'a':
                s_list[i+1] = 'b'  # Change 'a' to 'b'
                break
                
    return ''.join(s_list)

t = int(input())
for _ in range(t):
    s = input().strip()
    result = balance_string(s)
    print(result)



Total Prompt Tokens: 13913
Total Completion Tokens: 5458
________________________


--- Starting run_single_pass ---
Task ID: 1606
--- Generating Knowledge Base and Exemplars ---
--- Parsing Knowledge Base and Exemplars ---
XML ParseError: not well-formed (invalid token): line 26, column 16
Response:
<response>
  <knowledge_base>
    Key Concepts and Observations:
    1. AB(s) counts occurrences of "ab" substrings, BA(s) counts occurrences of "ba" substrings
    2. When AB(s) > BA(s), we need to either reduce AB count or increase BA count
    3. When BA(s) > AB(s), we need to either reduce BA count or increase AB count
    4. Changing a character at position i can affect at most two adjacent pairs: (i-1,i) and (i,i+1)
    5. To minimize operations, we should look for positions where changing one character fixes the imbalance
    6. Strategy: Find mismatched pairs and change characters to balance the counts
    
    Critical Insights:
    1. If we have more "ab" than "ba", changing an 'a' in an "ab" pattern to 'b' reduces AB by 1
    2. If we have more "ba" than "ab", changing a 'b' in a "ba" pattern to 'a' reduces BA by 1
    3. Alternatively, we can create new patterns to balance the counts
    
    Edge Cases:
    1. String length 1: Always balanced (0 AB, 0 BA)
    2. Already balanced strings: No changes needed
    3. Strings with only 'a' or only 'b': Already balanced
    4. All alternating patterns: May require careful handling
    
    Approach:
    1. Count current AB and BA occurrences
    2. Calculate difference: diff = AB - BA
    3. If diff > 0, we have excess "ab" patterns - need to reduce AB or increase BA
    4. If diff < 0, we have excess "ba" patterns - need to reduce BA or increase AB
    5. Make minimal changes to balance the counts
  </knowledge_base>
  
  <exemplars>
    <![CDATA[
Exemplar 1:
Input: "abbb"
Analysis:
- AB(s) = 1 (at position 1: "ab")
- BA(s) = 0
- Difference = 1, so we need to reduce AB by 1 or increase BA by 1
- Changing s[0] from 'a' to 'b' gives "bbbb"
- New counts: AB=0, BA=0 ¡ú Balanced
Output: "bbbb"

Exemplar 2:
Input: "abbaab"
Analysis:
- AB(s) = 2 (positions 1 and 5)
- BA(s) = 1 (position 3)
- Difference = 1, need to reduce AB by 1
- Changing s[5] from 'b' to 'a' eliminates one AB pattern
- Result: "abbaaa"
- New counts: AB=1, BA=1 ¡ú Balanced
Output: "abbaaa"

Exemplar 3:
Input: "aabbbabaa"
Analysis:
- AB(s) = 2 (positions 2 and 7)
- BA(s) = 2 (positions 4 and 8)
- Already balanced
Output: "aabbbabaa" (unchanged)
    ]]>
  </exemplars>
</response>
--- Planning Iteration 1 of 4 ---
--- Generating Problem Planning ---
--- Parsing Problem Planning ---
--- Generating Planning Verification ---
--- Plan Verification Correct ---
--- Generating Final Code ---
--- Code Improvement Iteration 1 of 4 ---
--- Code Failed, Improving ---
Feedback: failed in test case: {'input': '4\nb\naabbbabaa\nabbb\nabbaab\n', 'output': ['b\naabbbabaa\nbbbb\nbbbaab\n']}

--- Code Improvement Iteration 2 of 4 ---
--- Code Failed, Improving ---
Feedback: failed in test case: {'input': '4\nb\naabbbabaa\nabbb\nabbaab\n', 'output': ['b\naabbbabaa\nbbbb\nbbbaab\n']}

--- Code Improvement Iteration 3 of 4 ---
--- Code Failed, Improving ---
Feedback: failed in test case: {'input': '4\nb\naabbbabaa\nabbb\nabbaab\n', 'output': ['b\naabbbabaa\nbbbb\nbbbaab\n']}

--- Code Improvement Iteration 4 of 4 ---
--- Code Failed, Improving ---
Feedback: failed in test case: {'input': '4\nb\naabbbabaa\nabbb\nabbaab\n', 'output': ['b\naabbbabaa\nbbbb\nbbbaab\n']}

--- Ending run_single_pass ---
Final Code: 
def solve():
    t = int(input())
    for _ in range(t):
        s = list(input().strip())
        n = len(s)
        
        # Count initial AB and BA
        def count_ab_ba(string):
            ab_count = 0
            ba_count = 0
            for i in range(len(string) - 1):
                if string[i] == 'a' and string[i + 1] == 'b':
                    ab_count += 1
                elif string[i] == 'b' and string[i + 1] == 'a':
                    ba_count += 1
            return ab_count, ba_count
        
        ab_count, ba_count = count_ab_ba(s)
        
        # If already equal, no changes needed
        if ab_count == ba_count:
            print(''.join(s))
            continue
            
        # Keep making changes until counts are equal
        while ab_count != ba_count:
            if ab_count > ba_count:
                # Need to reduce AB or increase BA
                # Find first occurrence of "ab" and change 'b' to 'a'
                changed = False
                for i in range(n - 1):
                    if s[i] == 'a' and s[i + 1] == 'b':
                        s[i + 1] = 'a'
                        changed = True
                        break
                if not changed:
                    break
            else:
                # Need to reduce BA or increase AB
                # Find first occurrence of "ba" and change 'a' to 'b'
                changed = False
                for i in range(n - 1):
                    if s[i] == 'b' and s[i + 1] == 'a':
                        s[i + 1] = 'b'
                        changed = True
                        break
                if not changed:
                    break
            
            # Recalculate counts
            ab_count, ba_count = count_ab_ba(s)
        
        print(''.join(s))

solve()



Total Prompt Tokens: 11853
Total Completion Tokens: 6526
________________________


--- Starting run_single_pass ---
Task ID: 1606
--- Generating Knowledge Base and Exemplars ---
--- Parsing Knowledge Base and Exemplars ---
--- Planning Iteration 1 of 4 ---
--- Generating Problem Planning ---
--- Parsing Problem Planning ---
--- Generating Planning Verification ---
--- Plan Verification Correct ---
--- Generating Final Code ---
--- Code Improvement Iteration 1 of 4 ---
--- Code Failed, Improving ---
Feedback: failed in test case: {'input': '4\nb\naabbbabaa\nabbb\nabbaab\n', 'output': ['b\naabbbabaa\nbbbb\nbbbaab\n']}

--- Code Improvement Iteration 2 of 4 ---
--- Code Failed, Improving ---
Feedback: failed in test case: {'input': '4\nb\naabbbabaa\nabbb\nabbaab\n', 'output': ['b\naabbbabaa\nbbbb\nbbbaab\n']}

--- Code Improvement Iteration 3 of 4 ---
--- Code Failed, Improving ---
Feedback: failed in test case: {'input': '4\nb\naabbbabaa\nabbb\nabbaab\n', 'output': ['b\naabbbabaa\nbbbb\nbbbaab\n']}

--- Code Improvement Iteration 4 of 4 ---
--- Code Failed, Improving ---
Feedback: failed in test case: {'input': '4\nb\naabbbabaa\nabbb\nabbaab\n', 'output': ['b\naabbbabaa\nbbbb\nbbbaab\n']}

--- Ending run_single_pass ---
Final Code: 
def solve():
    t = int(input())
    for _ in range(t):
        s = list(input().strip())
        n = len(s)
        
        # Count initial AB and BA
        ab_count = 0
        ba_count = 0
        ab_positions = []
        ba_positions = []
        
        for i in range(n - 1):
            if s[i] == 'a' and s[i + 1] == 'b':
                ab_count += 1
                ab_positions.append(i)
            elif s[i] == 'b' and s[i + 1] == 'a':
                ba_count += 1
                ba_positions.append(i)
        
        # If already equal, no changes needed
        if ab_count == ba_count:
            print(''.join(s))
            continue
            
        # Decide which pattern to reduce
        if ab_count > ba_count:
            # Need to reduce AB count
            diff = ab_count - ba_count
            changes_needed = (diff + 1) // 2
            
            made_changes = 0
            for i in ab_positions:
                if made_changes >= changes_needed:
                    break
                # Change the 'b' part of 'ab' to 'a' to break the pattern
                s[i + 1] = 'a'
                made_changes += 1
        else:
            # Need to reduce BA count
            diff = ba_count - ab_count
            changes_needed = (diff + 1) // 2
            
            made_changes = 0
            for i in ba_positions:
                if made_changes >= changes_needed:
                    break
                # Change the 'a' part of 'ba' to 'b' to break the pattern
                s[i] = 'b'
                made_changes += 1
                    
        print(''.join(s))

solve()



Total Prompt Tokens: 12816
Total Completion Tokens: 6850
________________________


--- Starting run_single_pass ---
Task ID: 1606
--- Generating Knowledge Base and Exemplars ---
--- Parsing Knowledge Base and Exemplars ---
--- Planning Iteration 1 of 4 ---
--- Generating Problem Planning ---
--- Parsing Problem Planning ---
--- Generating Planning Verification ---
--- Plan Verification Correct ---
--- Generating Final Code ---
--- Code Improvement Iteration 1 of 4 ---
--- Code Failed, Improving ---
Feedback: failed in test case: {'input': '4\nb\naabbbabaa\nabbb\nabbaab\n', 'output': ['b\naabbbabaa\nbbbb\nbbbaab\n']}

--- Code Improvement Iteration 2 of 4 ---
--- Code Failed, Improving ---
Feedback: failed in test case: {'input': '4\nb\naabbbabaa\nabbb\nabbaab\n', 'output': ['b\naabbbabaa\nbbbb\nbbbaab\n']}

--- Code Improvement Iteration 3 of 4 ---
--- Code Failed, Improving ---
Feedback: failed in test case: {'input': '4\nb\naabbbabaa\nabbb\nabbaab\n', 'output': ['b\naabbbabaa\nbbbb\nbbbaab\n']}

--- Code Improvement Iteration 4 of 4 ---
--- Code Failed, Improving ---
Feedback: failed in test case: {'input': '4\nb\naabbbabaa\nabbb\nabbaab\n', 'output': ['b\naabbbabaa\nbbbb\nbbbaab\n']}

--- Ending run_single_pass ---
Final Code: 
def solve(s):
    n = len(s)
    if n < 2:
        return s
    
    # Count initial AB and BA patterns
    ab_count = 0
    ba_count = 0
    
    for i in range(n - 1):
        if s[i] == 'a' and s[i + 1] == 'b':
            ab_count += 1
        elif s[i] == 'b' and s[i + 1] == 'a':
            ba_count += 1
    
    # If already balanced, return original string
    if ab_count == ba_count:
        return s
    
    s_list = list(s)
    
    # Calculate the difference we need to fix
    diff = ab_count - ba_count
    
    if diff > 0:  # More AB than BA, need to reduce AB by diff amount
        # Change 'b' to 'a' in ab patterns to eliminate them
        changes_needed = diff
        for i in range(n - 1):
            if changes_needed > 0 and s_list[i] == 'a' and s_list[i + 1] == 'b':
                s_list[i + 1] = 'a'  # Change the 'b' to 'a' to break the ab pattern
                changes_needed -= 1
    else:  # More BA than AB, need to reduce BA by abs(diff) amount
        diff = abs(diff)
        changes_needed = diff
        for i in range(n - 1):
            if changes_needed > 0 and s_list[i] == 'b' and s_list[i + 1] == 'a':
                s_list[i + 1] = 'b'  # Change the 'a' to 'b' to break the ba pattern
                changes_needed -= 1
                
    return ''.join(s_list)

t = int(input())
for _ in range(t):
    s = input().strip()
    print(solve(s))



Total Prompt Tokens: 13484
Total Completion Tokens: 6251
________________________


--- Starting run_single_pass ---
Task ID: 1606
--- Generating Knowledge Base and Exemplars ---
--- Parsing Knowledge Base and Exemplars ---
XML ParseError: not well-formed (invalid token): line 20, column 32
Response:
<response>
  <knowledge_base>
- **Problem Understanding**: We need to minimize the number of character changes in a string of 'a's and 'b's such that the count of "ab" substrings equals the count of "ba" substrings.
  
- **Key Insight**: The difference between counts of "ab" and "ba" substrings is related to the number of transitions from 'a' to 'b' and 'b' to 'a'. Specifically, the absolute difference |AB(s) - BA(s)| corresponds to imbalances at the boundaries of consecutive same-character blocks.

- **Strategy**: To balance AB and BA counts optimally:
  - Identify all positions where adjacent characters differ (transitions).
  - Each unmatched transition contributes to the imbalance.
  - Modify characters at strategic positions to reduce this imbalance with minimal operations.
  - A greedy approach works well: process transitions from left to right, changing characters to eliminate excess transitions.

- **Algorithm**:
  1. Traverse the string to find all transitions ('a' followed by 'b' or 'b' followed by 'a').
  2. Count unmatched pairs of transitions contributing to the imbalance.
  3. Greedily modify characters to neutralize these mismatches with minimal cost.

- **Edge Cases**:
  - Strings with no transitions (all 'a's or all 'b's): already balanced.
  - Very short strings (length < 2): trivially balanced.
  - Equal numbers of "ab" and "ba": nothing needs to be changed.

- **Time Complexity**: O(n) per test case for processing the string once.

- **Space Complexity**: O(1) extra space besides input/output handling.
  </knowledge_base>
  <exemplars><![CDATA[
Exemplar 1:
Input: "abbb"
Analysis:
- Transitions: position 1 (a->b)
- AB(s) = 1 ("ab" at pos 1-2), BA(s) = 0
- Difference = 1. Need to fix one transition.
- Change first 'a' to 'b': "bbbb"
Result: "bbbb"

Exemplar 2:
Input: "abbaab"
Analysis:
- Transitions: 1(a->b), 3(b->a), 5(a->b)
- AB(s) = 2 ("ab" at pos 1-2, 5-6), BA(s) = 1 ("ba" at pos 3-4)
- Difference = 1. One transition is unpaired.
- Fix last "ab" by changing s[6] from 'b' to 'a': "abbaaa"
Result: "abbaaa"

Exemplar 3:
Input: "aabbbabaa"
Analysis:
- Transitions: 2(a->b), 5(b->a), 7(a->b)
- AB(s) = 2 ("ab" at pos 2-3, 7-8), BA(s) = 2 ("ba" at pos 5-6, ?)
Wait, let's recount carefully:
Positions: 123456789
String:    aabbbabaa
"ab": pos 2-3, pos 7-8 => AB=2
"ba": pos 5-6, pos 6-7 => BA=2
Already balanced.
Result: "aabbbabaa" (unchanged)
]]></exemplars>
</response>
--- Planning Iteration 1 of 4 ---
--- Generating Problem Planning ---
--- Parsing Problem Planning ---
--- Generating Planning Verification ---
--- Plan Verification Correct ---
--- Generating Final Code ---
--- Code Improvement Iteration 1 of 4 ---
--- Code Failed, Improving ---
Feedback: failed in test case: {'input': '4\nb\naabbbabaa\nabbb\nabbaab\n', 'output': ['b\naabbbabaa\nbbbb\nbbbaab\n']}

--- Code Improvement Iteration 2 of 4 ---
--- Code Failed, Improving ---
Feedback: failed in test case: {'input': '4\nb\naabbbabaa\nabbb\nabbaab\n', 'output': ['b\naabbbabaa\nbbbb\nbbbaab\n']}

--- Code Improvement Iteration 3 of 4 ---
--- Code Failed, Improving ---
Feedback: failed in test case: {'input': '4\nb\naabbbabaa\nabbb\nabbaab\n', 'output': ['b\naabbbabaa\nbbbb\nbbbaab\n']}

--- Code Improvement Iteration 4 of 4 ---
--- Code Failed, Improving ---
Feedback: failed in test case: {'input': '4\nb\naabbbabaa\nabbb\nabbaab\n', 'output': ['b\naabbbabaa\nbbbb\nbbbaab\n']}

--- Ending run_single_pass ---
Final Code: 
import sys

def count_ab_ba(s):
    ab_count = 0
    ba_count = 0
    for i in range(len(s) - 1):
        if s[i] == 'a' and s[i + 1] == 'b':
            ab_count += 1
        elif s[i] == 'b' and s[i + 1] == 'a':
            ba_count += 1
    return ab_count, ba_count

def solve():
    t = int(sys.stdin.readline())
    for _ in range(t):
        s = list(sys.stdin.readline().strip())
        n = len(s)
        
        # Count initial AB and BA
        ab_count, ba_count = count_ab_ba(s)
        
        # If already equal, no changes needed
        if ab_count == ba_count:
            print(''.join(s))
            continue
        
        # Calculate difference
        diff = ab_count - ba_count
        
        if diff > 0:  # More AB than BA
            # Need to reduce AB count by diff
            changes_needed = diff
            for i in range(n - 1):
                if changes_needed <= 0:
                    break
                if s[i] == 'a' and s[i + 1] == 'b':
                    # Change 'b' to 'a' to break AB and create BA
                    # But we only want to reduce the difference, so let's 
                    # change 'a' to 'b' or 'b' to 'a' strategically
                    s[i + 1] = 'a'  # This breaks the AB pattern
                    changes_needed -= 1
        else:  # More BA than AB
            # Need to reduce BA count by |diff|
            changes_needed = -diff
            for i in range(n - 1):
                if changes_needed <= 0:
                    break
                if s[i] == 'b' and s[i + 1] == 'a':
                    # Change 'b' to 'a' to break BA pattern
                    s[i] = 'a'  # This breaks the BA pattern
                    changes_needed -= 1
        
        print(''.join(s))

solve()



Total Prompt Tokens: 11571
Total Completion Tokens: 8178
________________________


--- Starting run_single_pass ---
Task ID: 1606
--- Generating Knowledge Base and Exemplars ---
--- Parsing Knowledge Base and Exemplars ---
--- Planning Iteration 1 of 4 ---
--- Generating Problem Planning ---
--- Parsing Problem Planning ---
--- Generating Planning Verification ---
--- Plan Verification Correct ---
--- Generating Final Code ---
--- Code Improvement Iteration 1 of 4 ---
--- Code Failed, Improving ---
Feedback: failed in test case: {'input': '4\nb\naabbbabaa\nabbb\nabbaab\n', 'output': ['b\naabbbabaa\nbbbb\nbbbaab\n']}

--- Code Improvement Iteration 2 of 4 ---
--- Code Failed, Improving ---
Feedback: failed in test case: {'input': '4\nb\naabbbabaa\nabbb\nabbaab\n', 'output': ['b\naabbbabaa\nbbbb\nbbbaab\n']}

--- Code Improvement Iteration 3 of 4 ---
--- Code Failed, Improving ---
Feedback: failed in test case: {'input': '4\nb\naabbbabaa\nabbb\nabbaab\n', 'output': ['b\naabbbabaa\nbbbb\nbbbaab\n']}

--- Code Improvement Iteration 4 of 4 ---
--- Code Failed, Improving ---
Feedback: failed in test case: {'input': '4\nb\naabbbabaa\nabbb\nabbaab\n', 'output': ['b\naabbbabaa\nbbbb\nbbbaab\n']}

--- Ending run_single_pass ---
Final Code: 
import sys

def count_patterns(s):
    ab_count = 0
    ba_count = 0
    for i in range(len(s) - 1):
        if s[i:i+2] == "ab":
            ab_count += 1
        elif s[i:i+2] == "ba":
            ba_count += 1
    return ab_count, ba_count

def solve(s):
    ab_count, ba_count = count_patterns(s)
    
    if ab_count == ba_count:
        return s
    
    # Calculate the difference
    diff = ab_count - ba_count
    s_list = list(s)
    
    if diff > 0:  # More AB than BA, need to reduce AB patterns
        # Change 'b' to 'a' in "ab" patterns
        changed = 0
        for i in range(len(s) - 1):
            if changed < diff and s_list[i] == 'a' and s_list[i+1] == 'b':
                s_list[i+1] = 'a'  # Change 'b' to 'a'
                changed += 1
    else:  # More BA than AB, need to reduce BA patterns
        # Change 'a' to 'b' in "ba" patterns
        changed = 0
        for i in range(len(s) - 1):
            if changed < abs(diff) and s_list[i] == 'b' and s_list[i+1] == 'a':
                s_list[i+1] = 'b'  # Change 'a' to 'b'
                changed += 1
    
    return ''.join(s_list)

t = int(sys.stdin.readline())
for _ in range(t):
    s = sys.stdin.readline().strip()
    print(solve(s))



Total Prompt Tokens: 11940
Total Completion Tokens: 5576
________________________


--- Starting run_single_pass ---
Task ID: 1606
--- Generating Knowledge Base and Exemplars ---
--- Parsing Knowledge Base and Exemplars ---
--- Planning Iteration 1 of 4 ---
--- Generating Problem Planning ---
--- Parsing Problem Planning ---
--- Generating Planning Verification ---
--- Plan Verification Correct ---
--- Generating Final Code ---
--- Code Improvement Iteration 1 of 4 ---
--- Code Failed, Improving ---
Feedback: failed in test case: {'input': '4\nb\naabbbabaa\nabbb\nabbaab\n', 'output': ['b\naabbbabaa\nbbbb\nbbbaab\n']}

--- Code Improvement Iteration 2 of 4 ---
--- Code Failed, Improving ---
Feedback: failed in test case: {'input': '4\nb\naabbbabaa\nabbb\nabbaab\n', 'output': ['b\naabbbabaa\nbbbb\nbbbaab\n']}

--- Code Improvement Iteration 3 of 4 ---
--- Code Failed, Improving ---
Feedback: failed in test case: {'input': '4\nb\naabbbabaa\nabbb\nabbaab\n', 'output': ['b\naabbbabaa\nbbbb\nbbbaab\n']}

--- Code Improvement Iteration 4 of 4 ---
--- Code Failed, Improving ---
Feedback: failed in test case: {'input': '4\nb\naabbbabaa\nabbb\nabbaab\n', 'output': ['b\naabbbabaa\nbbbb\nbbbaab\n']}

--- Ending run_single_pass ---
Final Code: 
def solve(s):
    n = len(s)
    if n < 2:
        return s
    
    # Count initial AB and BA
    ab_count = 0
    ba_count = 0
    for i in range(n - 1):
        if s[i] == 'a' and s[i + 1] == 'b':
            ab_count += 1
        elif s[i] == 'b' and s[i + 1] == 'a':
            ba_count += 1
    
    if ab_count == ba_count:
        return s
    
    # Try different approaches
    
    # Approach 1: Make all 'a's
    all_a = 'a' * n
    cost_all_a = sum(1 for i in range(n) if s[i] != 'a')
    
    # Approach 2: Make all 'b's  
    all_b = 'b' * n
    cost_all_b = sum(1 for i in range(n) if s[i] != 'b')
    
    # Approach 3: Make a*b* pattern (all a's followed by all b's)
    best_a_b = s
    min_cost_a_b = n + 1
    
    # Try all possible splits
    for i in range(n + 1):
        candidate = 'a' * i + 'b' * (n - i)
        cost = sum(1 for j in range(n) if s[j] != candidate[j])
        
        # Count AB and BA in candidate
        cand_ab = cand_ba = 0
        for k in range(n - 1):
            if candidate[k] == 'a' and candidate[k + 1] == 'b':
                cand_ab += 1
            elif candidate[k] == 'b' and candidate[k + 1] == 'a':
                cand_ba += 1
                
        if cand_ab == cand_ba and cost < min_cost_a_b:
            min_cost_a_b = cost
            best_a_b = candidate
    
    # Approach 4: Make b*a* pattern (all b's followed by all a's)
    best_b_a = s
    min_cost_b_a = n + 1
    
    # Try all possible splits
    for i in range(n + 1):
        candidate = 'b' * i + 'a' * (n - i)
        cost = sum(1 for j in range(n) if s[j] != candidate[j])
        
        # Count AB and BA in candidate
        cand_ab = cand_ba = 0
        for k in range(n - 1):
            if candidate[k] == 'a' and candidate[k + 1] == 'b':
                cand_ab += 1
            elif candidate[k] == 'b' and candidate[k + 1] == 'a':
                cand_ba += 1
                
        if cand_ab == cand_ba and cost < min_cost_b_a:
            min_cost_b_a = cost
            best_b_a = candidate
    
    # Find minimum cost among valid solutions
    min_cost = min(cost_all_a, cost_all_b, min_cost_a_b, min_cost_b_a)
    
    if min_cost == cost_all_a:
        return all_a
    elif min_cost == cost_all_b:
        return all_b
    elif min_cost == min_cost_a_b:
        return best_a_b
    else:
        return best_b_a

t = int(input())
for _ in range(t):
    s = input().strip()
    print(solve(s))



Total Prompt Tokens: 14136
Total Completion Tokens: 6914
________________________


--- Starting run_single_pass ---
Task ID: 1606
--- Generating Knowledge Base and Exemplars ---
--- Parsing Knowledge Base and Exemplars ---
--- Planning Iteration 1 of 4 ---
--- Generating Problem Planning ---
--- Parsing Problem Planning ---
--- Generating Planning Verification ---
--- Plan Verification Correct ---
--- Generating Final Code ---
--- Code Improvement Iteration 1 of 4 ---
--- Code Failed, Improving ---
Feedback: failed in test case: {'input': '4\nb\naabbbabaa\nabbb\nabbaab\n', 'output': ['b\naabbbabaa\nbbbb\nbbbaab\n']}

--- Code Improvement Iteration 2 of 4 ---
--- Code Failed, Improving ---
Feedback: failed in test case: {'input': '4\nb\naabbbabaa\nabbb\nabbaab\n', 'output': ['b\naabbbabaa\nbbbb\nbbbaab\n']}

--- Code Improvement Iteration 3 of 4 ---
--- Code Failed, Improving ---
Feedback: failed in test case: {'input': '4\nb\naabbbabaa\nabbb\nabbaab\n', 'output': ['b\naabbbabaa\nbbbb\nbbbaab\n']}

--- Code Improvement Iteration 4 of 4 ---
--- Code Failed, Improving ---
Feedback: failed in test case: {'input': '4\nb\naabbbabaa\nabbb\nabbaab\n', 'output': ['b\naabbbabaa\nbbbb\nbbbaab\n']}

--- Ending run_single_pass ---
Final Code: 
def solve():
    t = int(input())
    for _ in range(t):
        s = list(input().strip())
        n = len(s)
        
        # Calculate initial counts of "ab" and "ba"
        count_ab = 0
        count_ba = 0
        for i in range(n - 1):
            if s[i] == 'a' and s[i + 1] == 'b':
                count_ab += 1
            elif s[i] == 'b' and s[i + 1] == 'a':
                count_ba += 1
        
        # If already balanced, print and continue
        if count_ab == count_ba:
            print(''.join(s))
            continue
            
        # Determine which count is greater
        diff = count_ab - count_ba
        
        if diff > 0:  # More AB, need to reduce AB or increase BA
            # Find first occurrence of "ab" and change 'a' to 'b'
            for i in range(n - 1):
                if s[i] == 'a' and s[i + 1] == 'b':
                    s[i] = 'b'
                    break
        else:  # More BA, need to reduce BA or increase AB
            # Find first occurrence of "ba" and change 'b' to 'a'
            for i in range(n - 1):
                if s[i] == 'b' and s[i + 1] == 'a':
                    s[i] = 'a'
                    break
                    
        print(''.join(s))

solve()



Total Prompt Tokens: 17349
Total Completion Tokens: 8162
________________________


--- Starting run_single_pass ---
Task ID: 1607
--- Generating Knowledge Base and Exemplars ---
--- Parsing Knowledge Base and Exemplars ---
--- Planning Iteration 1 of 4 ---
--- Generating Problem Planning ---
--- Parsing Problem Planning ---
--- Generating Planning Verification ---
--- Plan Verification Correct ---
--- Generating Final Code ---
--- Code Improvement Iteration 1 of 4 ---
--- Code Failed, Improving ---
Feedback: failed in test case: {'input': '5\nabcdefghijklmnopqrstuvwxyz\nhello\nabcdefghijklmnopqrstuvwxyz\ni\nabcdefghijklmnopqrstuvwxyz\ncodeforces\nqwertyuiopasdfghjklzxcvbnm\nqqqqqqqqqqqqqqqqqqqqqqqqqqqqqqqqqqqqqqqqqqqqqqqqqq\nqwertyuiopasdfghjklzxcvbnm\nabacaba\n', 'output': ['13\n0\n68\n0\n74\n']}

--- Code Improvement Iteration 2 of 4 ---
--- Code Failed, Improving ---
Feedback: failed in test case: {'input': '5\nabcdefghijklmnopqrstuvwxyz\nhello\nabcdefghijklmnopqrstuvwxyz\ni\nabcdefghijklmnopqrstuvwxyz\ncodeforces\nqwertyuiopasdfghjklzxcvbnm\nqqqqqqqqqqqqqqqqqqqqqqqqqqqqqqqqqqqqqqqqqqqqqqqqqq\nqwertyuiopasdfghjklzxcvbnm\nabacaba\n', 'output': ['13\n0\n68\n0\n74\n']}

--- Code Improvement Iteration 3 of 4 ---
--- Code Failed, Improving ---
Feedback: failed in test case: {'input': '5\nabcdefghijklmnopqrstuvwxyz\nhello\nabcdefghijklmnopqrstuvwxyz\ni\nabcdefghijklmnopqrstuvwxyz\ncodeforces\nqwertyuiopasdfghjklzxcvbnm\nqqqqqqqqqqqqqqqqqqqqqqqqqqqqqqqqqqqqqqqqqqqqqqqqqq\nqwertyuiopasdfghjklzxcvbnm\nabacaba\n', 'output': ['13\n0\n68\n0\n74\n']}

--- Code Improvement Iteration 4 of 4 ---
--- Code Failed, Improving ---
Feedback: failed in test case: {'input': '5\nabcdefghijklmnopqrstuvwxyz\nhello\nabcdefghijklmnopqrstuvwxyz\ni\nabcdefghijklmnopqrstuvwxyz\ncodeforces\nqwertyuiopasdfghjklzxcvbnm\nqqqqqqqqqqqqqqqqqqqqqqqqqqqqqqqqqqqqqqqqqqqqqqqqqq\nqwertyuiopasdfghjklzxcvbnm\nabacaba\n', 'output': ['13\n0\n68\n0\n74\n']}

--- Ending run_single_pass ---
Final Code: 
t = int(input())
for _ in range(t):
    keyboard = input().strip()
    s = input().strip()
    
    # Create position map for each character on the keyboard
    pos = {char: i for i, char in enumerate(keyboard)}
    
    # Calculate total time
    total_time = 0
    for i in range(1, len(s)):
        total_time += abs(pos[s[i]] - pos[s[i-1]])
    
    print(total_time)



Total Prompt Tokens: 11440
Total Completion Tokens: 3628
________________________


--- Starting run_single_pass ---
Task ID: 1608
--- Generating Knowledge Base and Exemplars ---
--- Parsing Knowledge Base and Exemplars ---
Error parsing KB and Exemplars: 'gbk' codec can't encode character '\u2713' in position 2301: illegal multibyte sequence
--- Planning Iteration 1 of 4 ---
--- Generating Problem Planning ---
--- Parsing Problem Planning ---
--- Generating Planning Verification ---
--- Plan Verification Correct ---
--- Generating Final Code ---
--- Code Improvement Iteration 1 of 4 ---
--- Code Failed, Improving ---
Feedback: failed in test case: {'input': '3\n1\n2\n7\n', 'output': ['2 \n2 3 \n2 3 4 5 6 7 8 \n']}

--- Code Improvement Iteration 2 of 4 ---
--- Code Failed, Improving ---
Feedback: failed in test case: {'input': '3\n1\n2\n7\n', 'output': ['2 \n2 3 \n2 3 4 5 6 7 8 \n']}

--- Code Improvement Iteration 3 of 4 ---
--- Code Failed, Improving ---
Feedback: failed in test case: {'input': '3\n1\n2\n7\n', 'output': ['2 \n2 3 \n2 3 4 5 6 7 8 \n']}

--- Code Improvement Iteration 4 of 4 ---
--- Code Failed, Improving ---
Feedback: failed in test case: {'input': '3\n1\n2\n7\n', 'output': ['2 \n2 3 \n2 3 4 5 6 7 8 \n']}

--- Ending run_single_pass ---
Final Code: 
t = int(input())
for _ in range(t):
    n = int(input())
    result = []
    for i in range(n):
        result.append(i + 2)
    print(' '.join(map(str, result)))



Total Prompt Tokens: 9986
Total Completion Tokens: 3535
________________________


--- Starting run_single_pass ---
Task ID: 1608
--- Generating Knowledge Base and Exemplars ---
--- Parsing Knowledge Base and Exemplars ---
--- Planning Iteration 1 of 4 ---
--- Generating Problem Planning ---
--- Parsing Problem Planning ---
--- Generating Planning Verification ---
--- Plan Verification Correct ---
--- Generating Final Code ---
--- Code Improvement Iteration 1 of 4 ---
--- Code Failed, Improving ---
Feedback: failed in test case: {'input': '3\n1\n2\n7\n', 'output': ['2 \n2 3 \n2 3 4 5 6 7 8 \n']}

--- Code Improvement Iteration 2 of 4 ---
--- Code Failed, Improving ---
Feedback: failed in test case: {'input': '3\n1\n2\n7\n', 'output': ['2 \n2 3 \n2 3 4 5 6 7 8 \n']}

--- Code Improvement Iteration 3 of 4 ---
--- Code Failed, Improving ---
Feedback: failed in test case: {'input': '3\n1\n2\n7\n', 'output': ['2 \n2 3 \n2 3 4 5 6 7 8 \n']}

--- Code Improvement Iteration 4 of 4 ---
--- Code Failed, Improving ---
Feedback: failed in test case: {'input': '3\n1\n2\n7\n', 'output': ['2 \n2 3 \n2 3 4 5 6 7 8 \n']}

--- Ending run_single_pass ---
Final Code: 
t = int(input())
for _ in range(t):
    n = int(input())
    result = [i + 2 for i in range(n)]
    print(' '.join(map(str, result)))



Total Prompt Tokens: 9927
Total Completion Tokens: 3940
________________________


--- Starting run_single_pass ---
Task ID: 1608
--- Generating Knowledge Base and Exemplars ---
--- Parsing Knowledge Base and Exemplars ---
--- Planning Iteration 1 of 4 ---
--- Generating Problem Planning ---
--- Parsing Problem Planning ---
--- Generating Planning Verification ---
--- Plan Verification Correct ---
--- Generating Final Code ---
--- Code Improvement Iteration 1 of 4 ---
--- Code Failed, Improving ---
Feedback: failed in test case: {'input': '3\n1\n2\n7\n', 'output': ['2 \n2 3 \n2 3 4 5 6 7 8 \n']}

--- Code Improvement Iteration 2 of 4 ---
--- Code Failed, Improving ---
Feedback: failed in test case: {'input': '3\n1\n2\n7\n', 'output': ['2 \n2 3 \n2 3 4 5 6 7 8 \n']}

--- Code Improvement Iteration 3 of 4 ---
--- Code Failed, Improving ---
Feedback: failed in test case: {'input': '3\n1\n2\n7\n', 'output': ['2 \n2 3 \n2 3 4 5 6 7 8 \n']}

--- Code Improvement Iteration 4 of 4 ---
--- Code Failed, Improving ---
Feedback: failed in test case: {'input': '3\n1\n2\n7\n', 'output': ['2 \n2 3 \n2 3 4 5 6 7 8 \n']}

--- Ending run_single_pass ---
Final Code: 
t = int(input())
for _ in range(t):
    n = int(input())
    if n == 1:
        print(1)
    else:
        result = []
        for i in range(n):
            result.append(i + 2)  # Start from 2, 3, 4, 5, ...
        print(' '.join(map(str, result)))



Total Prompt Tokens: 11496
Total Completion Tokens: 3888
________________________


--- Starting run_single_pass ---
Task ID: 1608
--- Generating Knowledge Base and Exemplars ---
--- Parsing Knowledge Base and Exemplars ---
--- Planning Iteration 1 of 4 ---
--- Generating Problem Planning ---
--- Parsing Problem Planning ---
--- Generating Planning Verification ---
--- Plan Verification Correct ---
--- Generating Final Code ---
--- Code Improvement Iteration 1 of 4 ---
--- Code Failed, Improving ---
Feedback: failed in test case: {'input': '3\n1\n2\n7\n', 'output': ['2 \n2 3 \n2 3 4 5 6 7 8 \n']}

--- Code Improvement Iteration 2 of 4 ---
--- Code Failed, Improving ---
Feedback: failed in test case: {'input': '3\n1\n2\n7\n', 'output': ['2 \n2 3 \n2 3 4 5 6 7 8 \n']}

--- Code Improvement Iteration 3 of 4 ---
--- Code Failed, Improving ---
Feedback: failed in test case: {'input': '3\n1\n2\n7\n', 'output': ['2 \n2 3 \n2 3 4 5 6 7 8 \n']}

--- Code Improvement Iteration 4 of 4 ---
--- Code Failed, Improving ---
Feedback: failed in test case: {'input': '3\n1\n2\n7\n', 'output': ['2 \n2 3 \n2 3 4 5 6 7 8 \n']}

--- Ending run_single_pass ---
Final Code: 
t = int(input())
for _ in range(t):
    n = int(input())
    if n == 1:
        print(1)
    else:
        result = []
        current = 11
        for i in range(n):
            result.append(current)
            current = current * 10 + 1
        print(' '.join(map(str, result)))



Total Prompt Tokens: 9618
Total Completion Tokens: 2666
________________________


--- Starting run_single_pass ---
Task ID: 1608
--- Generating Knowledge Base and Exemplars ---
--- Parsing Knowledge Base and Exemplars ---
XML ParseError: not well-formed (invalid token): line 3, column 77
Response:
<response>
  <knowledge_base>
    - **Strictly Increasing Sequence**: The output array must satisfy `a[i] < a[i+1]` for all valid indices.
    - **Non-divisibility Constraint**: For every `i` from 2 to `n`, `a[i] % a[i-1] != 0`.
    - **Value Bounds**: Each element must be between 1 and 10^9 inclusive.
    - **Construction Strategy**: A common method is to construct elements such that each new element is coprime to or shares no multiplicative relationship with the previous one.
    - **Prime-based Construction**: Using primes ensures non-divisibility but may not maintain strict increments easily due to prime gaps.
    - **String Repetition Method**: Using numbers like 1, 11, 111, etc., which are formed by repeating digits, often works because these numbers do not divide each other in most cases.
    - **Exponential Growth Approach**: Choosing elements that grow exponentially (e.g., powers of two plus some offset) helps ensure non-divisibility while maintaining increasing order.
    - **Edge Cases**:
      - For `n = 1`, any value within range is acceptable; simplest is `[1]`.
      - Large values of `n` require careful selection to avoid exceeding the upper bound of 10^9.
  </knowledge_base>
  <exemplars><![CDATA[
### Exemplar 1: Simple Case
**Input**
```
1
1
```
**Output**
```
1
```
**Explanation**
Only one element needed. Any integer between 1 and 10^9 satisfies the condition.

---

### Exemplar 2: Two Elements
**Input**
```
1
2
```
**Output**
```
2 3
```
**Explanation**
Two elements required. Must have `a[1] < a[2]` and `a[2] % a[1] != 0`. Example uses consecutive integers where second is not a multiple of first.

---

### Exemplar 3: Larger Array
**Input**
```
1
7
```
**Output**
```
111 1111 11111 111111 1111111 11111111 111111111
```
**Explanation**
Uses repunit-like numbers (numbers made of repeated '1's), which inherently don't divide each other when constructed this way, ensuring both increasing sequence and non-divisibility.
]]></exemplars>
</response>
--- Planning Iteration 1 of 4 ---
--- Generating Problem Planning ---
--- Parsing Problem Planning ---
--- Generating Planning Verification ---
--- Plan Verification Correct ---
--- Generating Final Code ---
--- Code Improvement Iteration 1 of 4 ---
--- Code Failed, Improving ---
Feedback: failed in test case: {'input': '3\n1\n2\n7\n', 'output': ['2 \n2 3 \n2 3 4 5 6 7 8 \n']}

--- Code Improvement Iteration 2 of 4 ---
--- Code Failed, Improving ---
Feedback: failed in test case: {'input': '3\n1\n2\n7\n', 'output': ['2 \n2 3 \n2 3 4 5 6 7 8 \n']}

--- Code Improvement Iteration 3 of 4 ---
--- Code Failed, Improving ---
Feedback: failed in test case: {'input': '3\n1\n2\n7\n', 'output': ['2 \n2 3 \n2 3 4 5 6 7 8 \n']}

--- Code Improvement Iteration 4 of 4 ---
--- Code Failed, Improving ---
Feedback: failed in test case: {'input': '3\n1\n2\n7\n', 'output': ['2 \n2 3 \n2 3 4 5 6 7 8 \n']}

--- Ending run_single_pass ---
Final Code: 
t = int(input())
for _ in range(t):
    n = int(input())
    result = []
    for i in range(1, n + 1):
        # Generate repunit: 1, 11, 111, 1111, ...
        num = int('1' * i)
        result.append(num)
    print(' '.join(map(str, result)))



Total Prompt Tokens: 9707
Total Completion Tokens: 4311
________________________


--- Starting run_single_pass ---
Task ID: 1608
--- Generating Knowledge Base and Exemplars ---
--- Parsing Knowledge Base and Exemplars ---
Error parsing KB and Exemplars: 'gbk' codec can't encode character '\u2713' in position 1548: illegal multibyte sequence
--- Planning Iteration 1 of 4 ---
--- Generating Problem Planning ---
--- Parsing Problem Planning ---
--- Generating Planning Verification ---
--- Plan Verification Correct ---
--- Generating Final Code ---
--- Code Improvement Iteration 1 of 4 ---
--- Code Failed, Improving ---
Feedback: failed in test case: {'input': '3\n1\n2\n7\n', 'output': ['2 \n2 3 \n2 3 4 5 6 7 8 \n']}

--- Code Improvement Iteration 2 of 4 ---
--- Code Failed, Improving ---
Feedback: failed in test case: {'input': '3\n1\n2\n7\n', 'output': ['2 \n2 3 \n2 3 4 5 6 7 8 \n']}

--- Code Improvement Iteration 3 of 4 ---
--- Code Failed, Improving ---
Feedback: failed in test case: {'input': '3\n1\n2\n7\n', 'output': ['2 \n2 3 \n2 3 4 5 6 7 8 \n']}

--- Code Improvement Iteration 4 of 4 ---
--- Code Failed, Improving ---
Feedback: failed in test case: {'input': '3\n1\n2\n7\n', 'output': ['2 \n2 3 \n2 3 4 5 6 7 8 \n']}

--- Ending run_single_pass ---
Final Code: 
t = int(input())
for _ in range(t):
    n = int(input())
    
    if n == 1:
        print(1)
    elif n == 2:
        print("2 3")
    else:
        # For n >= 3, use the pattern starting with 111
        result = []
        for i in range(n):
            # Create numbers with 3, 4, 5, ... (i+3) ones
            num = int('1' * (i + 3))
            result.append(num)
        print(' '.join(map(str, result)))



Total Prompt Tokens: 11091
Total Completion Tokens: 5130
________________________


--- Starting run_single_pass ---
Task ID: 1608
--- Generating Knowledge Base and Exemplars ---
--- Parsing Knowledge Base and Exemplars ---
--- Planning Iteration 1 of 4 ---
--- Generating Problem Planning ---
--- Parsing Problem Planning ---
--- Generating Planning Verification ---
--- Plan Verification Correct ---
--- Generating Final Code ---
--- Code Improvement Iteration 1 of 4 ---
--- Code Failed, Improving ---
Feedback: failed in test case: {'input': '3\n1\n2\n7\n', 'output': ['2 \n2 3 \n2 3 4 5 6 7 8 \n']}

--- Code Improvement Iteration 2 of 4 ---
--- Code Failed, Improving ---
Feedback: failed in test case: {'input': '3\n1\n2\n7\n', 'output': ['2 \n2 3 \n2 3 4 5 6 7 8 \n']}

--- Code Improvement Iteration 3 of 4 ---
--- Code Failed, Improving ---
Feedback: failed in test case: {'input': '3\n1\n2\n7\n', 'output': ['2 \n2 3 \n2 3 4 5 6 7 8 \n']}

--- Code Improvement Iteration 4 of 4 ---
--- Code Failed, Improving ---
Feedback: failed in test case: {'input': '3\n1\n2\n7\n', 'output': ['2 \n2 3 \n2 3 4 5 6 7 8 \n']}

--- Ending run_single_pass ---
Final Code: 
t = int(input())
for _ in range(t):
    n = int(input())
    if n == 1:
        print(1)
    else:
        result = []
        # Use numbers like 1, 11, 111, 1111, ...
        current_number = 1
        for i in range(n):
            result.append(current_number)
            current_number = current_number * 10 + 1
        print(' '.join(map(str, result)))



Total Prompt Tokens: 10845
Total Completion Tokens: 2926
________________________


--- Starting run_single_pass ---
Task ID: 1608
--- Generating Knowledge Base and Exemplars ---
--- Parsing Knowledge Base and Exemplars ---
--- Planning Iteration 1 of 4 ---
--- Generating Problem Planning ---
--- Parsing Problem Planning ---
--- Generating Planning Verification ---
--- Plan Verification Correct ---
--- Generating Final Code ---
--- Code Improvement Iteration 1 of 4 ---
--- Code Failed, Improving ---
Feedback: failed in test case: {'input': '3\n1\n2\n7\n', 'output': ['2 \n2 3 \n2 3 4 5 6 7 8 \n']}

--- Code Improvement Iteration 2 of 4 ---
--- Code Failed, Improving ---
Feedback: failed in test case: {'input': '3\n1\n2\n7\n', 'output': ['2 \n2 3 \n2 3 4 5 6 7 8 \n']}

--- Code Improvement Iteration 3 of 4 ---
--- Code Failed, Improving ---
Feedback: failed in test case: {'input': '3\n1\n2\n7\n', 'output': ['2 \n2 3 \n2 3 4 5 6 7 8 \n']}

--- Code Improvement Iteration 4 of 4 ---
--- Code Failed, Improving ---
Feedback: failed in test case: {'input': '3\n1\n2\n7\n', 'output': ['2 \n2 3 \n2 3 4 5 6 7 8 \n']}

--- Ending run_single_pass ---
Final Code: 
t = int(input())
for _ in range(t):
    n = int(input())
    if n == 1:
        print(1)
    else:
        result = []
        for i in range(n):
            # Generate number with (i+2) ones to ensure increasing and non-divisibility
            num = int('1' * (i + 2))
            result.append(num)
        print(' '.join(map(str, result)))



Total Prompt Tokens: 10454
Total Completion Tokens: 2773
________________________


--- Starting run_single_pass ---
Task ID: 1608
--- Generating Knowledge Base and Exemplars ---
--- Parsing Knowledge Base and Exemplars ---
XML ParseError: not well-formed (invalid token): line 3, column 77
Response:
<response>
  <knowledge_base>
    - **Strictly Increasing Sequence**: The array elements must satisfy a_1 < a_2 < ... < a_n.
    - **Divisibility Constraint**: For every i from 2 to n, a_i must NOT be divisible by a_{i-1}. This means a_i % a_{i-1} != 0.
    - **Value Bounds**: Each element a_i must be within the range [1, 10^9].
    - **Existence Guarantee**: The problem statement guarantees that a valid array always exists for the given constraints.
    - **Greedy Strategy**: A common approach is to construct the sequence greedily. Start with a small number and iteratively choose the next number to be larger than the previous and not divisible by it.
    - **Prime Numbers**: Using prime numbers ensures that no number in the sequence divides any other, but generating primes might be complex. However, consecutive primes do not guarantee increasing order if we need many elements.
    - **Constructive Approach using Coprime Pairs**: One effective method is to use numbers that are pairwise coprime (like numbers of the form 2^i * 3^(n-i)), ensuring divisibility constraints.
    - **Simple Construction Method**:
      * Start with a_1 = 1 or a small prime.
      * For a_i where i > 1, select a value greater than a_{i-1} such that gcd(a_i, a_{i-1}) = 1. This ensures a_i is not divisible by a_{i-1}.
      * Alternatively, build a sequence like powers of two plus one (e.g., 2^1+1=3, 2^2+1=5, 2^3+1=9), although care must be taken since some may still divide others.
    - **Edge Cases**:
      * When n=1, the answer is simply [1] or any valid single-element array.
      * Large values of n require careful selection to stay within bounds and maintain constraints.
  </knowledge_base>
  <exemplars><![CDATA[
Exemplar 1:
Input:
1
1
Output:
1
Explanation:
For n=1, any number between 1 and 10^9 works. The simplest choice is 1.

Exemplar 2:
Input:
1
2
Output:
2 3
Explanation:
We need two numbers a1 < a2 such that a2 is not divisible by a1. Choosing 2 and 3 works because 3 % 2 != 0.

Exemplar 3:
Input:
1
7
Output:
111 1111 11111 111111 1111111 11111111 111111111
Explanation:
Each number is formed by repeating '1' digit k times. These numbers are increasing, and none is divisible by the previous due to their construction involving different lengths of repeated digits which makes them non-multiples of each other under these specific forms.
]]></exemplars>
</response>
--- Planning Iteration 1 of 4 ---
--- Generating Problem Planning ---
--- Parsing Problem Planning ---
--- Generating Planning Verification ---
--- Plan Verification Correct ---
--- Generating Final Code ---
--- Code Improvement Iteration 1 of 4 ---
--- Code Failed, Improving ---
Feedback: failed in test case: {'input': '3\n1\n2\n7\n', 'output': ['2 \n2 3 \n2 3 4 5 6 7 8 \n']}

--- Code Improvement Iteration 2 of 4 ---
--- Code Failed, Improving ---
Feedback: failed in test case: {'input': '3\n1\n2\n7\n', 'output': ['2 \n2 3 \n2 3 4 5 6 7 8 \n']}

--- Code Improvement Iteration 3 of 4 ---
--- Code Failed, Improving ---
Feedback: failed in test case: {'input': '3\n1\n2\n7\n', 'output': ['2 \n2 3 \n2 3 4 5 6 7 8 \n']}

--- Code Improvement Iteration 4 of 4 ---
--- Code Failed, Improving ---
Feedback: failed in test case: {'input': '3\n1\n2\n7\n', 'output': ['2 \n2 3 \n2 3 4 5 6 7 8 \n']}

--- Ending run_single_pass ---
Final Code: 
t = int(input())
for _ in range(t):
    n = int(input())
    if n == 1:
        print(1)
    else:
        result = []
        # Use repunits: 11, 111, 1111, ...
        current = 11
        for i in range(n):
            result.append(current)
            current = current * 10 + 1
        print(' '.join(map(str, result)))



Total Prompt Tokens: 9578
Total Completion Tokens: 4351
________________________


--- Starting run_single_pass ---
Task ID: 1608
--- Generating Knowledge Base and Exemplars ---
--- Parsing Knowledge Base and Exemplars ---
--- Planning Iteration 1 of 4 ---
--- Generating Problem Planning ---
--- Parsing Problem Planning ---
XML ParseError: not well-formed (invalid token): line 6, column 363
Response:
<response>
  <plan>
    1.  **Handle Base Case:** If `n` is 1, simply output a single valid number, like `1`.
    2.  **Choose Construction Method:** Use a sequence of numbers based on repunits (like 1, 11, 111, ...) or a similar pattern that inherently avoids divisibility. The example uses numbers composed of increasing sequences of '1's (1, 11, 111, ...). However, starting with 1 causes an issue because every number is divisible by 1. Therefore, we will start generating these "repunit-like" numbers from the smallest one that ensures the divisibility condition holds, e.g., starting with a 2-digit number like `11`.
    3.  **Generate Sequence:** Generate `n` numbers where the i-th number (1-based index) is a number consisting of `(i+1)` consecutive '1's. This ensures the sequence is strictly increasing and helps avoid divisibility due to differing lengths and structures. For example: `11`, `111`, `1111`, ...
    4.  **Iterative Construction:** Initialize the first number (e.g., `a_prev = 11`). For the subsequent numbers, calculate the next number in the sequence (e.g., `a_curr = a_prev * 10 + 1`). Before assigning, check if `a_curr` exceeds the upper bound (10^9). If it does, choose another strategy or confirm the chosen strategy always stays within bounds for `n <= 1000`. Since 1000 '1's would be a huge number, let's re-evaluate. A better approach seen in examples is indeed just using the first `n` repunits starting from `1` (length 1) or `11` (length 2) if `n > 1`. Let's refine this. Start with `current_number = 1`. For i from 1 to n, output `current_number`. Then, compute the next number as `current_number = current_number * 10 + 1`. This generates 1, 11, 111, 1111, ... This fails for i=2 (11 % 1 == 0). So, the correct pattern from the example is to start from `11`. Let `a[1] = 11`. Then `a[i] = a[i-1] * 10 + 1`. This produces 11, 111, 1111, ... Check divisibility: Does 111 % 11 == 0? 111 = 10*11 + 1, so remainder is 1. Not divisible. This looks good.
    5.  **Implement Construction Loop:** Implement the loop to generate the required `n` numbers using the identified pattern (`a[1] = 11`, `a[i] = a[i-1] * 10 + 1`) and print them.
  </plan>
  <test_cases><![CDATA[
# Test Case 1: Minimum N
Input:
1
1
Output:
1

# Test Case 2: Small N matching example
Input:
1
2
Output:
11 111

# Test Case 3: Larger N matching example
Input:
1
7
Output:
11 111 1111 11111 111111 1111111 11111111

# Test Case 4: Multiple test cases
Input:
3
1
3
4
Output:
1
11 111 1111
11 111 1111 11111

# Test Case 5: Maximum N for a single case (within limits)
Input:
1
10
Output:
11 111 1111 11111 111111 1111111 11111111 111111111 1111111111 11111111111
(Note: The actual output numbers must be checked to ensure they do not exceed 10^9. For n=10, the 10th number has 11 digits and equals 11111111111 which is less than 10^11, actually greater than 10^9. Need to verify bounds. The 10th term 11111111111 > 10^9. So this specific construction fails near n=10. Let's recheck example. Example had n=7, last term was 8 '1's long: 11111111 < 10^9. 9 '1's is 111111111 < 10^9. 10 '1's is 1111111111 > 10^9. So this construction is valid up to n=9 (producing 11 to 111111111). We should state our construction handles n<=9 this way, but the problem states n<=1000. Thus, the repunit construction alone is insufficient for large n. Let's simplify test cases for the plan assuming the repunit idea works or adjust plan description to acknowledge limitations and need for general solution.)

# Adjusted Test Case 5: Valid N for Repunit Construction
Input:
1
9
Output:
11 111 1111 11111 111111 1111111 11111111 111111111 1111111111
(Actual 10th term omitted as it exceeds 10^9)

# Final Simplified Test Cases reflecting the core plan (assuming a working construction):
Input:
2
1
4
Output:
1
11 111 1111 11111
]]></test_cases>
</response>
--- Generating Planning Verification ---
--- Plan Verification Correct ---
--- Generating Final Code ---
--- Code Improvement Iteration 1 of 4 ---
--- Code Failed, Improving ---
Feedback: failed in test case: {'input': '3\n1\n2\n7\n', 'output': ['2 \n2 3 \n2 3 4 5 6 7 8 \n']}

--- Code Improvement Iteration 2 of 4 ---
--- Code Failed, Improving ---
Feedback: failed in test case: {'input': '3\n1\n2\n7\n', 'output': ['2 \n2 3 \n2 3 4 5 6 7 8 \n']}

--- Code Improvement Iteration 3 of 4 ---
--- Code Failed, Improving ---
Feedback: failed in test case: {'input': '3\n1\n2\n7\n', 'output': ['2 \n2 3 \n2 3 4 5 6 7 8 \n']}

--- Code Improvement Iteration 4 of 4 ---
--- Code Failed, Improving ---
Feedback: failed in test case: {'input': '3\n1\n2\n7\n', 'output': ['2 \n2 3 \n2 3 4 5 6 7 8 \n']}

--- Ending run_single_pass ---
Final Code: 
t = int(input())
for _ in range(t):
    n = int(input())
    result = []
    for i in range(n):
        result.append(i + 2)
    print(' '.join(map(str, result)))



Total Prompt Tokens: 6975
Total Completion Tokens: 6186
________________________


--- Starting run_single_pass ---
Task ID: 1613
--- Generating Knowledge Base and Exemplars ---
--- Parsing Knowledge Base and Exemplars ---
--- Planning Iteration 1 of 4 ---
--- Generating Problem Planning ---
--- Parsing Problem Planning ---
--- Generating Planning Verification ---
--- Plan Verification Correct ---
--- Generating Final Code ---
--- Code Improvement Iteration 1 of 4 ---
--- Code Failed, Improving ---
Feedback: failed in test case: {'input': '5\n2 1\n19 0\n10 2\n100 1\n1999 0\n2 3\n1 0\n1 0\n99 0\n1 2\n', 'output': ['>\n=\n<\n=\n<\n']}

--- Code Improvement Iteration 2 of 4 ---
--- Code Failed, Improving ---
Feedback: failed in test case: {'input': '5\n2 1\n19 0\n10 2\n100 1\n1999 0\n2 3\n1 0\n1 0\n99 0\n1 2\n', 'output': ['>\n=\n<\n=\n<\n']}

--- Code Improvement Iteration 3 of 4 ---
--- Code Failed, Improving ---
Feedback: failed in test case: {'input': '5\n2 1\n19 0\n10 2\n100 1\n1999 0\n2 3\n1 0\n1 0\n99 0\n1 2\n', 'output': ['>\n=\n<\n=\n<\n']}

--- Code Improvement Iteration 4 of 4 ---
--- Code Failed, Improving ---
Feedback: failed in test case: {'input': '5\n2 1\n19 0\n10 2\n100 1\n1999 0\n2 3\n1 0\n1 0\n99 0\n1 2\n', 'output': ['>\n=\n<\n=\n<\n']}

--- Ending run_single_pass ---
Final Code: 
import sys

def compare_numbers(x1, p1, x2, p2):
    # Remove trailing zeros from x1 and adjust p1
    while x1 % 10 == 0:
        x1 //= 10
        p1 += 1
    
    # Remove trailing zeros from x2 and adjust p2
    while x2 % 10 == 0:
        x2 //= 10
        p2 += 1
    
    # Calculate the difference in powers
    power_diff = p1 - p2
    
    # If the difference is too large, we can decide immediately
    if power_diff > 18:
        return '>'
    elif power_diff < -18:
        return '<'
    
    # Make numbers have same power of 10 for comparison
    if power_diff > 0:
        # First number has higher power, multiply x1 by 10^power_diff
        try:
            adjusted_x1 = x1 * (10 ** power_diff)
            if adjusted_x1 > x2:
                return '>'
            elif adjusted_x1 < x2:
                return '<'
            else:
                return '='
        except OverflowError:
            return '>'
    elif power_diff < 0:
        # Second number has higher power, multiply x2 by 10^(-power_diff)
        neg_power_diff = -power_diff
        try:
            adjusted_x2 = x2 * (10 ** neg_power_diff)
            if x1 > adjusted_x2:
                return '>'
            elif x1 < adjusted_x2:
                return '<'
            else:
                return '='
        except OverflowError:
            return '<'
    else:
        # Same power, compare x values directly
        if x1 < x2:
            return '<'
        elif x1 > x2:
            return '>'
        else:
            return '='

# Read number of test cases
t = int(sys.stdin.readline())

# Process each test case
for _ in range(t):
    x1, p1 = map(int, sys.stdin.readline().split())
    x2, p2 = map(int, sys.stdin.readline().split())
    result = compare_numbers(x1, p1, x2, p2)
    print(result)



Total Prompt Tokens: 11079
Total Completion Tokens: 5878
________________________


--- Starting run_single_pass ---
Task ID: 1615
--- Generating Knowledge Base and Exemplars ---
--- Parsing Knowledge Base and Exemplars ---
--- Planning Iteration 1 of 4 ---
--- Generating Problem Planning ---
--- Parsing Problem Planning ---
--- Generating Planning Verification ---
--- Plan Verification Correct ---
--- Generating Final Code ---
--- Code Improvement Iteration 1 of 4 ---
--- Code Failed, Improving ---
Feedback: failed in test case: {'input': '3\n3\n10 10 10\n4\n3 2 1 2\n5\n1 2 3 1 5\n', 'output': ['0\n0\n1\n']}

--- Code Improvement Iteration 2 of 4 ---
--- Code Failed, Improving ---
Feedback: failed in test case: {'input': '3\n3\n10 10 10\n4\n3 2 1 2\n5\n1 2 3 1 5\n', 'output': ['0\n0\n1\n']}

--- Code Improvement Iteration 3 of 4 ---
--- Code Failed, Improving ---
Feedback: failed in test case: {'input': '3\n3\n10 10 10\n4\n3 2 1 2\n5\n1 2 3 1 5\n', 'output': ['0\n0\n1\n']}

--- Code Improvement Iteration 4 of 4 ---
--- Code Failed, Improving ---
Feedback: failed in test case: {'input': '3\n3\n10 10 10\n4\n3 2 1 2\n5\n1 2 3 1 5\n', 'output': ['0\n0\n1\n']}

--- Ending run_single_pass ---
Final Code: 
t = int(input())
for _ in range(t):
    n = int(input())
    a = list(map(int, input().split()))
    total = sum(a)
    if total % n == 0:
        print(0)
    else:
        print(1)



Total Prompt Tokens: 10719
Total Completion Tokens: 1551
________________________


#########################
Running end QwenCoder480b-MapCoder-CC-Python3-0.0-10, Time: 2025-11-18 00:27:42.966509
##########################

