#########################
Running start QwenCoderTurbo-Analogical-XCode-Python3-0.0-1, Time: 2025-11-11 20:40:46.650158
##########################

An error occurred: 'gbk' codec can't encode character '\u2009' in position 3102: illegal multibyte sequence
An error occurred: 'gbk' codec can't encode character '\u2009' in position 1405: illegal multibyte sequence
An error occurred: 'gbk' codec can't encode character '\u2009' in position 321: illegal multibyte sequence
An error occurred: 'gbk' codec can't encode character '\u2009' in position 564: illegal multibyte sequence
An error occurred: 'gbk' codec can't encode character '\u2009' in position 507: illegal multibyte sequence
An error occurred: 'gbk' codec can't encode character '\u2009' in position 987: illegal multibyte sequence
An error occurred: 'gbk' codec can't encode character '\u2009' in position 851: illegal multibyte sequence
An error occurred: 'gbk' codec can't encode character '\u2009' in position 917: illegal multibyte sequence
An error occurred: 'gbk' codec can't encode character '\u2009' in position 443: illegal multibyte sequence
An error occurred: 'gbk' codec can't encode character '\u2009' in position 334: illegal multibyte sequence
An error occurred: 'gbk' codec can't encode character '\u2009' in position 303: illegal multibyte sequence
An error occurred: 'gbk' codec can't encode character '\u2009' in position 1393: illegal multibyte sequence
An error occurred: 'gbk' codec can't encode character '\u2009' in position 1656: illegal multibyte sequence
An error occurred: 'gbk' codec can't encode character '\u2009' in position 296: illegal multibyte sequence
#########################
Running end QwenCoderTurbo-Analogical-XCode-Python3-0.0-1, Time: 2025-11-11 20:40:47.502533
##########################

