#########################
Running start QwenCoderTurbo-Analogical-XCode-Python3-0.0-1, Time: 2025-11-11 20:40:46.646499
##########################

An error occurred: 'gbk' codec can't encode character '\u2009' in position 1098: illegal multibyte sequence
An error occurred: 'gbk' codec can't encode character '\u2009' in position 512: illegal multibyte sequence
An error occurred: 'gbk' codec can't encode character '\u2009' in position 1209: illegal multibyte sequence
An error occurred: 'gbk' codec can't encode character '\u2009' in position 591: illegal multibyte sequence
Your goal is to write Python3 code to solve competitive programming problems. Given a problem , explain the core concepts in it and provide other relevant problems. Then solve the original problem.

# Problem:
Problem Description:
Vasya has recently learned to type and log on to the Internet. He immediately entered a chat room and decided to say hello to everybody. Vasya typed the word s. It is considered that Vasya managed to say hello if several letters can be deleted from the typed word so that it resulted in the word "hello". For example, if Vasya types the word "ahhellllloou", it will be considered that he said hello, and if he types "hlelo", it will be considered that Vasya got misunderstood and he didn't manage to say hello. Determine whether Vasya managed to say hello by the given word s.
Input Specification:
The first and only line contains the word s, which Vasya typed. This word consisits of small Latin letters, its length is no less that 1 and no more than 100 letters.
Output Specification:
If Vasya managed to say hello, print "YES", otherwise print "NO".
Sample Inputs: ['ahhellllloou', 'hlelo']
Sample Outputs: ['YES', 'NO']
Note: None
Take input from: standard input
Give output to: standard output
Time Limit: 1 second
Memory Limit: 256 megabytes

Note: If you are writing a function then after the function definition take input from using `input()` function, call the function with specified parameters and finally print the output of the function.

# Instruction: (Your response must include the following points sequentially)

## Algorithms:
Identify the core concepts or algorithms used to solve the problem.

## Tutorial:
Write a useful tutorial about these algorithms.

## Example Problems: 
Provide three examples of relevant competitive programming problems that involve these algorithms. For each problem , describe the problem , explain the solution in detail , and then write the correct Python3 code.

## Python3 code to solve the original problem: 
Include the following points in your response: 
- Explanation of the solution: 
- Python3 code to solve the problem (inside ```  ``` block):
### Core Concepts
To solve this problem, we need to determine if we can transform the given string `s` into the string "hello" by deleting some characters. The key concept here is **pattern matching**. We need to check if all the characters of "hello" appear in `s` in order, regardless of how many characters are deleted.

### Algorithm
1. Initialize two pointers, one for the string `s` and another for the string "hello".
2. Traverse through the string `s` using the pointer for `s`.
3. For each character in `s`, check if it matches the current character in "hello".
4. If there is a match, move the pointer for "hello" to the next character.
5. After traversing `s`, check if the pointer for "hello" has reached the end of "hello". If it has, return "YES". Otherwise, return "NO".

### Tutorial
Pattern matching is a fundamental algorithmic technique used to find occurrences of a pattern within a text. In this case, we're looking for the sequence of characters "hello" within the string `s`.

### Example Problems
#### Problem 1: Substring Check
**Problem**: Given two strings `a` and `b`, determine if `a` is a substring of `b`.

**Solution**: Use two pointers to traverse both strings and check if the characters match sequentially.

```python
def is_substring(a, b):
    i, j = 0, 0
    while i < len(a) and j < len(b):
        if a[i] == b[j]:
            i += 1
        j += 1
    return i == len(a)

# Test cases
print(is_substring("abc", "abcdef"))  # True
print(is_substring("xyz", "abcde"))   # False
```

#### Problem 2: Longest Common Subsequence
**Problem**: Given two strings `X` and `Y`, find the longest common subsequence between them.

**Solution**: Use dynamic programming to build a table where each cell `(i, j)` represents the length of the LCS of the substrings `X[0..i]` and `Y[0..j]`.

```python
def lcs(X, Y):
    m, n = len(X), len(Y)
    dp = [[0] * (n + 1) for _ in range(m + 1)]
    
    for i in range(1, m + 1):
        for j in range(1, n + 1):
            if X[i - 1] == Y[j - 1]:
                dp[i][j] = dp[i - 1][j - 1] + 1
            else:
                dp[i][j] = max(dp[i - 1][j], dp[i][j - 1])
    
    return dp[m][n]

# Test cases
print(lcs("AGGTAB", "GXTXAYB"))  # 4
```

#### Problem 3: Isomorphic Strings
**Problem**: Given two strings `s` and `t`, determine if they are isomorphic, meaning there exists a bijection between characters of `s` and `t`.

**Solution**: Use two dictionaries to map characters from `s` to `t` and vice versa, ensuring consistency.

```python
def is_isomorphic(s, t):
    if len(s) != len(t):
        return False
    
    s_to_t, t_to_s = {}, {}
    for char_s, char_t in zip(s, t):
        if char_s not in s_to_t and char_t not in t_to_s:
            s_to_t[char_s] = char_t
            t_to_s[char_t] = char_s
        elif s_to_t.get(char_s) != char_t or t_to_s.get(char_t) != char_s:
            return False
    
    return True

# Test cases
print(is_isomorphic("egg", "add"))  # True
print(is_isomorphic("foo", "bar"))  # False
```

### Python3 Code to Solve the Original Problem
```python
def can_say_hello(s):
    hello_index = 0
    for char in s:
        if hello_index < len("hello") and char == "hello"[hello_index]:
            hello_index += 1
    return "YES" if hello_index == len("hello") else "NO"

# Take input from standard input
input_string = input()
result = can_say_hello(input_string)
print(result)
```

This code defines a function `can_say_hello` that checks if the given string `s` can be transformed into "hello" by deleting some characters. It uses a pointer approach to ensure all characters of "hello" appear in order. Finally, it prints "YES" if possible, otherwise "NO".
completed 5/8, Solved: True, number of success = 1/5, acc = 20.0
Your goal is to write Python3 code to solve competitive programming problems. Given a problem , explain the core concepts in it and provide other relevant problems. Then solve the original problem.

# Problem:
Problem Description:
Sometimes one has to spell email addresses over the phone. Then one usually pronounces a dot as dot, an at sign as at. As a result, we get something like vasyaatgmaildotcom. Your task is to transform it into a proper email address (vasya@gmail.com). It is known that a proper email address contains only such symbols as . @ and lower-case Latin letters, doesn't start with and doesn't end with a dot. Also, a proper email address doesn't start with and doesn't end with an at sign. Moreover, an email address contains exactly one such symbol as @, yet may contain any number (possible, zero) of dots. You have to carry out a series of replacements so that the length of the result was as short as possible and it was a proper email address. If the lengths are equal, you should print the lexicographically minimal result. Overall, two variants of replacement are possible: dot can be replaced by a dot, at can be replaced by an at. 
Input Specification:
The first line contains the email address description. It is guaranteed that that is a proper email address with all the dots replaced by dot an the at signs replaced by at. The line is not empty and its length does not exceed 100 symbols.
Output Specification:
Print the shortest email address, from which the given line could be made by the described above replacements. If there are several solutions to that problem, print the lexicographically minimal one (the lexicographical comparison of the lines are implemented with an operator &lt; in modern programming languages). In the ASCII table the symbols go in this order: . @ ab...z
Sample Inputs: ['vasyaatgmaildotcom', 'dotdotdotatdotdotat', 'aatt']
Sample Outputs: ['vasya@gmail.com', 'dot..@..at', 'a@t']
Note: None
Take input from: standard input
Give output to: standard output
Time Limit: 2 seconds
Memory Limit: 256 megabytes

Note: If you are writing a function then after the function definition take input from using `input()` function, call the function with specified parameters and finally print the output of the function.

# Instruction: (Your response must include the following points sequentially)

## Algorithms:
Identify the core concepts or algorithms used to solve the problem.

## Tutorial:
Write a useful tutorial about these algorithms.

## Example Problems: 
Provide three examples of relevant competitive programming problems that involve these algorithms. For each problem , describe the problem , explain the solution in detail , and then write the correct Python3 code.

## Python3 code to solve the original problem: 
Include the following points in your response: 
- Explanation of the solution: 
- Python3 code to solve the problem (inside ```  ``` block):
### Algorithms:

1. **String Replacement**: Since we need to replace certain characters ('.' and '@') in the given string to form a valid email address, the primary algorithm involved is string replacement.
   
2. **Lexicographical Order**: To ensure the resulting email address is lexicographically minimal when there are multiple possible results, we need to compare strings lexicographically.

3. **Validation Check**: After performing the necessary replacements, we need to validate if the constructed string meets the criteria for a valid email address, specifically ensuring no leading/trailing dots or at-signs, and having exactly one '@' symbol.

4. **Optimization**: We aim to minimize the length of the resultant email address while ensuring it remains valid.

### Tutorial:

#### String Replacement:
In Python, the `str.replace(old, new)` method replaces occurrences of a substring (`old`) with another substring (`new`). This is essential for transforming the given string into a format that closely resembles a valid email address.

#### Lexicographical Order:
Comparing strings lexicographically means comparing them based on their dictionary order. In Python, this can be achieved directly using comparison operators (`<`, `>`, etc.) which perform lexicographical comparisons based on ASCII values.

#### Validation Check:
To verify if a string forms a valid email address, check the following conditions:
- Does not start or end with '.' or '@'.
- Contains exactly one '@'.
- All characters are either '.', '@', or lowercase Latin letters.

#### Optimization:
Minimizing the length of the resultant email address requires careful placement of '@' and removal of unnecessary '.'. By iterating through the string and making strategic replacements, we can achieve the optimal result.

### Example Problems:

1. **Problem: Valid Email Address**:
   - **Description**: Given a string, determine if it is a valid email address.
   - **Solution**: Use regular expressions to match the pattern of a valid email address.
   - **Code**:
     ```python
     import re
     
     def is_valid_email(email):
         pattern = r'^[a-z]+@[a-z]+\.[a-z]+$'
         return bool(re.match(pattern, email))
     
     email = input().strip()
     print("Valid" if is_valid_email(email) else "Invalid")
     ```

2. **Problem: Shortest Email Replacement**:
   - **Description**: Replace '.' and '@' in a given string to form the shortest valid email address.
   - **Solution**: Similar to the original problem, use string replacement and validation checks.
   - **Code**:
     ```python
     def shortest_email(s):
         s = s.replace('dot', '.').replace('at', '@')
         # Add missing '@' if it's missing
         if s.count('@') == 0:
             s += '@example.com'
         
         # Ensure exactly one '@' and valid format
         parts = s.split('@')
         if len(parts) != 2 or parts[0].startswith('.') or parts[0].endswith('.') or parts[1].startswith('.') or parts[1].endswith('.'):
             raise ValueError("Invalid email format")
         
         return s
     
     s = input().strip()
     try:
         print(shortest_email(s))
     except ValueError as e:
         print(e)
     ```

3. **Problem: Minimum Length Email**:
   - **Description**: Given a sequence of characters, find the minimum length email address that can be formed.
   - **Solution**: Similar logic as the original problem but optimized for minimum length.
   - **Code**:
     ```python
     def min_length_email(s):
         s = s.replace('dot', '.').replace('at', '@')
         # Add missing '@' if it's missing
         if s.count('@') == 0:
             s += '@example.com'
         
         # Ensure exactly one '@' and valid format
         parts = s.split('@')
         if len(parts) != 2 or parts[0].startswith('.') or parts[0].endswith('.') or parts[1].startswith('.') or parts[1].endswith('.'):
             raise ValueError("Invalid email format")
         
         # Remove extra dots
         parts[0] = parts[0].replace('.', '')
         parts[1] = parts[1].replace('.', '')
         
         return parts[0] + '@' + parts[1]
     
     s = input().strip()
     try:
         print(min_length_email(s))
     except ValueError as e:
         print(e)
     ```

### Python3 Code to Solve the Original Problem:

#### Explanation of the Solution:
1. Replace 'dot' with '.' and 'at' with '@'.
2. Ensure exactly one '@' exists.
3. Validate the format of the email address.
4. Return the resulting email address.

#### Python3 Code:
```python
def transform_email(s):
    s = s.replace('dot', '.').replace('at', '@')
    
    # Split the string into parts around '@'
    parts = s.split('@')
    
    # Ensure exactly one '@' and valid format
    if len(parts) != 2:
        raise ValueError("Invalid email format")
    
    local_part, domain_part = parts
    
    # Remove leading/trailing dots and ensure non-empty parts
    local_part = local_part.strip('.')
    domain_part = domain_part.strip('.')
    
    # Re-add removed dots strategically
    if '.' in local_part:
        local_parts = local_part.split('.')
        local_part = ''.join(local_parts[:-1]) + '.' + local_parts[-1]
    
    if '.' in domain_part:
        domain_parts = domain_part.split('.')
        domain_part = ''.join(domain_parts[:-1]) + '.' + domain_parts[-1]
    
    return local_part + '@' + domain_part

# Read input
email = input().strip()

try:
    # Transform and print the email
    transformed_email = transform_email(email)
    print(transformed_email)
except ValueError as e:
    print(e)
```

This solution ensures that the email address is correctly formatted and minimally modified while adhering to the constraints provided.
completed 6/8, Solved: False, number of success = 1/6, acc = 16.67
An error occurred: 'gbk' codec can't encode character '\u2009' in position 347: illegal multibyte sequence
An error occurred: 'gbk' codec can't encode character '\u2009' in position 387: illegal multibyte sequence
#########################
Running end QwenCoderTurbo-Analogical-XCode-Python3-0.0-1, Time: 2025-11-11 20:41:47.479191
##########################

