#########################
Running start QwenCoderTurbo-Analogical-XCode-Python3-0.0-1, Time: 2025-11-11 20:40:46.633895
##########################

An error occurred: 'gbk' codec can't encode character '\u2009' in position 1452: illegal multibyte sequence
An error occurred: 'gbk' codec can't encode character '\u2009' in position 347: illegal multibyte sequence
An error occurred: 'gbk' codec can't encode character '\u2009' in position 364: illegal multibyte sequence
An error occurred: 'gbk' codec can't encode character '\u2009' in position 358: illegal multibyte sequence
An error occurred: 'gbk' codec can't encode character '\u2009' in position 763: illegal multibyte sequence
An error occurred: 'gbk' codec can't encode character '\u2009' in position 289: illegal multibyte sequence
An error occurred: 'gbk' codec can't encode character '\u2009' in position 297: illegal multibyte sequence
An error occurred: 'gbk' codec can't encode character '\u2009' in position 990: illegal multibyte sequence
An error occurred: 'gbk' codec can't encode character '\u2009' in position 501: illegal multibyte sequence
An error occurred: 'gbk' codec can't encode character '\u2009' in position 810: illegal multibyte sequence
An error occurred: 'gbk' codec can't encode character '\u2009' in position 781: illegal multibyte sequence
An error occurred: 'gbk' codec can't encode character '\xa0' in position 389: illegal multibyte sequence
An error occurred: 'gbk' codec can't encode character '\u2009' in position 897: illegal multibyte sequence
An error occurred: 'gbk' codec can't encode character '\u2009' in position 780: illegal multibyte sequence
#########################
Running end QwenCoderTurbo-Analogical-XCode-Python3-0.0-1, Time: 2025-11-11 20:40:47.478077
##########################

