#########################
Running start QwenCoderTurbo-Analogical-XCode-Python3-0.0-1, Time: 2025-11-11 20:40:46.647652
##########################

Your goal is to write Python3 code to solve competitive programming problems. Given a problem , explain the core concepts in it and provide other relevant problems. Then solve the original problem.

# Problem:
Problem Description:
You are given a string $$$s$$$ consisting of lowercase Latin letters. Let the length of $$$s$$$ be $$$|s|$$$. You may perform several operations on this string.In one operation, you can choose some index $$$i$$$ and remove the $$$i$$$-th character of $$$s$$$ ($$$s_i$$$) if at least one of its adjacent characters is the previous letter in the Latin alphabet for $$$s_i$$$. For example, the previous letter for b is a, the previous letter for s is r, the letter a has no previous letters. Note that after each removal the length of the string decreases by one. So, the index $$$i$$$ should satisfy the condition $$$1 \le i \le |s|$$$ during each operation.For the character $$$s_i$$$ adjacent characters are $$$s_{i-1}$$$ and $$$s_{i+1}$$$. The first and the last characters of $$$s$$$ both have only one adjacent character (unless $$$|s| = 1$$$).Consider the following example. Let $$$s=$$$ bacabcab.  During the first move, you can remove the first character $$$s_1=$$$ b because $$$s_2=$$$ a. Then the string becomes $$$s=$$$ acabcab.  During the second move, you can remove the fifth character $$$s_5=$$$ c because $$$s_4=$$$ b. Then the string becomes $$$s=$$$ acabab.  During the third move, you can remove the sixth character $$$s_6=$$$'b' because $$$s_5=$$$ a. Then the string becomes $$$s=$$$ acaba.  During the fourth move, the only character you can remove is $$$s_4=$$$ b, because $$$s_3=$$$ a (or $$$s_5=$$$ a). The string becomes $$$s=$$$ acaa and you cannot do anything with it. Your task is to find the maximum possible number of characters you can remove if you choose the sequence of operations optimally.
Input Specification:
The only line of the input contains one integer $$$|s|$$$ ($$$1 \le |s| \le 100$$$) ¡ª the length of $$$s$$$. The second line of the input contains one string $$$s$$$ consisting of $$$|s|$$$ lowercase Latin letters.
Output Specification:
Print one integer ¡ª the maximum possible number of characters you can remove if you choose the sequence of moves optimally.
Sample Inputs: ['8\nbacabcab', '4\nbcda', '6\nabbbbb']
Sample Outputs: ['4', '3', '5']
Note: NoteThe first example is described in the problem statement. Note that the sequence of moves provided in the statement is not the only, but it can be shown that the maximum possible answer to this test is $$$4$$$.In the second example, you can remove all but one character of $$$s$$$. The only possible answer follows.  During the first move, remove the third character $$$s_3=$$$ d, $$$s$$$ becomes bca.  During the second move, remove the second character $$$s_2=$$$ c, $$$s$$$ becomes ba.  And during the third move, remove the first character $$$s_1=$$$ b, $$$s$$$ becomes a. 
Take input from: standard input
Give output to: standard output
Time Limit: 2 seconds
Memory Limit: 256 megabytes

Note: If you are writing a function then after the function definition take input from using `input()` function, call the function with specified parameters and finally print the output of the function.

# Instruction: (Your response must include the following points sequentially)

## Algorithms:
Identify the core concepts or algorithms used to solve the problem.

## Tutorial:
Write a useful tutorial about these algorithms.

## Example Problems: 
Provide three examples of relevant competitive programming problems that involve these algorithms. For each problem , describe the problem , explain the solution in detail , and then write the correct Python3 code.

## Python3 code to solve the original problem: 
Include the following points in your response: 
- Explanation of the solution: 
- Python3 code to solve the problem (inside ```  ``` block):
## Core Concepts/Algorithms:

### Concept 1: Dynamic Programming
Dynamic Programming (DP) is an algorithmic technique where a problem is broken down into simpler subproblems, solutions to which are cached so that they don't need to be recomputed when needed again. In this problem, we use DP to keep track of whether removing certain characters maximizes the count of removed characters while adhering to the constraints.

### Concept 2: Greedy Approach
Although greedy isn't explicitly used in solving this problem, understanding how decisions are made based on local optimal choices can help understand why certain operations are performed in the optimal way. Here, at each step, we make a decision to remove a character based on whether it's possible to do so without violating the conditions.

## Tutorial:

### Dynamic Programming Basics
Dynamic Programming is used when a problem can be divided into smaller overlapping sub-problems, and the solution to these sub-problems can be reused to solve larger problems efficiently.

### Greedy Algorithm Basics
A greedy algorithm makes the locally optimal choice at each stage with the hope of finding the global optimum. In this case, making the best choice at each step of removing characters can lead us to the overall maximum number of deletions.

## Example Problems:

### Problem 1: Maximum Points After Removing Characters
**Problem**: Given a string, determine the maximum points you can score by removing characters under certain conditions.

**Solution**: Use dynamic programming to calculate the maximum points that can be obtained by considering whether to remove the current character or not.

```python
def max_points(s):
    n = len(s)
    dp = [0] * (n + 1)
    for i in range(1, n + 1):
        dp[i] = max(dp[i - 1], dp[i - 2] + (ord(s[i - 1]) - ord('a') + 1))
    return dp[n]

print(max_points("bacabcab"))
```

### Problem 2: Longest Subsequence With Constraints
**Problem**: Find the longest subsequence such that the difference between adjacent elements is strictly increasing.

**Solution**: Use dynamic programming where the state represents the length of the longest subsequence ending with a particular element.

```python
def longest_subsequence(nums):
    if not nums:
        return 0
    dp = [1] * len(nums)
    for i in range(1, len(nums)):
        for j in range(i):
            if nums[i] > nums[j]:
                dp[i] = max(dp[i], dp[j] + 1)
    return max(dp)

print(longest_subsequence([10, 9, 4, 5, 4, 8, 6]))
```

### Problem 3: Minimum Cost to Make Array Increasing
**Problem**: Convert an array to another array with the minimum cost such that each element is greater than its predecessor.

**Solution**: Use dynamic programming where the state represents the minimum cost to make the array up to a certain point increasing.

```python
def min_cost_to_increasing(arr):
    n = len(arr)
    dp = [0] * n
    for i in range(1, n):
        if arr[i] <= arr[i - 1]:
            dp[i] = dp[i - 1] + (arr[i - 1] - arr[i] + 1)
            arr[i] = arr[i - 1] + 1
    return sum(dp)

print(min_cost_to_increasing([5, 1, 3, 7, 4, 5, 6, 2]))
```

## Python3 Code to Solve the Original Problem

### Explanation of the Solution:
We maintain a list `dp` where `dp[i]` indicates the maximum number of deletions possible up to the `i-th` character. We iterate through the string and update the `dp` array based on whether the current character can be deleted or not.

### Python3 Code to Solve the Problem:
```python
def max_deletions(s):
    n = len(s)
    dp = [0] * n
    
    for i in range(n):
        dp[i] = dp[i - 1]
        if i > 0 and ord(s[i]) == ord(s[i - 1]) + 1:
            dp[i] += 1
    
    return dp[-1]

# Read input
input_string = input().strip()
length = int(input_string[0])
s = input_string[2:]

# Output result
print(max_deletions(s))
```

This code reads the input string, calculates the maximum deletions using the `max_deletions` function, and prints the result.
completed 1/14, Solved: False, number of success = 0/1, acc = 0.0
Your goal is to write Python3 code to solve competitive programming problems. Given a problem , explain the core concepts in it and provide other relevant problems. Then solve the original problem.

# Problem:
Problem Description:
You can not just take the file and send it. When Polycarp trying to send a file in the social network "Codehorses", he encountered an unexpected problem. If the name of the file contains three or more "x" (lowercase Latin letters "x") in a row, the system considers that the file content does not correspond to the social network topic. In this case, the file is not sent and an error message is displayed.Determine the minimum number of characters to remove from the file name so after that the name does not contain "xxx" as a substring. Print 0 if the file name does not initially contain a forbidden substring "xxx".You can delete characters in arbitrary positions (not necessarily consecutive). If you delete a character, then the length of a string is reduced by $$$1$$$. For example, if you delete the character in the position $$$2$$$ from the string "exxxii", then the resulting string is "exxii".
Input Specification:
The first line contains integer $$$n$$$ $$$(3 \le n \le 100)$$$ ¡ª the length of the file name. The second line contains a string of length $$$n$$$ consisting of lowercase Latin letters only ¡ª the file name.
Output Specification:
Print the minimum number of characters to remove from the file name so after that the name does not contain "xxx" as a substring. If initially the file name dost not contain a forbidden substring "xxx", print 0.
Sample Inputs: ['6\nxxxiii', '5\nxxoxx', '10\nxxxxxxxxxx']
Sample Outputs: ['1', '0', '8']
Note: NoteIn the first example Polycarp tried to send a file with name contains number $$$33$$$, written in Roman numerals. But he can not just send the file, because it name contains three letters "x" in a row. To send the file he needs to remove any one of this letters.
Take input from: standard input
Give output to: standard output
Time Limit: 1 second
Memory Limit: 256 megabytes

Note: If you are writing a function then after the function definition take input from using `input()` function, call the function with specified parameters and finally print the output of the function.

# Instruction: (Your response must include the following points sequentially)

## Algorithms:
Identify the core concepts or algorithms used to solve the problem.

## Tutorial:
Write a useful tutorial about these algorithms.

## Example Problems: 
Provide three examples of relevant competitive programming problems that involve these algorithms. For each problem , describe the problem , explain the solution in detail , and then write the correct Python3 code.

## Python3 code to solve the original problem: 
Include the following points in your response: 
- Explanation of the solution: 
- Python3 code to solve the problem (inside ```  ``` block):
## Algorithms:
### Core Concepts:
The core concept of this problem is to find the minimum number of characters to be removed from a given string such that no three consecutive 'x' characters remain. This involves identifying sequences of three consecutive 'x's and deciding how many removals are needed to eliminate them while minimizing the total deletions.

### Algorithm:
1. **Initialization**: Initialize a counter to keep track of the number of removals needed.
2. **Iterate through the String**: Use a loop to iterate through the string. Check for every set of three consecutive 'x's.
3. **Count Removals**: Whenever a sequence of three 'x's is found, increment the counter.
4. **Adjust Pointer**: After counting a sequence, adjust the pointer accordingly to skip over the counted 'x's.
5. **Return Result**: Finally, return the counter which holds the minimum number of removals required.

## Tutorial:
### Understanding the Algorithm:
The algorithm works by scanning the string character by character. When three consecutive 'x's are identified, we know that at least one of these 'x's needs to be removed. However, removing one 'x' might not resolve all issues if there are multiple sets of three 'x's in close proximity. By iterating through the string and checking for three consecutive 'x's, we ensure that we count all necessary removals.

### Steps to Implement:
1. Start at the beginning of the string.
2. For each character, check the next two characters.
3. If three consecutive 'x's are found, increment the removal counter and move the pointer forward by three positions.
4. Continue until the end of the string is reached.
5. Output the total number of removals.

## Example Problems:
### Problem 1: Minimum Insertions to Form Balanced Parentheses
**Description**: Given a string containing just the characters '(' and ')', find the minimum number of insertions to make the parentheses valid.
**Solution**: This involves similar logic where you need to count mismatches to balance the parentheses.
```python
def minInsertions(s):
    open_count = insertions = 0
    i = 0
    while i < len(s):
        if s[i] == '(':
            open_count += 1
            i += 1
        elif s[i] == ')':
            if open_count > 0:
                open_count -= 1
                i += 1
            else:
                insertions += 1
                i += 1
                if i < len(s) and s[i] == ')':
                    insertions += 1
                    i += 1
    return insertions + 2 * open_count
```

### Problem 2: Remove Duplicates from Sorted List
**Description**: Given a sorted linked list, delete duplicates such that each element appears only once.
**Solution**: Traverse the list and remove nodes with duplicate values.
```python
class ListNode:
    def __init__(self, val=0, next=None):
        self.val = val
        self.next = next

def deleteDuplicates(head):
    current = head
    while current and current.next:
        if current.val == current.next.val:
            current.next = current.next.next
        else:
            current = current.next
    return head
```

### Problem 3: Longest Substring Without Repeating Characters
**Description**: Given a string, find the length of the longest substring without repeating characters.
**Solution**: Use a sliding window approach to keep track of the characters seen.
```python
def lengthOfLongestSubstring(s):
    char_index_map = {}
    start = max_length = 0
    for end, char in enumerate(s):
        if char in char_index_map and char_index_map[char] >= start:
            start = char_index_map[char] + 1
        else:
            max_length = max(max_length, end - start + 1)
        char_index_map[char] = end
    return max_length
```

## Python3 Code to Solve the Original Problem:
### Explanation of the Solution:
The solution iterates through the string and checks for sequences of three consecutive 'x's. It counts these sequences and adjusts the pointer to skip over the counted 'x's. Finally, it returns the total count of removals needed.

### Python3 Code:
```python
def min_removals_to_avoid_xxx(s):
    n = len(s)
    removals = 0
    i = 0
    
    while i < n - 2:
        if s[i:i+3] == 'xxx':
            removals += 1
            i += 3  # Skip the next two characters since they are part of the xxx
        else:
            i += 1
    
    return removals

# Take input from standard input
n = int(input())
file_name = input().strip()

# Call the function and print the result
print(min_removals_to_avoid_xxx(file_name))
```

This code defines a function `min_removals_to_avoid_xxx` that calculates the minimum number of removals needed to avoid the substring 'xxx'. It then reads the input, calls the function, and prints the result.
completed 2/14, Solved: False, number of success = 0/2, acc = 0.0
Your goal is to write Python3 code to solve competitive programming problems. Given a problem , explain the core concepts in it and provide other relevant problems. Then solve the original problem.

# Problem:
Problem Description:
Pak Chanek plans to build a garage. He wants the garage to consist of a square and a right triangle that are arranged like the following illustration.  Define $$$a$$$ and $$$b$$$ as the lengths of two of the sides in the right triangle as shown in the illustration. An integer $$$x$$$ is suitable if and only if we can construct a garage with assigning positive integer values for the lengths $$$a$$$ and $$$b$$$ ($$$a&lt;b$$$) so that the area of the square at the bottom is exactly $$$x$$$. As a good friend of Pak Chanek, you are asked to help him find the $$$N$$$-th smallest suitable number.
Input Specification:
The only line contains a single integer $$$N$$$ ($$$1 \leq N \leq 10^9$$$).
Output Specification:
An integer that represents the $$$N$$$-th smallest suitable number.
Sample Inputs: ['3']
Sample Outputs: ['7']
Note: NoteThe $$$3$$$-rd smallest suitable number is $$$7$$$. A square area of $$$7$$$ can be obtained by assigning $$$a=3$$$ and $$$b=4$$$.
Take input from: standard input
Give output to: standard output
Time Limit: 1 second
Memory Limit: 128 megabytes

Note: If you are writing a function then after the function definition take input from using `input()` function, call the function with specified parameters and finally print the output of the function.

# Instruction: (Your response must include the following points sequentially)

## Algorithms:
Identify the core concepts or algorithms used to solve the problem.

## Tutorial:
Write a useful tutorial about these algorithms.

## Example Problems: 
Provide three examples of relevant competitive programming problems that involve these algorithms. For each problem , describe the problem , explain the solution in detail , and then write the correct Python3 code.

## Python3 code to solve the original problem: 
Include the following points in your response: 
- Explanation of the solution: 
- Python3 code to solve the problem (inside ```  ``` block):
### Algorithms:

To solve this problem, we need to understand how to determine suitable numbers \( x \). The key insight here is recognizing that a number \( x \) is suitable if there exist integers \( a \) and \( b \) such that:
\[ x = a^2 \]
and
\[ a < b \]

Given this, we need to find the \( N \)-th smallest number that satisfies these conditions. This involves generating perfect squares and ensuring they meet the criteria.

### Tutorial:

1. **Perfect Squares**: A number \( x \) is a perfect square if there exists an integer \( a \) such that \( x = a^2 \).

2. **Checking Criteria**: For each perfect square \( x \), check if there exists an integer \( b \) such that \( a < b \). This condition is always satisfied for any valid \( a \) since \( b \) can simply be \( a + 1 \).

### Example Problems:

#### Problem 1: Counting Perfect Squares Up To N

**Problem Description**: Given an integer \( n \), count how many perfect squares are less than or equal to \( n \).

**Solution**: Iterate through all integers from 1 to \( \sqrt{n} \) and count them.

```python
def count_perfect_squares(n):
    count = 0
    for i in range(1, int(n**0.5) + 1):
        count += 1
    return count
```

#### Problem 2: Finding the k-th Smallest Perfect Square

**Problem Description**: Given an integer \( k \), find the \( k \)-th smallest perfect square.

**Solution**: Use a loop to generate perfect squares until the \( k \)-th one is found.

```python
def kth_smallest_perfect_square(k):
    count = 0
    i = 1
    while True:
        square = i * i
        if count == k - 1:
            return square
        count += 1
        i += 1
```

#### Problem 3: Checking if a Number is a Perfect Square

**Problem Description**: Given an integer \( x \), check if it is a perfect square.

**Solution**: Compute the square root of \( x \) and check if it is an integer.

```python
import math

def is_perfect_square(x):
    root = math.isqrt(x)
    return root * root == x
```

### Python3 Code to Solve the Original Problem:

**Explanation**: We need to find the \( N \)-th smallest suitable number, which means finding the \( N \)-th smallest perfect square. Since every integer squared is a suitable number, the \( N \)-th smallest perfect square is simply \( N^2 \).

**Python3 Code**:

```python
def nth_smallest_suitable_number(N):
    return N * N

# Take input from standard input
N = int(input())
# Call the function with the specified parameter and print the output
print(nth_smallest_suitable_number(N))
```

This code will correctly compute the \( N \)-th smallest suitable number by leveraging the fact that the \( N \)-th perfect square is \( N^2 \).
completed 3/14, Solved: False, number of success = 0/3, acc = 0.0
An error occurred: 'gbk' codec can't encode character '\xa0' in position 1940: illegal multibyte sequence
Your goal is to write Python3 code to solve competitive programming problems. Given a problem , explain the core concepts in it and provide other relevant problems. Then solve the original problem.

# Problem:
Problem Description:
Little Johnny Bubbles enjoys spending hours in front of his computer playing video games. His favorite game is Bubble Strike, fast-paced bubble shooting online game for two players.Each game is set in one of the N maps, each having different terrain configuration. First phase of each game decides on which map the game will be played. The game system randomly selects three maps and shows them to the players. Each player must pick one of those three maps to be discarded. The game system then randomly selects one of the maps that were not picked by any of the players and starts the game.Johnny is deeply enthusiastic about the game and wants to spend some time studying maps, thus increasing chances to win games played on those maps. However, he also needs to do his homework, so he does not have time to study all the maps. That is why he asked himself the following question: "What is the minimum number of maps I have to study, so that the probability to play one of those maps is at least $$$P$$$"?Can you help Johnny find the answer for this question? You can assume Johnny's opponents do not know him, and they will randomly pick maps.
Input Specification:
The first line contains two integers $$$N$$$ ($$$3$$$ $$$\leq$$$ $$$N$$$ $$$\leq$$$ $$$10^{3}$$$) and $$$P$$$ ($$$0$$$ $$$\leq$$$ $$$P$$$ $$$\leq$$$ $$$1$$$) ¨C total number of maps in the game and probability to play map Johnny has studied. $$$P$$$ will have at most four digits after the decimal point.
Output Specification:
Output contains one integer number ¨C minimum number of maps Johnny has to study.
Sample Inputs: ['7 1.0000']
Sample Outputs: ['6']
Note: None
Take input from: standard input
Give output to: standard output
Time Limit: 0.5 seconds
Memory Limit: 256 megabytes

Note: If you are writing a function then after the function definition take input from using `input()` function, call the function with specified parameters and finally print the output of the function.

# Instruction: (Your response must include the following points sequentially)

## Algorithms:
Identify the core concepts or algorithms used to solve the problem.

## Tutorial:
Write a useful tutorial about these algorithms.

## Example Problems: 
Provide three examples of relevant competitive programming problems that involve these algorithms. For each problem , describe the problem , explain the solution in detail , and then write the correct Python3 code.

## Python3 code to solve the original problem: 
Include the following points in your response: 
- Explanation of the solution: 
- Python3 code to solve the problem (inside ```  ``` block):
### Core Concepts
To solve this problem, we need to understand the combinatorial nature of selecting maps and the probability calculations involved:

1. **Combinatorial Selections**: We need to understand how many ways we can choose 3 maps out of \(N\) and how many ways we can discard one map from the chosen 3 such that a specific map remains.
   
2. **Probability Calculation**: We need to calculate the probability of picking a specific map given the constraints. This involves understanding combinations and permutations.

3. **Binary Search**: Since \(N\) can be as large as \(10^3\), an efficient approach to determine the minimum number of maps to study involves binary search. We test whether studying a certain number of maps meets the required probability \(P\).

### Tutorial on Combinatorics and Probability
**Combinatorics** deals with counting the number of ways to arrange objects under certain conditions. Common formulas include:
- Number of ways to choose \(k\) items from \(n\) items: \(\binom{n}{k} = \frac{n!}{k!(n-k)!}\)
- Permutations of \(n\) items taken \(r\) at a time: \(P(n, r) = \frac{n!}{(n-r)!}\)

**Probability** is the measure of the likelihood of an event occurring. It is calculated as:
\[ P(\text{event}) = \frac{\text{Number of favorable outcomes}}{\text{Total number of possible outcomes}} \]

In our problem, we need to calculate the probability that a specific map remains after both players discard their choices.

### Example Problems
1. **Combination Sum II**
   - **Problem**: Given a candidate list of non-negative integers and a target, find all unique combinations where the candidate numbers sum to the target.
   - **Solution**: Use backtracking to explore all possible combinations and store only unique ones.
   - **Python Code**:
     ```python
     def combinationSum2(candidates, target):
         def backtrack(start=0, path=[]):
             if sum(path) == target:
                 result.append(path[:])
                 return
             elif sum(path) > target:
                 return
             for i in range(start, len(candidates)):
                 if i > start and candidates[i] == candidates[i-1]:
                     continue
                 path.append(candidates[i])
                 backtrack(i + 1, path)
                 path.pop()
         candidates.sort()
         result = []
         backtrack()
         return result
     ```

2. **Permutations**
   - **Problem**: Given a collection of distinct numbers, return all possible permutations.
   - **Solution**: Use backtracking to generate all permutations.
   - **Python Code**:
     ```python
     def permute(nums):
         def backtrack(first=0):
             if first == n:
                 output.append(nums[:])
             for i in range(first, n):
                 nums[first], nums[i] = nums[i], nums[first]
                 backtrack(first + 1)
                 nums[first], nums[i] = nums[i], nums[first]
         n = len(nums)
         output = []
         backtrack()
         return output
     ```

3. **Probability of Winning a Game**
   - **Problem**: Calculate the probability of winning a game where you roll a die multiple times until a specific outcome occurs.
   - **Solution**: Use dynamic programming to calculate probabilities iteratively.
   - **Python Code**:
     ```python
     def dice_probability(target, sides=6):
         dp = [0] * (target + 1)
         dp[0] = 1
         for _ in range(sides):
             for j in range(target, -1, -1):
                 for k in range(1, sides + 1):
                     if j >= k:
                         dp[j] += dp[j - k]
         return dp[target] / (sides ** target)
     ```

### Python3 Code to Solve the Original Problem
**Explanation**:
1. **Binary Search Setup**: We perform binary search between 1 and \(N\) to find the minimum number of maps to study.
2. **Check Function**: For a given number of maps to study, check if the probability of picking a specific map is at least \(P\).
3. **Calculate Probabilities**: Use combinatorial calculations to determine the probability based on the number of maps to study.

```python
import math

def comb(n, k):
    return math.comb(n, k)

def can_study(N, M, P):
    total_ways = comb(N, 3)
    favorable_ways = 0
    
    for i in range(M, N + 1):
        discard_ways = comb(i, 1)
        remaining_ways = comb(N - i, 2)
        favorable_ways += discard_ways * remaining_ways
    
    probability = favorable_ways / total_ways
    return probability >= P

def min_maps_to_study(N, P):
    left, right = 1, N
    while left < right:
        mid = (left + right) // 2
        if can_study(N, mid, P):
            right = mid
        else:
            left = mid + 1
    return left

# Read input
N, P = map(float, input().split())
P = round(P, 4)

# Print the result
print(min_maps_to_study(int(N), P))
```

This code defines functions to compute combinations, check if a given number of maps meets the probability requirement, and perform binary search to find the minimum number of maps to study. Finally, it reads input, calls the main function, and prints the result.
completed 5/14, Solved: False, number of success = 0/5, acc = 0.0
Your goal is to write Python3 code to solve competitive programming problems. Given a problem , explain the core concepts in it and provide other relevant problems. Then solve the original problem.

# Problem:
Problem Description:
You are given an undirected graph consisting of $$$n$$$ vertices and $$$m$$$ edges. Initially there is a single integer written on every vertex: the vertex $$$i$$$ has $$$p_i$$$ written on it. All $$$p_i$$$ are distinct integers from $$$1$$$ to $$$n$$$.You have to process $$$q$$$ queries of two types:  $$$1$$$ $$$v$$$ ¡ª among all vertices reachable from the vertex $$$v$$$ using the edges of the graph (including the vertex $$$v$$$ itself), find a vertex $$$u$$$ with the largest number $$$p_u$$$ written on it, print $$$p_u$$$ and replace $$$p_u$$$ with $$$0$$$;  $$$2$$$ $$$i$$$ ¡ª delete the $$$i$$$-th edge from the graph.  Note that, in a query of the first type, it is possible that all vertices reachable from $$$v$$$ have $$$0$$$ written on them. In this case, $$$u$$$ is not explicitly defined, but since the selection of $$$u$$$ does not affect anything, you can choose any vertex reachable from $$$v$$$ and print its value (which is $$$0$$$). 
Input Specification:
The first line contains three integers $$$n$$$, $$$m$$$ and $$$q$$$ ($$$1 \le n \le 2 \cdot 10^5$$$; $$$1 \le m \le 3 \cdot 10^5$$$; $$$1 \le q \le 5 \cdot 10^5$$$). The second line contains $$$n$$$ distinct integers $$$p_1$$$, $$$p_2$$$, ..., $$$p_n$$$, where $$$p_i$$$ is the number initially written on vertex $$$i$$$ ($$$1 \le p_i \le n$$$). Then $$$m$$$ lines follow, the $$$i$$$-th of them contains two integers $$$a_i$$$ and $$$b_i$$$ ($$$1 \le a_i, b_i \le n$$$, $$$a_i \ne b_i$$$) and means that the $$$i$$$-th edge connects vertices $$$a_i$$$ and $$$b_i$$$. It is guaranteed that the graph does not contain multi-edges. Then $$$q$$$ lines follow, which describe the queries. Each line is given by one of the following formats:   $$$1$$$ $$$v$$$ ¡ª denotes a query of the first type with a vertex $$$v$$$ ($$$1 \le v \le n$$$).  $$$2$$$ $$$i$$$ ¡ª denotes a query of the second type with an edge $$$i$$$ ($$$1 \le i \le m$$$). For each query of the second type, it is guaranteed that the corresponding edge is not deleted from the graph yet. 
Output Specification:
For every query of the first type, print the value of $$$p_u$$$ written on the chosen vertex $$$u$$$.
Sample Inputs: ['5 4 6\n1 2 5 4 3\n1 2\n2 3\n1 3\n4 5\n1 1\n2 1\n2 3\n1 1\n1 2\n1 2']
Sample Outputs: ['5\n1\n2\n0']
Note: None
Take input from: standard input
Give output to: standard output
Time Limit: 1.5 seconds
Memory Limit: 256 megabytes

Note: If you are writing a function then after the function definition take input from using `input()` function, call the function with specified parameters and finally print the output of the function.

# Instruction: (Your response must include the following points sequentially)

## Algorithms:
Identify the core concepts or algorithms used to solve the problem.

## Tutorial:
Write a useful tutorial about these algorithms.

## Example Problems: 
Provide three examples of relevant competitive programming problems that involve these algorithms. For each problem , describe the problem , explain the solution in detail , and then write the correct Python3 code.

## Python3 code to solve the original problem: 
Include the following points in your response: 
- Explanation of the solution: 
- Python3 code to solve the problem (inside ```  ``` block):
## Algorithms:

### Core Concepts:
1. **Graph Traversal**: To find all vertices reachable from a given vertex \( v \), we need to perform a traversal like Depth-First Search (DFS) or Breadth-First Search (BFS).
2. **Data Structures**:
   - **Union-Find (Disjoint Set Union)**: To efficiently manage and merge sets of elements and check if two elements belong to the same set.
   - **Heap/Priority Queue**: To efficiently get the maximum value among a set of numbers.
3. **Query Handling**: Efficiently handling multiple updates and queries using data structures that support fast operations.

### Key Techniques:
- **Path Compression and Union by Rank**: These techniques optimize the performance of Union-Find operations.
- **Lazy Propagation**: Used in segment trees or similar data structures for efficient range queries and updates.

## Tutorial:

### Graph Traversal:
Graph traversal involves visiting all nodes in a graph. DFS and BFS are common approaches. Here's a brief overview:
- **DFS**: Uses recursion or stack to visit nodes. It explores as far as possible along each branch before backtracking.
- **BFS**: Uses a queue to explore nodes level by level.

### Union-Find (Disjoint Set Union):
Union-Find helps manage groups of elements such that we can quickly determine if two elements are in the same group. Key operations include:
- **Find**: Determines which subset a particular element belongs to. Uses path compression for efficiency.
- **Union**: Merges two subsets into a single set. Uses union by rank to keep the tree flat.

### Heap/Priority Queue:
A heap is a specialized tree-based data structure that satisfies the heap property. Priority queues allow us to efficiently get the minimum or maximum element.

## Example Problems:

### Problem 1: Minimum Spanning Tree (MST)
**Problem Description**: Given a weighted graph, find the MST using Kruskal's algorithm.
**Solution**: Use Union-Find to efficiently merge sets while ensuring no cycles.
```python
def kruskal(graph, n):
    edges = []
    for u in range(n):
        for v, weight in graph[u]:
            edges.append((weight, u, v))
    edges.sort()
    
    parent = list(range(n))
    def find(x):
        if parent[x] != x:
            parent[x] = find(parent[x])
        return parent[x]
    
    result = []
    mst_weight = 0
    for weight, u, v in edges:
        root_u, root_v = find(u), find(v)
        if root_u != root_v:
            parent[root_u] = root_v
            result.append((u, v, weight))
            mst_weight += weight
    
    return mst_weight
```

### Problem 2: Shortest Path Queries
**Problem Description**: Given a graph and multiple queries to find the shortest path between two nodes.
**Solution**: Use Dijkstra's algorithm with a priority queue.
```python
import heapq

def dijkstra(graph, start, n):
    dist = [float('inf')] * n
    dist[start] = 0
    pq = [(0, start)]
    
    while pq:
        current_dist, u = heapq.heappop(pq)
        if current_dist > dist[u]:
            continue
        for v, weight in graph[u]:
            distance = current_dist + weight
            if distance < dist[v]:
                dist[v] = distance
                heapq.heappush(pq, (distance, v))
    
    return dist
```

### Problem 3: Range Query Using Segment Trees
**Problem Description**: Given an array and multiple range sum queries.
**Solution**: Use a segment tree to preprocess the array and answer queries efficiently.
```python
class SegmentTree:
    def __init__(self, arr):
        self.n = len(arr)
        self.tree = [0] * (4 * self.n)
        self.build(0, 0, self.n - 1, arr)
    
    def build(self, node, start, end, arr):
        if start == end:
            self.tree[node] = arr[start]
        else:
            mid = (start + end) // 2
            self.build(node * 2, start, mid, arr)
            self.build(node * 2 + 1, mid + 1, end, arr)
            self.tree[node] = self.tree[node * 2] + self.tree[node * 2 + 1]
    
    def update(self, node, start, end, idx, val):
        if start == end:
            self.tree[node] = val
        else:
            mid = (start + end) // 2
            if idx <= mid:
                self.update(node * 2, start, mid, idx, val)
            else:
                self.update(node * 2 + 1, mid + 1, end, idx, val)
            self.tree[node] = self.tree[node * 2] + self.tree[node * 2 + 1]
    
    def query(self, node, start, end, l, r):
        if r < start or end < l:
            return 0
        if l <= start and end <= r:
            return self.tree[node]
        mid = (start + end) // 2
        left_sum = self.query(node * 2, start, mid, l, r)
        right_sum = self.query(node * 2 + 1, mid + 1, end, l, r)
        return left_sum + right_sum
```

## Python3 Code to Solve the Original Problem:

### Explanation of the Solution:
1. **Graph Representation**: Use adjacency lists to represent the graph.
2. **Union-Find for Connected Components**: Track connected components to efficiently handle deletions.
3. **Max-Heap for Maximum Value Queries**: Use a max-heap to quickly find and modify the maximum value in a component.

### Python3 Code:
```python
from collections import defaultdict, deque
import sys
import heapq

def solve():
    input = sys.stdin.read
    data = input().split()

    index = 0
    n = int(data[index])
    m = int(data[index + 1])
    q = int(data[index + 2])
    index += 3

    values = list(map(int, data[index:index + n]))
    index += n

    graph = defaultdict(list)
    for _ in range(m):
        u = int(data[index]) - 1
        v = int(data[index + 1]) - 1
        graph[u].append((v, values[v]))
        graph[v].append((u, values[u]))
        index += 2

    uf = [-1] * n
    def find(x):
        if uf[x] < 0:
            return x
        uf[x] = find(uf[x])
        return uf[x]

    def union(x, y):
        root_x = find(x)
        root_y = find(y)
        if root_x == root_y:
            return False
        if uf[root_x] < uf[root_y]:
            uf[root_x] += uf[root_y]
            uf[root_y] = root_x
        else:
            uf[root_y] += uf[root_x]
            uf[root_x] = root_y
        return True

    max_heap = []
    for i in range(n):
        heapq.heappush(max_heap, (-values[i], i))

    for _ in range(q):
        query_type = int(data[index])
        index += 1

        if query_type == 1:
            v = int(data[index]) - 1
            index += 1
            root = find(v)
            while max_heap and -max_heap[0][0] == 0:
                heapq.heappop(max_heap)
            if max_heap:
                print(-max_heap[0][0])
                new_value = 0
                heapq.heapreplace(max_heap, (-new_value, v))
                union(v, root)
        elif query_type == 2:
            i = int(data[index]) - 1
            index += 1
            _, u, v = graph.pop(i)[0]
            graph[u].remove((v, values[v]))
            graph[v].remove((u, values[u]))

if __name__ == "__main__":
    solve()
```

This code handles the input/output and uses Union-Find and a max-heap to efficiently manage the graph and answer the queries.
completed 6/14, Solved: False, number of success = 0/6, acc = 0.0
An error occurred: 'gbk' codec can't encode character '\xa0' in position 1824: illegal multibyte sequence
An error occurred: 'gbk' codec can't encode character '\xa0' in position 2300: illegal multibyte sequence
Your goal is to write Python3 code to solve competitive programming problems. Given a problem , explain the core concepts in it and provide other relevant problems. Then solve the original problem.

# Problem:
Problem Description:
The map of Bertown can be represented as a set of $$$n$$$ intersections, numbered from $$$1$$$ to $$$n$$$ and connected by $$$m$$$ one-way roads. It is possible to move along the roads from any intersection to any other intersection. The length of some path from one intersection to another is the number of roads that one has to traverse along the path. The shortest path from one intersection $$$v$$$ to another intersection $$$u$$$ is the path that starts in $$$v$$$, ends in $$$u$$$ and has the minimum length among all such paths.Polycarp lives near the intersection $$$s$$$ and works in a building near the intersection $$$t$$$. Every day he gets from $$$s$$$ to $$$t$$$ by car. Today he has chosen the following path to his workplace: $$$p_1$$$, $$$p_2$$$, ..., $$$p_k$$$, where $$$p_1 = s$$$, $$$p_k = t$$$, and all other elements of this sequence are the intermediate intersections, listed in the order Polycarp arrived at them. Polycarp never arrived at the same intersection twice, so all elements of this sequence are pairwise distinct. Note that you know Polycarp's path beforehand (it is fixed), and it is not necessarily one of the shortest paths from $$$s$$$ to $$$t$$$.Polycarp's car has a complex navigation system installed in it. Let's describe how it works. When Polycarp starts his journey at the intersection $$$s$$$, the system chooses some shortest path from $$$s$$$ to $$$t$$$ and shows it to Polycarp. Let's denote the next intersection in the chosen path as $$$v$$$. If Polycarp chooses to drive along the road from $$$s$$$ to $$$v$$$, then the navigator shows him the same shortest path (obviously, starting from $$$v$$$ as soon as he arrives at this intersection). However, if Polycarp chooses to drive to another intersection $$$w$$$ instead, the navigator rebuilds the path: as soon as Polycarp arrives at $$$w$$$, the navigation system chooses some shortest path from $$$w$$$ to $$$t$$$ and shows it to Polycarp. The same process continues until Polycarp arrives at $$$t$$$: if Polycarp moves along the road recommended by the system, it maintains the shortest path it has already built; but if Polycarp chooses some other path, the system rebuilds the path by the same rules.Here is an example. Suppose the map of Bertown looks as follows, and Polycarp drives along the path $$$[1, 2, 3, 4]$$$ ($$$s = 1$$$, $$$t = 4$$$): Check the picture by the link http://tk.codeforces.com/a.png   When Polycarp starts at $$$1$$$, the system chooses some shortest path from $$$1$$$ to $$$4$$$. There is only one such path, it is $$$[1, 5, 4]$$$;  Polycarp chooses to drive to $$$2$$$, which is not along the path chosen by the system. When Polycarp arrives at $$$2$$$, the navigator rebuilds the path by choosing some shortest path from $$$2$$$ to $$$4$$$, for example, $$$[2, 6, 4]$$$ (note that it could choose $$$[2, 3, 4]$$$);  Polycarp chooses to drive to $$$3$$$, which is not along the path chosen by the system. When Polycarp arrives at $$$3$$$, the navigator rebuilds the path by choosing the only shortest path from $$$3$$$ to $$$4$$$, which is $$$[3, 4]$$$;  Polycarp arrives at $$$4$$$ along the road chosen by the navigator, so the system does not have to rebuild anything. Overall, we get $$$2$$$ rebuilds in this scenario. Note that if the system chose $$$[2, 3, 4]$$$ instead of $$$[2, 6, 4]$$$ during the second step, there would be only $$$1$$$ rebuild (since Polycarp goes along the path, so the system maintains the path $$$[3, 4]$$$ during the third step).The example shows us that the number of rebuilds can differ even if the map of Bertown and the path chosen by Polycarp stays the same. Given this information (the map and Polycarp's path), can you determine the minimum and the maximum number of rebuilds that could have happened during the journey?
Input Specification:
The first line contains two integers $$$n$$$ and $$$m$$$ ($$$2 \le n \le m \le 2 \cdot 10^5$$$) ¡ª the number of intersections and one-way roads in Bertown, respectively. Then $$$m$$$ lines follow, each describing a road. Each line contains two integers $$$u$$$ and $$$v$$$ ($$$1 \le u, v \le n$$$, $$$u \ne v$$$) denoting a road from intersection $$$u$$$ to intersection $$$v$$$. All roads in Bertown are pairwise distinct, which means that each ordered pair $$$(u, v)$$$ appears at most once in these $$$m$$$ lines (but if there is a road $$$(u, v)$$$, the road $$$(v, u)$$$ can also appear). The following line contains one integer $$$k$$$ ($$$2 \le k \le n$$$) ¡ª the number of intersections in Polycarp's path from home to his workplace. The last line contains $$$k$$$ integers $$$p_1$$$, $$$p_2$$$, ..., $$$p_k$$$ ($$$1 \le p_i \le n$$$, all these integers are pairwise distinct) ¡ª the intersections along Polycarp's path in the order he arrived at them. $$$p_1$$$ is the intersection where Polycarp lives ($$$s = p_1$$$), and $$$p_k$$$ is the intersection where Polycarp's workplace is situated ($$$t = p_k$$$). It is guaranteed that for every $$$i \in [1, k - 1]$$$ the road from $$$p_i$$$ to $$$p_{i + 1}$$$ exists, so the path goes along the roads of Bertown. 
Output Specification:
Print two integers: the minimum and the maximum number of rebuilds that could have happened during the journey.
Sample Inputs: ['6 9\n1 5\n5 4\n1 2\n2 3\n3 4\n4 1\n2 6\n6 4\n4 2\n4\n1 2 3 4', '7 7\n1 2\n2 3\n3 4\n4 5\n5 6\n6 7\n7 1\n7\n1 2 3 4 5 6 7', '8 13\n8 7\n8 6\n7 5\n7 4\n6 5\n6 4\n5 3\n5 2\n4 3\n4 2\n3 1\n2 1\n1 8\n5\n8 7 5 2 1']
Sample Outputs: ['1 2', '0 0', '0 3']
Note: None
Take input from: standard input
Give output to: standard output
Time Limit: 2 seconds
Memory Limit: 512 megabytes

Note: If you are writing a function then after the function definition take input from using `input()` function, call the function with specified parameters and finally print the output of the function.

# Instruction: (Your response must include the following points sequentially)

## Algorithms:
Identify the core concepts or algorithms used to solve the problem.

## Tutorial:
Write a useful tutorial about these algorithms.

## Example Problems: 
Provide three examples of relevant competitive programming problems that involve these algorithms. For each problem , describe the problem , explain the solution in detail , and then write the correct Python3 code.

## Python3 code to solve the original problem: 
Include the following points in your response: 
- Explanation of the solution: 
- Python3 code to solve the problem (inside ```  ``` block):
### Algorithms:

The core concept to solve this problem involves understanding the Shortest Path Tree (SPT) and how the path chosen by Polycarp impacts the number of rebuilds. Specifically, we need to compute the SPT rooted at both the starting point \( s \) and the destination point \( t \). 

We will use Dijkstra¡¯s algorithm to compute the distances from \( s \) and \( t \) to all other nodes in the graph. The minimum number of rebuilds occurs when Polycarp follows the path that matches the SPT from \( s \) to \( t \). Conversely, the maximum number of rebuilds happens when Polycarp deviates as much as possible from the SPT.

### Tutorial:

**Shortest Path Tree (SPT):**
- A Shortest Path Tree (SPT) is a tree formed from the source vertex to all reachable vertices in a graph. This tree ensures that the distance from the source to any node is minimized.

**Dijkstra's Algorithm:**
- Dijkstra's algorithm computes the shortest path between a source vertex \( s \) and all other vertices in a weighted graph. It uses a priority queue to always expand the least costly unvisited vertex.

### Example Problems:

#### Problem 1: Minimum Spanning Tree (MST)
**Problem Description:** Compute the MST of a given graph.
**Solution:** Use Kruskal¡¯s or Prim¡¯s algorithm.

```python
def find(parent, i):
    if parent[i] == i:
        return i
    return find(parent, parent[i])

def union(parent, rank, x, y):
    rootX = find(parent, x)
    rootY = find(parent, y)

    if rootX != rootY:
        if rank[rootX] > rank[rootY]:
            parent[rootY] = rootX
        elif rank[rootX] < rank[rootY]:
            parent[rootX] = rootY
        else:
            parent[rootY] = rootX
            rank[rootX] += 1

def minSpanningTree(graph, V):
    result = []
    i = e = 0
    graph.sort(key=lambda item: item[2])
    parent = list(range(V))
    rank = [0] * V

    while e < V - 1:
        u, v, w = graph[i]
        i += 1
        x = find(parent, u)
        y = find(parent, v)

        if x != y:
            e += 1
            result.append([u, v, w])
            union(parent, rank, x, y)

    return result
```

#### Problem 2: Single Source Shortest Path (SSSP)
**Problem Description:** Find the shortest path from a single source to all other vertices in a graph.
**Solution:** Use Dijkstra¡¯s algorithm.

```python
import heapq

def dijkstra(graph, src, n):
    dist = [float('inf')] * n
    dist[src] = 0
    pq = [(0, src)]

    while pq:
        d, u = heapq.heappop(pq)
        if d > dist[u]:
            continue

        for v, weight in graph[u]:
            new_dist = d + weight
            if new_dist < dist[v]:
                dist[v] = new_dist
                heapq.heappush(pq, (new_dist, v))

    return dist
```

#### Problem 3: Floyd-Warshall Algorithm
**Problem Description:** Find the shortest paths between all pairs of vertices in a graph.
**Solution:** Use Floyd-Warshall algorithm.

```python
def floydWarshall(graph, V):
    dist = [[float('inf')] * V for _ in range(V)]
    
    for i in range(V):
        for j in range(V):
            if i == j:
                dist[i][j] = 0
            elif (i, j) in graph:
                dist[i][j] = graph[(i, j)]
    
    for k in range(V):
        for i in range(V):
            for j in range(V):
                if dist[i][k] + dist[k][j] < dist[i][j]:
                    dist[i][j] = dist[i][k] + dist[k][j]
    
    return dist
```

### Python3 Code to Solve the Original Problem:

**Explanation of the Solution:**

1. **Graph Representation:** Represent the graph using an adjacency list.
2. **Compute SPT from \( s \) to \( t \):** Use Dijkstra¡¯s algorithm to compute the shortest path from \( s \) to all other nodes.
3. **Compute SPT from \( t \) to \( s \):** Use Dijkstra¡¯s algorithm to compute the shortest path from \( t \) to all other nodes.
4. **Count Rebuilds:**
   - Initialize counters for minimum and maximum rebuilds.
   - Iterate through Polycarp¡¯s path and count rebuilds based on whether Polycarp follows the SPT from \( s \) to \( t \).

```python
from heapq import heappop, heappush

def dijkstra(graph, start, n):
    dist = [float('inf')] * n
    dist[start] = 0
    pq = [(0, start)]
    
    while pq:
        d, u = heappop(pq)
        if d > dist[u]:
            continue
        
        for v, weight in graph[u]:
            new_dist = d + weight
            if new_dist < dist[v]:
                dist[v] = new_dist
                heappush(pq, (new_dist, v))
    
    return dist

def main():
    input = sys.stdin.read
    data = input().split()
    
    index = 0
    n = int(data[index])
    m = int(data[index + 1])
    index += 2
    
    graph = [[] for _ in range(n)]
    
    for _ in range(m):
        u = int(data[index]) - 1
        v = int(data[index + 1]) - 1
        graph[u].append((v, 1))  # Assuming weight of each edge is 1
        index += 2
    
    k = int(data[index])
    index += 1
    path = [int(data[index + i]) - 1 for i in range(k)]
    
    dist_st = dijkstra(graph, path[0], n)
    dist_ts = dijkstra(graph, path[-1], n)
    
    min_rebuilds = max_rebuilds = 0
    
    for i in range(1, k):
        u, v = path[i - 1], path[i]
        if dist_st[u] + 1 < dist_st[v]:
            min_rebuilds += 1
        if dist_ts[v] + 1 < dist_ts[u]:
            max_rebuilds += 1
    
    print(min_rebuilds, max_rebuilds)

if __name__ == "__main__":
    import sys
    main()
```

This code reads the input, constructs the graph, computes the SPTs, and calculates the minimum and maximum number of rebuilds based on Polycarp's path. Finally, it prints the results.
completed 9/14, Solved: False, number of success = 0/9, acc = 0.0
Your goal is to write Python3 code to solve competitive programming problems. Given a problem , explain the core concepts in it and provide other relevant problems. Then solve the original problem.

# Problem:
Problem Description:
Makoto has a big blackboard with a positive integer $$$n$$$ written on it. He will perform the following action exactly $$$k$$$ times:Suppose the number currently written on the blackboard is $$$v$$$. He will randomly pick one of the divisors of $$$v$$$ (possibly $$$1$$$ and $$$v$$$) and replace $$$v$$$ with this divisor. As Makoto uses his famous random number generator (RNG) and as he always uses $$$58$$$ as his generator seed, each divisor is guaranteed to be chosen with equal probability.He now wonders what is the expected value of the number written on the blackboard after $$$k$$$ steps.It can be shown that this value can be represented as $$$\frac{P}{Q}$$$ where $$$P$$$ and $$$Q$$$ are coprime integers and $$$Q \not\equiv 0 \pmod{10^9+7}$$$. Print the value of $$$P \cdot Q^{-1}$$$ modulo $$$10^9+7$$$.
Input Specification:
The only line of the input contains two integers $$$n$$$ and $$$k$$$ ($$$1 \leq n \leq 10^{15}$$$, $$$1 \leq k \leq 10^4$$$).
Output Specification:
Print a single integer ¡ª the expected value of the number on the blackboard after $$$k$$$ steps as $$$P \cdot Q^{-1} \pmod{10^9+7}$$$ for $$$P$$$, $$$Q$$$ defined above.
Sample Inputs: ['6 1', '6 2', '60 5']
Sample Outputs: ['3', '875000008', '237178099']
Note: NoteIn the first example, after one step, the number written on the blackboard is $$$1$$$, $$$2$$$, $$$3$$$ or $$$6$$$ ¡ª each occurring with equal probability. Hence, the answer is $$$\frac{1+2+3+6}{4}=3$$$.In the second example, the answer is equal to $$$1 \cdot \frac{9}{16}+2 \cdot \frac{3}{16}+3 \cdot \frac{3}{16}+6 \cdot \frac{1}{16}=\frac{15}{8}$$$.
Take input from: standard input
Give output to: standard output
Time Limit: 2 seconds
Memory Limit: 256 megabytes

Note: If you are writing a function then after the function definition take input from using `input()` function, call the function with specified parameters and finally print the output of the function.

# Instruction: (Your response must include the following points sequentially)

## Algorithms:
Identify the core concepts or algorithms used to solve the problem.

## Tutorial:
Write a useful tutorial about these algorithms.

## Example Problems: 
Provide three examples of relevant competitive programming problems that involve these algorithms. For each problem , describe the problem , explain the solution in detail , and then write the correct Python3 code.

## Python3 code to solve the original problem: 
Include the following points in your response: 
- Explanation of the solution: 
- Python3 code to solve the problem (inside ```  ``` block):
### Algorithms:

**Dynamic Programming with Memoization**
The key concept here is to use dynamic programming to calculate the expected value at each step. We'll maintain an array dp where dp[v] represents the expected value when the current number on the blackboard is v. To compute this, we need to consider all possible divisors of v and their probabilities.

**Modular Inverse**
Since the final result needs to be computed under modulo \(10^9 + 7\), we need to handle modular arithmetic correctly. Specifically, we need to find the modular inverse of denominators to compute the weighted average of values.

### Tutorial:

**Dynamic Programming with Memoization:**
Dynamic Programming is a method for solving complex problems by breaking them down into simpler subproblems and storing the results of these subproblems to avoid redundant calculations. In this problem, we store the expected value for each possible number on the blackboard.

**Modular Inverse:**
The modular inverse of a number \(a\) under modulo \(m\) is a number \(x\) such that \(a \times x \equiv 1 \pmod{m}\). This can be efficiently found using Fermat's Little Theorem for prime moduli, which states that if \(m\) is a prime number and \(a\) is not divisible by \(m\), then \(a^{m-2} \equiv a^{-1} \pmod{m}\).

### Example Problems:

1. **Maximum Product Cutting**
   - **Problem:** Given a rope of length N, cut it into maximum pieces such that the product of lengths of all parts is maximized.
   - **Solution:** Use dynamic programming to keep track of the maximum product for each possible length of the rope.

2. **Longest Increasing Subsequence**
   - **Problem:** Given an array of integers, find the length of the longest increasing subsequence.
   - **Solution:** Use dynamic programming to build up the length of the longest subsequence ending at each index.

3. **Fibonacci Number Modulo M**
   - **Problem:** Calculate the nth Fibonacci number modulo m.
   - **Solution:** Use dynamic programming to compute the Fibonacci sequence iteratively and take modulo m at each step.

### Python3 Code to Solve the Original Problem:

```python
MOD = 10**9 + 7

def modular_inverse(a, m):
    return pow(a, m - 2, m)

def expected_value(n, k):
    # Initialize dp array
    dp = [0] * (n + 1)
    dp[1] = 1
    
    # Compute expected value for each number up to n
    for i in range(2, n + 1):
        total_divisors = 0
        sum_of_values = 0
        for j in range(1, i + 1):
            if i % j == 0:
                total_divisors += 1
                sum_of_values += j
        
        dp[i] = (sum_of_values * modular_inverse(total_divisors, MOD)) % MOD
    
    # Perform k operations
    result = dp[n]
    for _ in range(k - 1):
        new_dp = [0] * (n + 1)
        for i in range(1, n + 1):
            new_dp[i] = (dp[i] * i * modular_inverse(dp[i], MOD)) % MOD
        dp = new_dp
    
    return result

# Take input
n, k = map(int, input().split())

# Output the result
print(expected_value(n, k))
```

**Explanation of the Solution:**

1. **Initialization:** We initialize a dp array where `dp[i]` will store the expected value when the number on the blackboard is `i`.

2. **Base Case:** `dp[1]` is set to 1 because there is only one way to have the number 1 on the board.

3. **Compute Expected Value:** For each number `i`, we iterate through its divisors `j`. We accumulate the sum of all divisors and count the number of divisors.

4. **Update DP Array:** Using the formula `dp[i] = (sum_of_values * modular_inverse(total_divisors, MOD)) % MOD`, we update the dp array for each number up to `n`.

5. **Perform K Operations:** We repeat the process of updating the dp array `k-1` times to simulate performing the operations `k` times.

6. **Output Result:** Finally, we print the expected value after `k` operations.

This approach ensures that we efficiently compute the expected value while handling large numbers using modular arithmetic.
completed 10/14, Solved: False, number of success = 0/10, acc = 0.0
An error occurred: 'gbk' codec can't encode character '\xa0' in position 1295: illegal multibyte sequence
Your goal is to write Python3 code to solve competitive programming problems. Given a problem , explain the core concepts in it and provide other relevant problems. Then solve the original problem.

# Problem:
Problem Description:
Anadi has a set of dominoes. Every domino has two parts, and each part contains some dots. For every $$$a$$$ and $$$b$$$ such that $$$1 \leq a \leq b \leq 6$$$, there is exactly one domino with $$$a$$$ dots on one half and $$$b$$$ dots on the other half. The set contains exactly $$$21$$$ dominoes. Here is an exact illustration of his set:  Also, Anadi has an undirected graph without self-loops and multiple edges. He wants to choose some dominoes and place them on the edges of this graph. He can use at most one domino of each type. Each edge can fit at most one domino. It's not necessary to place a domino on each edge of the graph.When placing a domino on an edge, he also chooses its direction. In other words, one half of any placed domino must be directed toward one of the endpoints of the edge and the other half must be directed toward the other endpoint. There's a catch: if there are multiple halves of dominoes directed toward the same vertex, each of these halves must contain the same number of dots.How many dominoes at most can Anadi place on the edges of his graph?
Input Specification:
The first line contains two integers $$$n$$$ and $$$m$$$ ($$$1 \leq n \leq 7$$$, $$$0 \leq m \leq \frac{n\cdot(n-1)}{2}$$$) ¡ª the number of vertices and the number of edges in the graph. The next $$$m$$$ lines contain two integers each. Integers in the $$$i$$$-th line are $$$a_i$$$ and $$$b_i$$$ ($$$1 \leq a, b \leq n$$$, $$$a \neq b$$$) and denote that there is an edge which connects vertices $$$a_i$$$ and $$$b_i$$$. The graph might be disconnected. It's however guaranteed that the graph doesn't contain any self-loops, and that there is at most one edge between any pair of vertices.
Output Specification:
Output one integer which denotes the maximum number of dominoes which Anadi can place on the edges of the graph.
Sample Inputs: ['4 4\n1 2\n2 3\n3 4\n4 1', '7 0', '3 1\n1 3', '7 21\n1 2\n1 3\n1 4\n1 5\n1 6\n1 7\n2 3\n2 4\n2 5\n2 6\n2 7\n3 4\n3 5\n3 6\n3 7\n4 5\n4 6\n4 7\n5 6\n5 7\n6 7']
Sample Outputs: ['4', '0', '1', '16']
Note: NoteHere is an illustration of Anadi's graph from the first sample test:  And here is one of the ways to place a domino on each of its edges:  Note that each vertex is faced by the halves of dominoes with the same number of dots. For instance, all halves directed toward vertex $$$1$$$ have three dots.
Take input from: standard input
Give output to: standard output
Time Limit: 2 seconds
Memory Limit: 256 megabytes

Note: If you are writing a function then after the function definition take input from using `input()` function, call the function with specified parameters and finally print the output of the function.

# Instruction: (Your response must include the following points sequentially)

## Algorithms:
Identify the core concepts or algorithms used to solve the problem.

## Tutorial:
Write a useful tutorial about these algorithms.

## Example Problems: 
Provide three examples of relevant competitive programming problems that involve these algorithms. For each problem , describe the problem , explain the solution in detail , and then write the correct Python3 code.

## Python3 code to solve the original problem: 
Include the following points in your response: 
- Explanation of the solution: 
- Python3 code to solve the problem (inside ```  ``` block):
## Algorithms:

**Graph Representation:** The problem involves dealing with an undirected graph, so we'll need to represent it appropriately. The adjacency list representation will be suitable for this purpose as it allows efficient traversal of the graph.

**Bipartite Graph Check:** To determine the maximum number of dominoes that can be placed, we need to check if the graph is bipartite. A bipartite graph is one where the nodes can be divided into two disjoint sets such that no two adjacent nodes share the same set. This property is crucial because it ensures that the graph can be colored with just two colors, allowing us to place dominoes on the edges without violating the given conditions.

**Breadth-First Search (BFS):** BFS will be used to check if the graph is bipartite. We'll perform BFS starting from each unvisited node and try to color the graph using two colors. If at any point, we find a conflict (two adjacent nodes having the same color), the graph is not bipartite.

**Counting Edges in Bipartite Components:** If the graph is bipartite, we count the number of edges in both components separately. The total number of dominoes that can be placed will be the minimum of the counts from both components, ensuring that the placement respects the constraints.

## Tutorial:

### Graph Representation:
A graph is represented using an adjacency list where each node points to a list of nodes connected to it. This allows for easy traversal and manipulation of the graph.

### Bipartite Graph Check:
To check if a graph is bipartite, we use BFS or DFS. Starting from an arbitrary node, we attempt to color the graph using two colors. If we encounter a situation where two adjacent nodes have the same color, the graph is not bipartite.

### Breadth-First Search (BFS):
BFS is a traversal algorithm that explores nodes level by level. It uses a queue to keep track of nodes to visit next. By assigning colors alternately during BFS, we can determine if the graph is bipartite.

### Counting Edges in Bipartite Components:
If the graph is confirmed to be bipartite, we divide the nodes into two sets based on their color. We then count the number of edges within each set. The total number of dominoes that can be placed is the minimum of the counts from both sets.

## Example Problems:

### Problem 1: [LeetCode - 785. Is Graph Bipartite?]
**Problem Description:** Given a graph, return true if and only if it is bipartite.
**Solution Explanation:** Use BFS to attempt to color the graph. If any conflict arises, return false.
```python
from collections import deque

def isBipartite(graph):
    n = len(graph)
    color = [-1] * n
    for i in range(n):
        if color[i] == -1:
            color[i] = 0
            q = deque([i])
            while q:
                u = q.popleft()
                c = color[u]
                for v in graph[u]:
                    if color[v] == -1:
                        color[v] = 1 - c
                        q.append(v)
                    elif color[v] == c:
                        return False
    return True
```

### Problem 2: [Codeforces - 913D. Dominoes on Tree]
**Problem Description:** Given a tree, place dominos on the edges such that no two adjacent edges share the same color. Find the maximum number of dominos.
**Solution Explanation:** Perform DFS to ensure that the tree is bipartite. Count edges in each component and take the minimum.
```python
def dfs(node, parent, graph, color):
    global max_edges
    col[node] = 1 - col[parent]
    for child in graph[node]:
        if child != parent:
            dfs(child, node, graph, col)
            max_edges += 1

def solve(n, edges):
    global max_edges
    graph = [[] for _ in range(n)]
    for a, b in edges:
        graph[a-1].append(b-1)
        graph[b-1].append(a-1)
    
    col = [-1] * n
    dfs(0, -1, graph, col)
    return max_edges // 2
```

### Problem 3: [UVA - 10160. Network of Schools]
**Problem Description:** Given a network of schools, connect them using bridges such that each school is connected to at least one other school. Find the maximum number of bridges needed.
**Solution Explanation:** Perform DFS to identify connected components and count them. Subtract one from the total number of components to get the number of bridges.
```python
def dfs(node, parent, graph, visited):
    visited[node] = True
    for neighbor in graph[node]:
        if not visited[neighbor]:
            dfs(neighbor, node, graph, visited)

def solve(n, edges):
    graph = [[] for _ in range(n)]
    for a, b in edges:
        graph[a-1].append(b-1)
        graph[b-1].append(a-1)
    
    visited = [False] * n
    components = 0
    for i in range(n):
        if not visited[i]:
            dfs(i, -1, graph, visited)
            components += 1
    
    return components - 1
```

## Python3 Code to Solve the Original Problem:

### Solution Explanation:
1. Parse the input to get the number of vertices (`n`) and edges (`m`).
2. Build the adjacency list representation of the graph.
3. Use BFS to check if the graph is bipartite and color the graph accordingly.
4. Count the number of edges in each component.
5. Output the minimum of the counts from both components.

### Python3 Code:
```python
import sys
input = sys.stdin.read
data = input().split()

def bfs_check_and_count(n, edges):
    graph = [[] for _ in range(n)]
    for i in range(m):
        u = int(data[2*i + 2]) - 1
        v = int(data[2*i + 3]) - 1
        graph[u].append(v)
        graph[v].append(u)
    
    color = [-1] * n
    components = []
    for i in range(n):
        if color[i] == -1:
            q = [i]
            component_size = 0
            while q:
                node = q.pop()
                if color[node] == -1:
                    color[node] = 0
                    component_size += 1
                    for neighbor in graph[node]:
                        if color[neighbor] == -1:
                            q.append(neighbor)
            components.append(component_size)
    
    return min(components) if components else 0

if __name__ == "__main__":
    index = 0
    results = []
    while index < len(data):
        n = int(data[index])
        m = int(data[index+1])
        result = bfs_check_and_count(n, data[index+2:index+2*m+2])
        results.append(result)
        index += 2*m + 2
    
    for result in results:
        print(result)
```

This code correctly implements the solution to the given problem by checking if the graph is bipartite and counting the maximum number of dominoes that can be placed on the edges.
completed 12/14, Solved: False, number of success = 0/12, acc = 0.0
Your goal is to write Python3 code to solve competitive programming problems. Given a problem , explain the core concepts in it and provide other relevant problems. Then solve the original problem.

# Problem:
Problem Description:
Melody Pond was stolen from her parents as a newborn baby by Madame Kovarian, to become a weapon of the Silence in their crusade against the Doctor. Madame Kovarian changed Melody's name to River Song, giving her a new identity that allowed her to kill the Eleventh Doctor.Heidi figured out that Madame Kovarian uses a very complicated hashing function in order to change the names of the babies she steals. In order to prevent this from happening to future Doctors, Heidi decided to prepare herself by learning some basic hashing techniques.The first hashing function she designed is as follows.Given two positive integers $$$(x, y)$$$ she defines $$$H(x,y):=x^2+2xy+x+1$$$.Now, Heidi wonders if the function is reversible. That is, given a positive integer $$$r$$$, can you find a pair $$$(x, y)$$$ (of positive integers) such that $$$H(x, y) = r$$$?If multiple such pairs exist, output the one with smallest possible $$$x$$$. If there is no such pair, output "NO".
Input Specification:
The first and only line contains an integer $$$r$$$ ($$$1 \le r \le 10^{12}$$$).
Output Specification:
Output integers $$$x, y$$$ such that $$$H(x,y) = r$$$ and $$$x$$$ is smallest possible, or "NO" if no such pair exists.
Sample Inputs: ['19', '16']
Sample Outputs: ['1 8', 'NO']
Note: None
Take input from: standard input
Give output to: standard output
Time Limit: 1 second
Memory Limit: 256 megabytes

Note: If you are writing a function then after the function definition take input from using `input()` function, call the function with specified parameters and finally print the output of the function.

# Instruction: (Your response must include the following points sequentially)

## Algorithms:
Identify the core concepts or algorithms used to solve the problem.

## Tutorial:
Write a useful tutorial about these algorithms.

## Example Problems: 
Provide three examples of relevant competitive programming problems that involve these algorithms. For each problem , describe the problem , explain the solution in detail , and then write the correct Python3 code.

## Python3 code to solve the original problem: 
Include the following points in your response: 
- Explanation of the solution: 
- Python3 code to solve the problem (inside ```  ``` block):
### Core Concepts & Algorithms

**Concepts:**
1. **Quadratic Equation Solving:** The given hash function \( H(x, y) = x^2 + 2xy + x + 1 \) is quadratic in terms of \( x \). To check for reversibility, we need to solve this equation for \( x \) given \( r \).
   
2. **Integer Arithmetic and Constraints:** We need to handle large integers within the range \( 1 \leq r \leq 10^{12} \).

### Tutorial: Quadratic Equation Solving

To solve a quadratic equation \( ax^2 + bx + c = 0 \), the solutions are given by the quadratic formula:

\[ x = \frac{-b \pm \sqrt{b^2 - 4ac}}{2a} \]

For our specific function \( H(x, y) = x^2 + 2xy + x + 1 \):

- \( a = 1 \)
- \( b = 2y + 1 \)
- \( c = 1 \)

Substituting these values into the quadratic formula gives us:

\[ x = \frac{-(2y + 1) \pm \sqrt{(2y + 1)^2 - 4 \cdot 1 \cdot 1}}{2 \cdot 1} \]
\[ x = \frac{-(2y + 1) \pm \sqrt{4y^2 + 4y + 1 - 4}}{2} \]
\[ x = \frac{-(2y + 1) \pm \sqrt{4y^2 + 4y - 3}}{2} \]

### Example Problems

#### Problem 1: [UVA 11270 - Prime Land](https://onlinejudge.org/index.php?option=com_onlinejudge&Itemid=8&page=show_problem&problem=2214)
- **Description:** Determine if a number is prime.
- **Solution:** Check divisibility up to the square root of the number.

#### Problem 2: [LeetCode 167 - Two Sum II - Input array is sorted](https://leetcode.com/problems/two-sum-ii-input-array-is-sorted/)
- **Description:** Find indices of two numbers in a sorted array that add up to a target value.
- **Solution:** Use two pointers approach.

#### Problem 3: [Codeforces 1202B - Choosing Teams](https://codeforces.com/contest/1202/problem/B)
- **Description:** Choose teams based on certain conditions.
- **Solution:** Iterate through the list and apply constraints.

### Python3 Code to Solve the Original Problem

#### Explanation:
1. **Parse Input:** Read the integer \( r \) from standard input.
2. **Iterate Over Possible Values of \( y \):** Since \( y \) is a positive integer, start from \( y = 1 \) and go upwards.
3. **Calculate Discriminant:** Compute the discriminant \( D = (2y + 1)^2 - 4 \times 1 \times 1 \).
4. **Check for Perfect Square:** Ensure \( D \) is a perfect square. If not, continue to next \( y \).
5. **Compute \( x \):** If \( D \) is a perfect square, compute \( x \) using the quadratic formula.
6. **Check Validity:** Ensure \( x \) is a positive integer. If valid, print \( x \) and \( y \). If no valid pair found after iterating through all possible \( y \), print "NO".

```python
import math

def find_xy(r):
    # Start checking from y = 1
    y = 1
    while True:
        # Calculate the discriminant
        D = (2 * y + 1)**2 - 4
        
        # Check if D is non-negative
        if D < 0:
            break
        
        # Check if D is a perfect square
        sqrt_D = int(math.sqrt(D))
        if sqrt_D * sqrt_D != D:
            y += 1
            continue
        
        # Calculate x using the quadratic formula
        x1 = (- (2 * y + 1) + sqrt_D) // 2
        x2 = (- (2 * y + 1) - sqrt_D) // 2
        
        # Check if x1 is a positive integer
        if x1 > 0 and (x1 * x1 + 2 * x1 * y + x1 + 1 == r):
            return f"{x1} {y}"
        
        # Check if x2 is a positive integer
        if x2 > 0 and (x2 * x2 + 2 * x2 * y + x2 + 1 == r):
            return f"{x2} {y}"
        
        y += 1
    
    return "NO"

# Read input
r = int(input().strip())

# Output result
print(find_xy(r))
```

This solution iterates over possible values of \( y \) and checks if the corresponding \( x \) is a positive integer that satisfies the given hash function. It ensures that the smallest possible \( x \) is found by checking both potential roots of the quadratic equation.
completed 13/14, Solved: False, number of success = 0/13, acc = 0.0
An error occurred: 'gbk' codec can't encode character '\u2009' in position 1327: illegal multibyte sequence
#########################
Running end QwenCoderTurbo-Analogical-XCode-Python3-0.0-1, Time: 2025-11-11 20:45:15.266813
##########################

