#########################
Running start QwenCoderTurbo-Analogical-XCode-Python3-0.0-1, Time: 2025-11-11 20:40:46.634654
##########################

An error occurred: 'gbk' codec can't encode character '\xa0' in position 701: illegal multibyte sequence
An error occurred: 'gbk' codec can't encode character '\xa0' in position 438: illegal multibyte sequence
An error occurred: 'gbk' codec can't encode character '\u2009' in position 473: illegal multibyte sequence
An error occurred: 'gbk' codec can't encode character '\u2009' in position 675: illegal multibyte sequence
An error occurred: 'gbk' codec can't encode character '\u2009' in position 1337: illegal multibyte sequence
An error occurred: 'gbk' codec can't encode character '\xa0' in position 375: illegal multibyte sequence
An error occurred: 'gbk' codec can't encode character '\u2009' in position 364: illegal multibyte sequence
An error occurred: 'gbk' codec can't encode character '\u2009' in position 1534: illegal multibyte sequence
An error occurred: 'gbk' codec can't encode character '\u2009' in position 610: illegal multibyte sequence
An error occurred: 'gbk' codec can't encode character '\u2009' in position 2106: illegal multibyte sequence
An error occurred: 'gbk' codec can't encode character '\u2009' in position 939: illegal multibyte sequence
An error occurred: 'gbk' codec can't encode character '\u2009' in position 526: illegal multibyte sequence
An error occurred: 'gbk' codec can't encode character '\u2009' in position 400: illegal multibyte sequence
An error occurred: 'gbk' codec can't encode character '\u2009' in position 1471: illegal multibyte sequence
#########################
Running end QwenCoderTurbo-Analogical-XCode-Python3-0.0-1, Time: 2025-11-11 20:40:47.481525
##########################

