#########################
Running start QwenCoderTurbo-Analogical-XCode-Python3-0.0-1, Time: 2025-11-11 20:40:46.650018
##########################

An error occurred: 'gbk' codec can't encode character '\u2009' in position 1500: illegal multibyte sequence
An error occurred: 'gbk' codec can't encode character '\u2009' in position 693: illegal multibyte sequence
An error occurred: 'gbk' codec can't encode character '\u2009' in position 629: illegal multibyte sequence
An error occurred: 'gbk' codec can't encode character '\u2009' in position 1221: illegal multibyte sequence
An error occurred: 'gbk' codec can't encode character '\u2009' in position 1063: illegal multibyte sequence
An error occurred: 'gbk' codec can't encode character '\u2009' in position 291: illegal multibyte sequence
An error occurred: 'gbk' codec can't encode character '\u2009' in position 728: illegal multibyte sequence
An error occurred: 'gbk' codec can't encode character '\u2009' in position 901: illegal multibyte sequence
An error occurred: 'gbk' codec can't encode character '\u2009' in position 651: illegal multibyte sequence
An error occurred: 'gbk' codec can't encode character '\u2009' in position 1497: illegal multibyte sequence
An error occurred: 'gbk' codec can't encode character '\u2009' in position 745: illegal multibyte sequence
An error occurred: 'gbk' codec can't encode character '\u2009' in position 1100: illegal multibyte sequence
An error occurred: 'gbk' codec can't encode character '\xa0' in position 426: illegal multibyte sequence
An error occurred: 'gbk' codec can't encode character '\u2009' in position 435: illegal multibyte sequence
#########################
Running end QwenCoderTurbo-Analogical-XCode-Python3-0.0-1, Time: 2025-11-11 20:40:47.502900
##########################

