#########################
Running start QwenCoderTurbo-Analogical-XCode-Python3-0.0-1, Time: 2025-11-11 20:40:46.642819
##########################

An error occurred: 'gbk' codec can't encode character '\xab' in position 608: illegal multibyte sequence
An error occurred: 'gbk' codec can't encode character '\u2009' in position 987: illegal multibyte sequence
An error occurred: 'gbk' codec can't encode character '\u2009' in position 357: illegal multibyte sequence
An error occurred: 'gbk' codec can't encode character '\u2009' in position 369: illegal multibyte sequence
An error occurred: 'gbk' codec can't encode character '\u2009' in position 626: illegal multibyte sequence
An error occurred: 'gbk' codec can't encode character '\u2009' in position 626: illegal multibyte sequence
An error occurred: 'gbk' codec can't encode character '\u2009' in position 1303: illegal multibyte sequence
An error occurred: 'gbk' codec can't encode character '\u2009' in position 762: illegal multibyte sequence
An error occurred: 'gbk' codec can't encode character '\u2009' in position 996: illegal multibyte sequence
An error occurred: 'gbk' codec can't encode character '\u2009' in position 543: illegal multibyte sequence
An error occurred: 'gbk' codec can't encode character '\u2009' in position 315: illegal multibyte sequence
An error occurred: 'gbk' codec can't encode character '\u2009' in position 647: illegal multibyte sequence
An error occurred: 'gbk' codec can't encode character '\u2009' in position 384: illegal multibyte sequence
An error occurred: 'gbk' codec can't encode character '\u010d' in position 527: illegal multibyte sequence
#########################
Running end QwenCoderTurbo-Analogical-XCode-Python3-0.0-1, Time: 2025-11-11 20:40:47.497427
##########################

